[0.706s] Invoking command in '/home/amy/burger_ws1/src/sanitizer_burger_controller': AMENT_PREFIX_PATH=/home/amy/burger_ws1/install/velocity_controller_pkg:/home/amy/burger_ws1/install/sanitizer_burger_controller:/home/amy/burger_ws1/install/turtlebot3:/home/amy/burger_ws1/install/turtlebot3_teleop:/home/amy/burger_ws1/install/turtlebot3_simulations:/home/amy/burger_ws1/install/turtlebot3_bringup:/home/amy/burger_ws1/install/turtlebot3_node:/home/amy/burger_ws1/install/turtlebot3_navigation2:/home/amy/burger_ws1/install/turtlebot3_gazebo:/home/amy/burger_ws1/install/turtlebot3_fake_node:/home/amy/burger_ws1/install/turtlebot3_example:/home/amy/burger_ws1/install/turtlebot3_description:/home/amy/burger_ws1/install/turtlebot3_cartographer:/home/amy/burger_ws1/install/map_maker_bringup:/home/amy/burger_ws1/install/map_maker:/opt/ros/humble PYTHONPATH=/home/amy/burger_ws1/build/sanitizer_burger_controller/prefix_override:/usr/lib/python3/dist-packages/colcon_core/task/python/colcon_distutils_commands:/home/amy/burger_ws1/install/sanitizer_burger_controller/lib/python3.10/site-packages:/home/amy/burger_ws1/install/velocity_controller_pkg/lib/python3.10/site-packages:/home/amy/burger_ws1/install/sanitizer_burger_controller/lib/python3.10/site-packages:/home/amy/burger_ws1/install/turtlebot3_teleop/lib/python3.10/site-packages:/home/amy/burger_ws1/install/turtlebot3_example/lib/python3.10/site-packages:/home/amy/burger_ws1/install/map_maker/lib/python3.10/site-packages:/opt/ros/humble/lib/python3.10/site-packages:/opt/ros/humble/local/lib/python3.10/dist-packages /usr/bin/python3 -W ignore:setup.py install is deprecated -W ignore:easy_install command is deprecated setup.py egg_info --egg-base ../../build/sanitizer_burger_controller build --build-base /home/amy/burger_ws1/build/sanitizer_burger_controller/build install --record /home/amy/burger_ws1/build/sanitizer_burger_controller/install.log --single-version-externally-managed install_data
[1.113s] running egg_info
[1.114s] creating ../../build/sanitizer_burger_controller/sanitizer_burger_controller.egg-info
[1.118s] writing ../../build/sanitizer_burger_controller/sanitizer_burger_controller.egg-info/PKG-INFO
[1.118s] writing dependency_links to ../../build/sanitizer_burger_controller/sanitizer_burger_controller.egg-info/dependency_links.txt
[1.118s] writing entry points to ../../build/sanitizer_burger_controller/sanitizer_burger_controller.egg-info/entry_points.txt
[1.118s] writing requirements to ../../build/sanitizer_burger_controller/sanitizer_burger_controller.egg-info/requires.txt
[1.118s] writing top-level names to ../../build/sanitizer_burger_controller/sanitizer_burger_controller.egg-info/top_level.txt
[1.118s] writing manifest file '../../build/sanitizer_burger_controller/sanitizer_burger_controller.egg-info/SOURCES.txt'
[1.118s] reading manifest file '../../build/sanitizer_burger_controller/sanitizer_burger_controller.egg-info/SOURCES.txt'
[1.118s] writing manifest file '../../build/sanitizer_burger_controller/sanitizer_burger_controller.egg-info/SOURCES.txt'
[1.118s] running build
[1.118s] running build_py
[1.119s] creating /home/amy/burger_ws1/build/sanitizer_burger_controller/build
[1.119s] creating /home/amy/burger_ws1/build/sanitizer_burger_controller/build/lib
[1.119s] creating /home/amy/burger_ws1/build/sanitizer_burger_controller/build/lib/sanitizer_burger_controller
[1.119s] copying sanitizer_burger_controller/__init__.py -> /home/amy/burger_ws1/build/sanitizer_burger_controller/build/lib/sanitizer_burger_controller
[1.119s] copying sanitizer_burger_controller/uv_sanitization_node.py -> /home/amy/burger_ws1/build/sanitizer_burger_controller/build/lib/sanitizer_burger_controller
[1.120s] copying sanitizer_burger_controller/exploration_node.py -> /home/amy/burger_ws1/build/sanitizer_burger_controller/build/lib/sanitizer_burger_controller
[1.123s] copying sanitizer_burger_controller/basic_navigator_node.py -> /home/amy/burger_ws1/build/sanitizer_burger_controller/build/lib/sanitizer_burger_controller
[1.141s] copying sanitizer_burger_controller/basic_sanitizer_navigator_node.py -> /home/amy/burger_ws1/build/sanitizer_burger_controller/build/lib/sanitizer_burger_controller
[1.149s] running install
[1.150s] running install_lib
[1.150s] creating /home/amy/burger_ws1/install/sanitizer_burger_controller/lib/python3.10/site-packages/sanitizer_burger_controller
[1.150s] copying /home/amy/burger_ws1/build/sanitizer_burger_controller/build/lib/sanitizer_burger_controller/__init__.py -> /home/amy/burger_ws1/install/sanitizer_burger_controller/lib/python3.10/site-packages/sanitizer_burger_controller
[1.150s] copying /home/amy/burger_ws1/build/sanitizer_burger_controller/build/lib/sanitizer_burger_controller/uv_sanitization_node.py -> /home/amy/burger_ws1/install/sanitizer_burger_controller/lib/python3.10/site-packages/sanitizer_burger_controller
[1.150s] copying /home/amy/burger_ws1/build/sanitizer_burger_controller/build/lib/sanitizer_burger_controller/exploration_node.py -> /home/amy/burger_ws1/install/sanitizer_burger_controller/lib/python3.10/site-packages/sanitizer_burger_controller
[1.150s] copying /home/amy/burger_ws1/build/sanitizer_burger_controller/build/lib/sanitizer_burger_controller/basic_navigator_node.py -> /home/amy/burger_ws1/install/sanitizer_burger_controller/lib/python3.10/site-packages/sanitizer_burger_controller
[1.150s] copying /home/amy/burger_ws1/build/sanitizer_burger_controller/build/lib/sanitizer_burger_controller/basic_sanitizer_navigator_node.py -> /home/amy/burger_ws1/install/sanitizer_burger_controller/lib/python3.10/site-packages/sanitizer_burger_controller
[1.150s] byte-compiling /home/amy/burger_ws1/install/sanitizer_burger_controller/lib/python3.10/site-packages/sanitizer_burger_controller/__init__.py to __init__.cpython-310.pyc
[1.150s] byte-compiling /home/amy/burger_ws1/install/sanitizer_burger_controller/lib/python3.10/site-packages/sanitizer_burger_controller/uv_sanitization_node.py to uv_sanitization_node.cpython-310.pyc
[1.150s] byte-compiling /home/amy/burger_ws1/install/sanitizer_burger_controller/lib/python3.10/site-packages/sanitizer_burger_controller/exploration_node.py to exploration_node.cpython-310.pyc
[1.152s] byte-compiling /home/amy/burger_ws1/install/sanitizer_burger_controller/lib/python3.10/site-packages/sanitizer_burger_controller/basic_navigator_node.py to basic_navigator_node.cpython-310.pyc
[1.154s] byte-compiling /home/amy/burger_ws1/install/sanitizer_burger_controller/lib/python3.10/site-packages/sanitizer_burger_controller/basic_sanitizer_navigator_node.py to basic_sanitizer_navigator_node.cpython-310.pyc
[1.174s] running install_data
[1.174s] creating /home/amy/burger_ws1/install/sanitizer_burger_controller/share/ament_index
[1.174s] creating /home/amy/burger_ws1/install/sanitizer_burger_controller/share/ament_index/resource_index
[1.174s] creating /home/amy/burger_ws1/install/sanitizer_burger_controller/share/ament_index/resource_index/packages
[1.174s] copying resource/sanitizer_burger_controller -> /home/amy/burger_ws1/install/sanitizer_burger_controller/share/ament_index/resource_index/packages
[1.174s] copying package.xml -> /home/amy/burger_ws1/install/sanitizer_burger_controller/share/sanitizer_burger_controller
[1.174s] running install_egg_info
[1.177s] Copying ../../build/sanitizer_burger_controller/sanitizer_burger_controller.egg-info to /home/amy/burger_ws1/install/sanitizer_burger_controller/lib/python3.10/site-packages/sanitizer_burger_controller-0.0.0-py3.10.egg-info
[1.178s] running install_scripts
[1.238s] Installing basic_navigator_node script to /home/amy/burger_ws1/install/sanitizer_burger_controller/lib/sanitizer_burger_controller
[1.238s] Installing basic_sanitizer_navigator_node script to /home/amy/burger_ws1/install/sanitizer_burger_controller/lib/sanitizer_burger_controller
[1.238s] Installing exploration_node script to /home/amy/burger_ws1/install/sanitizer_burger_controller/lib/sanitizer_burger_controller
[1.238s] Installing uv_sanitization_nod script to /home/amy/burger_ws1/install/sanitizer_burger_controller/lib/sanitizer_burger_controller
[1.239s] writing list of installed files to '/home/amy/burger_ws1/build/sanitizer_burger_controller/install.log'
[1.287s] Invoked command in '/home/amy/burger_ws1/src/sanitizer_burger_controller' returned '0': AMENT_PREFIX_PATH=/home/amy/burger_ws1/install/velocity_controller_pkg:/home/amy/burger_ws1/install/sanitizer_burger_controller:/home/amy/burger_ws1/install/turtlebot3:/home/amy/burger_ws1/install/turtlebot3_teleop:/home/amy/burger_ws1/install/turtlebot3_simulations:/home/amy/burger_ws1/install/turtlebot3_bringup:/home/amy/burger_ws1/install/turtlebot3_node:/home/amy/burger_ws1/install/turtlebot3_navigation2:/home/amy/burger_ws1/install/turtlebot3_gazebo:/home/amy/burger_ws1/install/turtlebot3_fake_node:/home/amy/burger_ws1/install/turtlebot3_example:/home/amy/burger_ws1/install/turtlebot3_description:/home/amy/burger_ws1/install/turtlebot3_cartographer:/home/amy/burger_ws1/install/map_maker_bringup:/home/amy/burger_ws1/install/map_maker:/opt/ros/humble PYTHONPATH=/home/amy/burger_ws1/build/sanitizer_burger_controller/prefix_override:/usr/lib/python3/dist-packages/colcon_core/task/python/colcon_distutils_commands:/home/amy/burger_ws1/install/sanitizer_burger_controller/lib/python3.10/site-packages:/home/amy/burger_ws1/install/velocity_controller_pkg/lib/python3.10/site-packages:/home/amy/burger_ws1/install/sanitizer_burger_controller/lib/python3.10/site-packages:/home/amy/burger_ws1/install/turtlebot3_teleop/lib/python3.10/site-packages:/home/amy/burger_ws1/install/turtlebot3_example/lib/python3.10/site-packages:/home/amy/burger_ws1/install/map_maker/lib/python3.10/site-packages:/opt/ros/humble/lib/python3.10/site-packages:/opt/ros/humble/local/lib/python3.10/dist-packages /usr/bin/python3 -W ignore:setup.py install is deprecated -W ignore:easy_install command is deprecated setup.py egg_info --egg-base ../../build/sanitizer_burger_controller build --build-base /home/amy/burger_ws1/build/sanitizer_burger_controller/build install --record /home/amy/burger_ws1/build/sanitizer_burger_controller/install.log --single-version-externally-managed install_data
