[3.873s] Invoking command in '/home/amy/burger_ws1/src/map_maker': PYTHONPATH=/home/amy/burger_ws1/build/map_maker/prefix_override:/usr/lib/python3/dist-packages/colcon_core/task/python/colcon_distutils_commands:/home/amy/burger_ws1/install/map_maker/lib/python3.10/site-packages:${PYTHONPATH} /usr/bin/python3 -W ignore:setup.py install is deprecated -W ignore:easy_install command is deprecated setup.py egg_info --egg-base ../../build/map_maker build --build-base /home/amy/burger_ws1/build/map_maker/build install --record /home/amy/burger_ws1/build/map_maker/install.log --single-version-externally-managed install_data
[4.985s] running egg_info
[4.990s] writing ../../build/map_maker/map_maker.egg-info/PKG-INFO
[4.990s] writing dependency_links to ../../build/map_maker/map_maker.egg-info/dependency_links.txt
[4.993s] writing entry points to ../../build/map_maker/map_maker.egg-info/entry_points.txt
[4.993s] writing requirements to ../../build/map_maker/map_maker.egg-info/requires.txt
[4.993s] writing top-level names to ../../build/map_maker/map_maker.egg-info/top_level.txt
[4.996s] reading manifest file '../../build/map_maker/map_maker.egg-info/SOURCES.txt'
[5.008s] writing manifest file '../../build/map_maker/map_maker.egg-info/SOURCES.txt'
[5.009s] running build
[5.009s] running build_py
[5.011s] running install
[5.012s] running install_lib
[5.018s] running install_data
[5.019s] running install_egg_info
[5.041s] removing '/home/amy/burger_ws1/install/map_maker/lib/python3.10/site-packages/map_maker-0.0.0-py3.10.egg-info' (and everything under it)
[5.042s] Copying ../../build/map_maker/map_maker.egg-info to /home/amy/burger_ws1/install/map_maker/lib/python3.10/site-packages/map_maker-0.0.0-py3.10.egg-info
[5.047s] running install_scripts
[5.153s] Installing FSM_controller_node script to /home/amy/burger_ws1/install/map_maker/lib/map_maker
[5.154s] Installing frontier_explorer_node script to /home/amy/burger_ws1/install/map_maker/lib/map_maker
[5.154s] Installing path_planning_navigator_node script to /home/amy/burger_ws1/install/map_maker/lib/map_maker
[5.155s] Installing rotation_node script to /home/amy/burger_ws1/install/map_maker/lib/map_maker
[5.157s] writing list of installed files to '/home/amy/burger_ws1/build/map_maker/install.log'
[5.276s] Invoked command in '/home/amy/burger_ws1/src/map_maker' returned '0': PYTHONPATH=/home/amy/burger_ws1/build/map_maker/prefix_override:/usr/lib/python3/dist-packages/colcon_core/task/python/colcon_distutils_commands:/home/amy/burger_ws1/install/map_maker/lib/python3.10/site-packages:${PYTHONPATH} /usr/bin/python3 -W ignore:setup.py install is deprecated -W ignore:easy_install command is deprecated setup.py egg_info --egg-base ../../build/map_maker build --build-base /home/amy/burger_ws1/build/map_maker/build install --record /home/amy/burger_ws1/build/map_maker/install.log --single-version-externally-managed install_data
