[0.916s] DEBUG:colcon:Command line arguments: ['/usr/bin/colcon', 'build']
[0.917s] DEBUG:colcon:Parsed command line arguments: Namespace(log_base=None, log_level=None, verb_name='build', build_base='build', install_base='install', merge_install=False, symlink_install=False, test_result_base=None, continue_on_error=False, executor='parallel', parallel_workers=8, event_handlers=None, ignore_user_meta=False, metas=['./colcon.meta'], base_paths=['.'], packages_ignore=None, packages_ignore_regex=None, paths=None, packages_up_to=None, packages_up_to_regex=None, packages_above=None, packages_above_and_dependencies=None, packages_above_depth=None, packages_select_by_dep=None, packages_skip_by_dep=None, packages_skip_up_to=None, packages_select_build_failed=False, packages_skip_build_finished=False, packages_select_test_failures=False, packages_skip_test_passed=False, packages_select=None, packages_skip=None, packages_select_regex=None, packages_skip_regex=None, packages_start=None, packages_end=None, allow_overriding=[], cmake_args=None, cmake_target=None, cmake_target_skip_unavailable=False, cmake_clean_cache=False, cmake_clean_first=False, cmake_force_configure=False, ament_cmake_args=None, catkin_cmake_args=None, catkin_skip_building_tests=False, verb_parser=<colcon_defaults.argument_parser.defaults.DefaultArgumentsDecorator object at 0x7fb445a057e0>, verb_extension=<colcon_core.verb.build.BuildVerb object at 0x7fb445b5abc0>, main=<bound method BuildVerb.main of <colcon_core.verb.build.BuildVerb object at 0x7fb445b5abc0>>)
[1.915s] Level 1:colcon.colcon_core.package_discovery:discover_packages(colcon_meta) check parameters
[1.916s] Level 1:colcon.colcon_core.package_discovery:discover_packages(recursive) check parameters
[1.916s] Level 1:colcon.colcon_core.package_discovery:discover_packages(ignore) check parameters
[1.916s] Level 1:colcon.colcon_core.package_discovery:discover_packages(path) check parameters
[1.916s] Level 1:colcon.colcon_core.package_discovery:discover_packages(colcon_meta) discover
[1.916s] Level 1:colcon.colcon_core.package_discovery:discover_packages(recursive) discover
[1.916s] INFO:colcon.colcon_core.package_discovery:Crawling recursively for packages in '/home/amy/burger_ws1'
[1.916s] Level 1:colcon.colcon_core.package_identification:_identify(.) by extensions ['ignore', 'ignore_ament_install']
[1.917s] Level 1:colcon.colcon_core.package_identification:_identify(.) by extension 'ignore'
[1.917s] Level 1:colcon.colcon_core.package_identification:_identify(.) by extension 'ignore_ament_install'
[1.917s] Level 1:colcon.colcon_core.package_identification:_identify(.) by extensions ['colcon_pkg']
[1.917s] Level 1:colcon.colcon_core.package_identification:_identify(.) by extension 'colcon_pkg'
[1.917s] Level 1:colcon.colcon_core.package_identification:_identify(.) by extensions ['colcon_meta']
[1.917s] Level 1:colcon.colcon_core.package_identification:_identify(.) by extension 'colcon_meta'
[1.917s] Level 1:colcon.colcon_core.package_identification:_identify(.) by extensions ['ros']
[1.917s] Level 1:colcon.colcon_core.package_identification:_identify(.) by extension 'ros'
[2.013s] Level 1:colcon.colcon_core.package_identification:_identify(.) by extensions ['cmake', 'python']
[2.013s] Level 1:colcon.colcon_core.package_identification:_identify(.) by extension 'cmake'
[2.013s] Level 1:colcon.colcon_core.package_identification:_identify(.) by extension 'python'
[2.013s] Level 1:colcon.colcon_core.package_identification:_identify(.) by extensions ['python_setup_py']
[2.013s] Level 1:colcon.colcon_core.package_identification:_identify(.) by extension 'python_setup_py'
[2.013s] Level 1:colcon.colcon_core.package_identification:_identify(build) by extensions ['ignore', 'ignore_ament_install']
[2.016s] Level 1:colcon.colcon_core.package_identification:_identify(build) by extension 'ignore'
[2.016s] Level 1:colcon.colcon_core.package_identification:_identify(build) ignored
[2.016s] Level 1:colcon.colcon_core.package_identification:_identify(install) by extensions ['ignore', 'ignore_ament_install']
[2.017s] Level 1:colcon.colcon_core.package_identification:_identify(install) by extension 'ignore'
[2.018s] Level 1:colcon.colcon_core.package_identification:_identify(install) ignored
[2.021s] Level 1:colcon.colcon_core.package_identification:_identify(log) by extensions ['ignore', 'ignore_ament_install']
[2.021s] Level 1:colcon.colcon_core.package_identification:_identify(log) by extension 'ignore'
[2.022s] Level 1:colcon.colcon_core.package_identification:_identify(log) ignored
[2.023s] Level 1:colcon.colcon_core.package_identification:_identify(src) by extensions ['ignore', 'ignore_ament_install']
[2.024s] Level 1:colcon.colcon_core.package_identification:_identify(src) by extension 'ignore'
[2.025s] Level 1:colcon.colcon_core.package_identification:_identify(src) by extension 'ignore_ament_install'
[2.025s] Level 1:colcon.colcon_core.package_identification:_identify(src) by extensions ['colcon_pkg']
[2.025s] Level 1:colcon.colcon_core.package_identification:_identify(src) by extension 'colcon_pkg'
[2.026s] Level 1:colcon.colcon_core.package_identification:_identify(src) by extensions ['colcon_meta']
[2.026s] Level 1:colcon.colcon_core.package_identification:_identify(src) by extension 'colcon_meta'
[2.026s] Level 1:colcon.colcon_core.package_identification:_identify(src) by extensions ['ros']
[2.026s] Level 1:colcon.colcon_core.package_identification:_identify(src) by extension 'ros'
[2.026s] Level 1:colcon.colcon_core.package_identification:_identify(src) by extensions ['cmake', 'python']
[2.026s] Level 1:colcon.colcon_core.package_identification:_identify(src) by extension 'cmake'
[2.026s] Level 1:colcon.colcon_core.package_identification:_identify(src) by extension 'python'
[2.027s] Level 1:colcon.colcon_core.package_identification:_identify(src) by extensions ['python_setup_py']
[2.027s] Level 1:colcon.colcon_core.package_identification:_identify(src) by extension 'python_setup_py'
[2.027s] Level 1:colcon.colcon_core.package_identification:_identify(src/localization_sanitazation) by extensions ['ignore', 'ignore_ament_install']
[2.028s] Level 1:colcon.colcon_core.package_identification:_identify(src/localization_sanitazation) by extension 'ignore'
[2.028s] Level 1:colcon.colcon_core.package_identification:_identify(src/localization_sanitazation) by extension 'ignore_ament_install'
[2.028s] Level 1:colcon.colcon_core.package_identification:_identify(src/localization_sanitazation) by extensions ['colcon_pkg']
[2.028s] Level 1:colcon.colcon_core.package_identification:_identify(src/localization_sanitazation) by extension 'colcon_pkg'
[2.028s] Level 1:colcon.colcon_core.package_identification:_identify(src/localization_sanitazation) by extensions ['colcon_meta']
[2.028s] Level 1:colcon.colcon_core.package_identification:_identify(src/localization_sanitazation) by extension 'colcon_meta'
[2.029s] Level 1:colcon.colcon_core.package_identification:_identify(src/localization_sanitazation) by extensions ['ros']
[2.029s] Level 1:colcon.colcon_core.package_identification:_identify(src/localization_sanitazation) by extension 'ros'
[2.043s] DEBUG:colcon.colcon_core.package_identification:Package 'src/localization_sanitazation' with type 'ros.ament_python' and name 'localization_sanitazation'
[2.043s] Level 1:colcon.colcon_core.package_identification:_identify(src/map_maker) by extensions ['ignore', 'ignore_ament_install']
[2.044s] Level 1:colcon.colcon_core.package_identification:_identify(src/map_maker) by extension 'ignore'
[2.044s] Level 1:colcon.colcon_core.package_identification:_identify(src/map_maker) by extension 'ignore_ament_install'
[2.044s] Level 1:colcon.colcon_core.package_identification:_identify(src/map_maker) by extensions ['colcon_pkg']
[2.044s] Level 1:colcon.colcon_core.package_identification:_identify(src/map_maker) by extension 'colcon_pkg'
[2.044s] Level 1:colcon.colcon_core.package_identification:_identify(src/map_maker) by extensions ['colcon_meta']
[2.044s] Level 1:colcon.colcon_core.package_identification:_identify(src/map_maker) by extension 'colcon_meta'
[2.044s] Level 1:colcon.colcon_core.package_identification:_identify(src/map_maker) by extensions ['ros']
[2.045s] Level 1:colcon.colcon_core.package_identification:_identify(src/map_maker) by extension 'ros'
[2.063s] DEBUG:colcon.colcon_core.package_identification:Package 'src/map_maker' with type 'ros.ament_python' and name 'map_maker'
[2.063s] Level 1:colcon.colcon_core.package_identification:_identify(src/map_maker_bringup) by extensions ['ignore', 'ignore_ament_install']
[2.065s] Level 1:colcon.colcon_core.package_identification:_identify(src/map_maker_bringup) by extension 'ignore'
[2.065s] Level 1:colcon.colcon_core.package_identification:_identify(src/map_maker_bringup) by extension 'ignore_ament_install'
[2.065s] Level 1:colcon.colcon_core.package_identification:_identify(src/map_maker_bringup) by extensions ['colcon_pkg']
[2.065s] Level 1:colcon.colcon_core.package_identification:_identify(src/map_maker_bringup) by extension 'colcon_pkg'
[2.065s] Level 1:colcon.colcon_core.package_identification:_identify(src/map_maker_bringup) by extensions ['colcon_meta']
[2.065s] Level 1:colcon.colcon_core.package_identification:_identify(src/map_maker_bringup) by extension 'colcon_meta'
[2.065s] Level 1:colcon.colcon_core.package_identification:_identify(src/map_maker_bringup) by extensions ['ros']
[2.065s] Level 1:colcon.colcon_core.package_identification:_identify(src/map_maker_bringup) by extension 'ros'
[2.069s] DEBUG:colcon.colcon_core.package_identification:Package 'src/map_maker_bringup' with type 'ros.ament_cmake' and name 'map_maker_bringup'
[2.069s] Level 1:colcon.colcon_core.package_discovery:discover_packages(recursive) using defaults
[2.069s] Level 1:colcon.colcon_core.package_discovery:discover_packages(ignore) discover
[2.069s] Level 1:colcon.colcon_core.package_discovery:discover_packages(ignore) using defaults
[2.070s] Level 1:colcon.colcon_core.package_discovery:discover_packages(path) discover
[2.070s] Level 1:colcon.colcon_core.package_discovery:discover_packages(path) using defaults
[2.304s] Level 1:colcon.colcon_core.package_discovery:discover_packages(prefix_path) check parameters
[2.304s] Level 1:colcon.colcon_core.package_discovery:discover_packages(prefix_path) discover
[2.318s] DEBUG:colcon.colcon_installed_package_information.package_discovery:Found 15 installed packages in /home/amy/burger_ws1/install
[2.339s] DEBUG:colcon.colcon_installed_package_information.package_discovery:Found 348 installed packages in /opt/ros/humble
[2.345s] Level 1:colcon.colcon_core.package_discovery:discover_packages(prefix_path) using defaults
[2.584s] Level 5:colcon.colcon_core.verb:set package 'localization_sanitazation' build argument 'cmake_args' from command line to 'None'
[2.584s] Level 5:colcon.colcon_core.verb:set package 'localization_sanitazation' build argument 'cmake_target' from command line to 'None'
[2.585s] Level 5:colcon.colcon_core.verb:set package 'localization_sanitazation' build argument 'cmake_target_skip_unavailable' from command line to 'False'
[2.585s] Level 5:colcon.colcon_core.verb:set package 'localization_sanitazation' build argument 'cmake_clean_cache' from command line to 'False'
[2.585s] Level 5:colcon.colcon_core.verb:set package 'localization_sanitazation' build argument 'cmake_clean_first' from command line to 'False'
[2.585s] Level 5:colcon.colcon_core.verb:set package 'localization_sanitazation' build argument 'cmake_force_configure' from command line to 'False'
[2.585s] Level 5:colcon.colcon_core.verb:set package 'localization_sanitazation' build argument 'ament_cmake_args' from command line to 'None'
[2.585s] Level 5:colcon.colcon_core.verb:set package 'localization_sanitazation' build argument 'catkin_cmake_args' from command line to 'None'
[2.585s] Level 5:colcon.colcon_core.verb:set package 'localization_sanitazation' build argument 'catkin_skip_building_tests' from command line to 'False'
[2.585s] DEBUG:colcon.colcon_core.verb:Building package 'localization_sanitazation' with the following arguments: {'ament_cmake_args': None, 'build_base': '/home/amy/burger_ws1/build/localization_sanitazation', 'catkin_cmake_args': None, 'catkin_skip_building_tests': False, 'cmake_args': None, 'cmake_clean_cache': False, 'cmake_clean_first': False, 'cmake_force_configure': False, 'cmake_target': None, 'cmake_target_skip_unavailable': False, 'install_base': '/home/amy/burger_ws1/install/localization_sanitazation', 'merge_install': False, 'path': '/home/amy/burger_ws1/src/localization_sanitazation', 'symlink_install': False, 'test_result_base': None}
[2.587s] Level 5:colcon.colcon_core.verb:set package 'map_maker' build argument 'cmake_args' from command line to 'None'
[2.587s] Level 5:colcon.colcon_core.verb:set package 'map_maker' build argument 'cmake_target' from command line to 'None'
[2.587s] Level 5:colcon.colcon_core.verb:set package 'map_maker' build argument 'cmake_target_skip_unavailable' from command line to 'False'
[2.587s] Level 5:colcon.colcon_core.verb:set package 'map_maker' build argument 'cmake_clean_cache' from command line to 'False'
[2.587s] Level 5:colcon.colcon_core.verb:set package 'map_maker' build argument 'cmake_clean_first' from command line to 'False'
[2.587s] Level 5:colcon.colcon_core.verb:set package 'map_maker' build argument 'cmake_force_configure' from command line to 'False'
[2.587s] Level 5:colcon.colcon_core.verb:set package 'map_maker' build argument 'ament_cmake_args' from command line to 'None'
[2.587s] Level 5:colcon.colcon_core.verb:set package 'map_maker' build argument 'catkin_cmake_args' from command line to 'None'
[2.587s] Level 5:colcon.colcon_core.verb:set package 'map_maker' build argument 'catkin_skip_building_tests' from command line to 'False'
[2.587s] DEBUG:colcon.colcon_core.verb:Building package 'map_maker' with the following arguments: {'ament_cmake_args': None, 'build_base': '/home/amy/burger_ws1/build/map_maker', 'catkin_cmake_args': None, 'catkin_skip_building_tests': False, 'cmake_args': None, 'cmake_clean_cache': False, 'cmake_clean_first': False, 'cmake_force_configure': False, 'cmake_target': None, 'cmake_target_skip_unavailable': False, 'install_base': '/home/amy/burger_ws1/install/map_maker', 'merge_install': False, 'path': '/home/amy/burger_ws1/src/map_maker', 'symlink_install': False, 'test_result_base': None}
[2.588s] Level 5:colcon.colcon_core.verb:set package 'map_maker_bringup' build argument 'cmake_args' from command line to 'None'
[2.589s] Level 5:colcon.colcon_core.verb:set package 'map_maker_bringup' build argument 'cmake_target' from command line to 'None'
[2.589s] Level 5:colcon.colcon_core.verb:set package 'map_maker_bringup' build argument 'cmake_target_skip_unavailable' from command line to 'False'
[2.589s] Level 5:colcon.colcon_core.verb:set package 'map_maker_bringup' build argument 'cmake_clean_cache' from command line to 'False'
[2.589s] Level 5:colcon.colcon_core.verb:set package 'map_maker_bringup' build argument 'cmake_clean_first' from command line to 'False'
[2.589s] Level 5:colcon.colcon_core.verb:set package 'map_maker_bringup' build argument 'cmake_force_configure' from command line to 'False'
[2.589s] Level 5:colcon.colcon_core.verb:set package 'map_maker_bringup' build argument 'ament_cmake_args' from command line to 'None'
[2.589s] Level 5:colcon.colcon_core.verb:set package 'map_maker_bringup' build argument 'catkin_cmake_args' from command line to 'None'
[2.589s] Level 5:colcon.colcon_core.verb:set package 'map_maker_bringup' build argument 'catkin_skip_building_tests' from command line to 'False'
[2.589s] DEBUG:colcon.colcon_core.verb:Building package 'map_maker_bringup' with the following arguments: {'ament_cmake_args': None, 'build_base': '/home/amy/burger_ws1/build/map_maker_bringup', 'catkin_cmake_args': None, 'catkin_skip_building_tests': False, 'cmake_args': None, 'cmake_clean_cache': False, 'cmake_clean_first': False, 'cmake_force_configure': False, 'cmake_target': None, 'cmake_target_skip_unavailable': False, 'install_base': '/home/amy/burger_ws1/install/map_maker_bringup', 'merge_install': False, 'path': '/home/amy/burger_ws1/src/map_maker_bringup', 'symlink_install': False, 'test_result_base': None}
[2.591s] INFO:colcon.colcon_core.executor:Executing jobs using 'parallel' executor
[2.593s] DEBUG:colcon.colcon_parallel_executor.executor.parallel:run_until_complete
[2.594s] INFO:colcon.colcon_ros.task.ament_python.build:Building ROS package in '/home/amy/burger_ws1/src/map_maker' with build type 'ament_python'
[2.594s] Level 1:colcon.colcon_core.shell:create_environment_hook('map_maker', 'ament_prefix_path')
[2.599s] INFO:colcon.colcon_core.plugin_system:Skipping extension 'colcon_core.shell.bat': Not used on non-Windows systems
[2.599s] INFO:colcon.colcon_core.shell:Creating environment hook '/home/amy/burger_ws1/install/map_maker/share/map_maker/hook/ament_prefix_path.ps1'
[2.601s] INFO:colcon.colcon_core.shell:Creating environment descriptor '/home/amy/burger_ws1/install/map_maker/share/map_maker/hook/ament_prefix_path.dsv'
[2.602s] INFO:colcon.colcon_core.shell:Creating environment hook '/home/amy/burger_ws1/install/map_maker/share/map_maker/hook/ament_prefix_path.sh'
[2.607s] INFO:colcon.colcon_core.shell:Skip shell extension 'powershell' for command environment: Not usable outside of PowerShell
[2.607s] DEBUG:colcon.colcon_core.shell:Skip shell extension 'dsv' for command environment
[2.638s] INFO:colcon.colcon_ros.task.ament_python.build:Building ROS package in '/home/amy/burger_ws1/src/localization_sanitazation' with build type 'ament_python'
[2.639s] Level 1:colcon.colcon_core.shell:create_environment_hook('localization_sanitazation', 'ament_prefix_path')
[2.639s] INFO:colcon.colcon_core.shell:Creating environment hook '/home/amy/burger_ws1/install/localization_sanitazation/share/localization_sanitazation/hook/ament_prefix_path.ps1'
[2.640s] INFO:colcon.colcon_core.shell:Creating environment descriptor '/home/amy/burger_ws1/install/localization_sanitazation/share/localization_sanitazation/hook/ament_prefix_path.dsv'
[2.641s] INFO:colcon.colcon_core.shell:Creating environment hook '/home/amy/burger_ws1/install/localization_sanitazation/share/localization_sanitazation/hook/ament_prefix_path.sh'
[2.644s] INFO:colcon.colcon_core.shell:Skip shell extension 'powershell' for command environment: Not usable outside of PowerShell
[2.644s] DEBUG:colcon.colcon_core.shell:Skip shell extension 'dsv' for command environment
[4.139s] INFO:colcon.colcon_core.task.python.build:Building Python package in '/home/amy/burger_ws1/src/map_maker'
[4.140s] INFO:colcon.colcon_core.shell:Skip shell extension 'powershell' for command environment: Not usable outside of PowerShell
[4.140s] DEBUG:colcon.colcon_core.shell:Skip shell extension 'dsv' for command environment
[5.685s] INFO:colcon.colcon_core.task.python.build:Building Python package in '/home/amy/burger_ws1/src/localization_sanitazation'
[5.685s] INFO:colcon.colcon_core.shell:Skip shell extension 'powershell' for command environment: Not usable outside of PowerShell
[5.686s] DEBUG:colcon.colcon_core.shell:Skip shell extension 'dsv' for command environment
[7.664s] DEBUG:colcon.colcon_core.event_handler.log_command:Invoking command in '/home/amy/burger_ws1/src/map_maker': PYTHONPATH=/home/amy/burger_ws1/build/map_maker/prefix_override:/usr/lib/python3/dist-packages/colcon_core/task/python/colcon_distutils_commands:/home/amy/burger_ws1/install/map_maker/lib/python3.10/site-packages:${PYTHONPATH} /usr/bin/python3 -W ignore:setup.py install is deprecated -W ignore:easy_install command is deprecated setup.py egg_info --egg-base ../../build/map_maker build --build-base /home/amy/burger_ws1/build/map_maker/build install --record /home/amy/burger_ws1/build/map_maker/install.log --single-version-externally-managed install_data
[7.879s] DEBUG:colcon.colcon_core.event_handler.log_command:Invoking command in '/home/amy/burger_ws1/src/localization_sanitazation': PYTHONPATH=/home/amy/burger_ws1/build/localization_sanitazation/prefix_override:/usr/lib/python3/dist-packages/colcon_core/task/python/colcon_distutils_commands:/home/amy/burger_ws1/install/localization_sanitazation/lib/python3.10/site-packages:${PYTHONPATH} /usr/bin/python3 -W ignore:setup.py install is deprecated -W ignore:easy_install command is deprecated setup.py egg_info --egg-base ../../build/localization_sanitazation build --build-base /home/amy/burger_ws1/build/localization_sanitazation/build install --record /home/amy/burger_ws1/build/localization_sanitazation/install.log --single-version-externally-managed install_data
[9.361s] DEBUG:colcon.colcon_core.event_handler.log_command:Invoked command in '/home/amy/burger_ws1/src/map_maker' returned '0': PYTHONPATH=/home/amy/burger_ws1/build/map_maker/prefix_override:/usr/lib/python3/dist-packages/colcon_core/task/python/colcon_distutils_commands:/home/amy/burger_ws1/install/map_maker/lib/python3.10/site-packages:${PYTHONPATH} /usr/bin/python3 -W ignore:setup.py install is deprecated -W ignore:easy_install command is deprecated setup.py egg_info --egg-base ../../build/map_maker build --build-base /home/amy/burger_ws1/build/map_maker/build install --record /home/amy/burger_ws1/build/map_maker/install.log --single-version-externally-managed install_data
[9.366s] Level 1:colcon.colcon_core.environment:checking '/home/amy/burger_ws1/install/map_maker' for CMake module files
[9.367s] Level 1:colcon.colcon_core.environment:checking '/home/amy/burger_ws1/install/map_maker' for CMake config files
[9.369s] Level 1:colcon.colcon_core.environment:checking '/home/amy/burger_ws1/install/map_maker/lib'
[9.369s] Level 1:colcon.colcon_core.environment:checking '/home/amy/burger_ws1/install/map_maker/bin'
[9.370s] Level 1:colcon.colcon_core.environment:checking '/home/amy/burger_ws1/install/map_maker/lib/pkgconfig/map_maker.pc'
[9.370s] Level 1:colcon.colcon_core.environment:checking '/home/amy/burger_ws1/install/map_maker/lib/python3.10/site-packages'
[9.370s] Level 1:colcon.colcon_core.shell:create_environment_hook('map_maker', 'pythonpath')
[9.371s] INFO:colcon.colcon_core.shell:Creating environment hook '/home/amy/burger_ws1/install/map_maker/share/map_maker/hook/pythonpath.ps1'
[9.372s] INFO:colcon.colcon_core.shell:Creating environment descriptor '/home/amy/burger_ws1/install/map_maker/share/map_maker/hook/pythonpath.dsv'
[9.373s] INFO:colcon.colcon_core.shell:Creating environment hook '/home/amy/burger_ws1/install/map_maker/share/map_maker/hook/pythonpath.sh'
[9.375s] Level 1:colcon.colcon_core.environment:checking '/home/amy/burger_ws1/install/map_maker/bin'
[9.376s] Level 1:colcon.colcon_core.environment:create_environment_scripts_only(map_maker)
[9.378s] INFO:colcon.colcon_core.shell:Creating package script '/home/amy/burger_ws1/install/map_maker/share/map_maker/package.ps1'
[9.390s] INFO:colcon.colcon_core.shell:Creating package descriptor '/home/amy/burger_ws1/install/map_maker/share/map_maker/package.dsv'
[9.391s] INFO:colcon.colcon_core.shell:Creating package script '/home/amy/burger_ws1/install/map_maker/share/map_maker/package.sh'
[9.393s] INFO:colcon.colcon_core.shell:Creating package script '/home/amy/burger_ws1/install/map_maker/share/map_maker/package.bash'
[9.397s] INFO:colcon.colcon_core.shell:Creating package script '/home/amy/burger_ws1/install/map_maker/share/map_maker/package.zsh'
[9.399s] Level 1:colcon.colcon_core.environment:create_file_with_runtime_dependencies(/home/amy/burger_ws1/install/map_maker/share/colcon-core/packages/map_maker)
[9.402s] INFO:colcon.colcon_ros.task.ament_cmake.build:Building ROS package in '/home/amy/burger_ws1/src/map_maker_bringup' with build type 'ament_cmake'
[9.402s] INFO:colcon.colcon_cmake.task.cmake.build:Building CMake package in '/home/amy/burger_ws1/src/map_maker_bringup'
[9.404s] INFO:colcon.colcon_core.shell:Skip shell extension 'powershell' for command environment: Not usable outside of PowerShell
[9.404s] DEBUG:colcon.colcon_core.shell:Skip shell extension 'dsv' for command environment
[9.631s] Level 1:colcon.colcon_core.environment:checking '/home/amy/burger_ws1/install/localization_sanitazation' for CMake module files
[9.632s] Level 1:colcon.colcon_core.environment:checking '/home/amy/burger_ws1/install/localization_sanitazation' for CMake config files
[9.641s] DEBUG:colcon.colcon_core.event_handler.log_command:Invoked command in '/home/amy/burger_ws1/src/localization_sanitazation' returned '0': PYTHONPATH=/home/amy/burger_ws1/build/localization_sanitazation/prefix_override:/usr/lib/python3/dist-packages/colcon_core/task/python/colcon_distutils_commands:/home/amy/burger_ws1/install/localization_sanitazation/lib/python3.10/site-packages:${PYTHONPATH} /usr/bin/python3 -W ignore:setup.py install is deprecated -W ignore:easy_install command is deprecated setup.py egg_info --egg-base ../../build/localization_sanitazation build --build-base /home/amy/burger_ws1/build/localization_sanitazation/build install --record /home/amy/burger_ws1/build/localization_sanitazation/install.log --single-version-externally-managed install_data
[9.642s] Level 1:colcon.colcon_core.environment:checking '/home/amy/burger_ws1/install/localization_sanitazation/lib'
[9.643s] Level 1:colcon.colcon_core.environment:checking '/home/amy/burger_ws1/install/localization_sanitazation/bin'
[9.643s] Level 1:colcon.colcon_core.environment:checking '/home/amy/burger_ws1/install/localization_sanitazation/lib/pkgconfig/localization_sanitazation.pc'
[9.644s] Level 1:colcon.colcon_core.environment:checking '/home/amy/burger_ws1/install/localization_sanitazation/lib/python3.10/site-packages'
[9.644s] Level 1:colcon.colcon_core.shell:create_environment_hook('localization_sanitazation', 'pythonpath')
[9.646s] INFO:colcon.colcon_core.shell:Creating environment hook '/home/amy/burger_ws1/install/localization_sanitazation/share/localization_sanitazation/hook/pythonpath.ps1'
[9.647s] INFO:colcon.colcon_core.shell:Creating environment descriptor '/home/amy/burger_ws1/install/localization_sanitazation/share/localization_sanitazation/hook/pythonpath.dsv'
[9.650s] INFO:colcon.colcon_core.shell:Creating environment hook '/home/amy/burger_ws1/install/localization_sanitazation/share/localization_sanitazation/hook/pythonpath.sh'
[9.662s] Level 1:colcon.colcon_core.environment:checking '/home/amy/burger_ws1/install/localization_sanitazation/bin'
[9.662s] Level 1:colcon.colcon_core.environment:create_environment_scripts_only(localization_sanitazation)
[9.663s] INFO:colcon.colcon_core.shell:Creating package script '/home/amy/burger_ws1/install/localization_sanitazation/share/localization_sanitazation/package.ps1'
[9.665s] INFO:colcon.colcon_core.shell:Creating package descriptor '/home/amy/burger_ws1/install/localization_sanitazation/share/localization_sanitazation/package.dsv'
[9.666s] INFO:colcon.colcon_core.shell:Creating package script '/home/amy/burger_ws1/install/localization_sanitazation/share/localization_sanitazation/package.sh'
[9.667s] INFO:colcon.colcon_core.shell:Creating package script '/home/amy/burger_ws1/install/localization_sanitazation/share/localization_sanitazation/package.bash'
[9.667s] INFO:colcon.colcon_core.shell:Creating package script '/home/amy/burger_ws1/install/localization_sanitazation/share/localization_sanitazation/package.zsh'
[9.668s] Level 1:colcon.colcon_core.environment:create_file_with_runtime_dependencies(/home/amy/burger_ws1/install/localization_sanitazation/share/colcon-core/packages/localization_sanitazation)
[9.690s] DEBUG:colcon.colcon_core.event_handler.log_command:Invoking command in '/home/amy/burger_ws1/build/map_maker_bringup': AMENT_PREFIX_PATH=/home/amy/burger_ws1/install/map_maker:/home/amy/burger_ws1/install/sanitizer_burger_controller:/home/amy/burger_ws1/install/velocity_controller_pkg:/home/amy/burger_ws1/install/turtlebot3:/home/amy/burger_ws1/install/turtlebot3_teleop:/home/amy/burger_ws1/install/turtlebot3_bringup:/home/amy/burger_ws1/install/turtlebot3_node:/home/amy/burger_ws1/install/turtlebot3_navigation2:/home/amy/burger_ws1/install/turtlebot3_example:/home/amy/burger_ws1/install/turtlebot3_description:/home/amy/burger_ws1/install/turtlebot3_cartographer:/home/amy/burger_ws1/install/sanitization:/home/amy/burger_ws1/install/map_maker_bringup:/home/amy/burger_ws1/install/localization_sanitazation:/home/amy/burger_ws1/install/localization:/opt/ros/humble CMAKE_PREFIX_PATH=${CMAKE_PREFIX_PATH}:/home/amy/burger_ws1/install/sanitizer_burger_controller:/home/amy/burger_ws1/install/velocity_controller_pkg:/home/amy/burger_ws1/install/turtlebot3_teleop:/home/amy/burger_ws1/install/turtlebot3_example:/home/amy/burger_ws1/install/sanitization:/home/amy/burger_ws1/install/map_maker:/home/amy/burger_ws1/install/localization_sanitazation:/home/amy/burger_ws1/install/localization:/opt/ros/humble PYTHONPATH=/home/amy/burger_ws1/install/map_maker/lib/python3.10/site-packages:/home/amy/burger_ws1/install/sanitizer_burger_controller/lib/python3.10/site-packages:/home/amy/burger_ws1/install/velocity_controller_pkg/lib/python3.10/site-packages:/home/amy/burger_ws1/install/turtlebot3_teleop/lib/python3.10/site-packages:/home/amy/burger_ws1/install/turtlebot3_example/lib/python3.10/site-packages:/home/amy/burger_ws1/install/sanitization/lib/python3.10/site-packages:/home/amy/burger_ws1/install/localization_sanitazation/lib/python3.10/site-packages:/home/amy/burger_ws1/install/localization/lib/python3.10/site-packages:/opt/ros/humble/lib/python3.10/site-packages:/opt/ros/humble/local/lib/python3.10/dist-packages /usr/bin/cmake --build /home/amy/burger_ws1/build/map_maker_bringup -- -j8 -l8
[9.879s] DEBUG:colcon.colcon_core.event_handler.log_command:Invoked command in '/home/amy/burger_ws1/build/map_maker_bringup' returned '0': AMENT_PREFIX_PATH=/home/amy/burger_ws1/install/map_maker:/home/amy/burger_ws1/install/sanitizer_burger_controller:/home/amy/burger_ws1/install/velocity_controller_pkg:/home/amy/burger_ws1/install/turtlebot3:/home/amy/burger_ws1/install/turtlebot3_teleop:/home/amy/burger_ws1/install/turtlebot3_bringup:/home/amy/burger_ws1/install/turtlebot3_node:/home/amy/burger_ws1/install/turtlebot3_navigation2:/home/amy/burger_ws1/install/turtlebot3_example:/home/amy/burger_ws1/install/turtlebot3_description:/home/amy/burger_ws1/install/turtlebot3_cartographer:/home/amy/burger_ws1/install/sanitization:/home/amy/burger_ws1/install/map_maker_bringup:/home/amy/burger_ws1/install/localization_sanitazation:/home/amy/burger_ws1/install/localization:/opt/ros/humble CMAKE_PREFIX_PATH=${CMAKE_PREFIX_PATH}:/home/amy/burger_ws1/install/sanitizer_burger_controller:/home/amy/burger_ws1/install/velocity_controller_pkg:/home/amy/burger_ws1/install/turtlebot3_teleop:/home/amy/burger_ws1/install/turtlebot3_example:/home/amy/burger_ws1/install/sanitization:/home/amy/burger_ws1/install/map_maker:/home/amy/burger_ws1/install/localization_sanitazation:/home/amy/burger_ws1/install/localization:/opt/ros/humble PYTHONPATH=/home/amy/burger_ws1/install/map_maker/lib/python3.10/site-packages:/home/amy/burger_ws1/install/sanitizer_burger_controller/lib/python3.10/site-packages:/home/amy/burger_ws1/install/velocity_controller_pkg/lib/python3.10/site-packages:/home/amy/burger_ws1/install/turtlebot3_teleop/lib/python3.10/site-packages:/home/amy/burger_ws1/install/turtlebot3_example/lib/python3.10/site-packages:/home/amy/burger_ws1/install/sanitization/lib/python3.10/site-packages:/home/amy/burger_ws1/install/localization_sanitazation/lib/python3.10/site-packages:/home/amy/burger_ws1/install/localization/lib/python3.10/site-packages:/opt/ros/humble/lib/python3.10/site-packages:/opt/ros/humble/local/lib/python3.10/dist-packages /usr/bin/cmake --build /home/amy/burger_ws1/build/map_maker_bringup -- -j8 -l8
[9.904s] DEBUG:colcon.colcon_core.event_handler.log_command:Invoking command in '/home/amy/burger_ws1/build/map_maker_bringup': AMENT_PREFIX_PATH=/home/amy/burger_ws1/install/map_maker:/home/amy/burger_ws1/install/sanitizer_burger_controller:/home/amy/burger_ws1/install/velocity_controller_pkg:/home/amy/burger_ws1/install/turtlebot3:/home/amy/burger_ws1/install/turtlebot3_teleop:/home/amy/burger_ws1/install/turtlebot3_bringup:/home/amy/burger_ws1/install/turtlebot3_node:/home/amy/burger_ws1/install/turtlebot3_navigation2:/home/amy/burger_ws1/install/turtlebot3_example:/home/amy/burger_ws1/install/turtlebot3_description:/home/amy/burger_ws1/install/turtlebot3_cartographer:/home/amy/burger_ws1/install/sanitization:/home/amy/burger_ws1/install/map_maker_bringup:/home/amy/burger_ws1/install/localization_sanitazation:/home/amy/burger_ws1/install/localization:/opt/ros/humble CMAKE_PREFIX_PATH=${CMAKE_PREFIX_PATH}:/home/amy/burger_ws1/install/sanitizer_burger_controller:/home/amy/burger_ws1/install/velocity_controller_pkg:/home/amy/burger_ws1/install/turtlebot3_teleop:/home/amy/burger_ws1/install/turtlebot3_example:/home/amy/burger_ws1/install/sanitization:/home/amy/burger_ws1/install/map_maker:/home/amy/burger_ws1/install/localization_sanitazation:/home/amy/burger_ws1/install/localization:/opt/ros/humble PYTHONPATH=/home/amy/burger_ws1/install/map_maker/lib/python3.10/site-packages:/home/amy/burger_ws1/install/sanitizer_burger_controller/lib/python3.10/site-packages:/home/amy/burger_ws1/install/velocity_controller_pkg/lib/python3.10/site-packages:/home/amy/burger_ws1/install/turtlebot3_teleop/lib/python3.10/site-packages:/home/amy/burger_ws1/install/turtlebot3_example/lib/python3.10/site-packages:/home/amy/burger_ws1/install/sanitization/lib/python3.10/site-packages:/home/amy/burger_ws1/install/localization_sanitazation/lib/python3.10/site-packages:/home/amy/burger_ws1/install/localization/lib/python3.10/site-packages:/opt/ros/humble/lib/python3.10/site-packages:/opt/ros/humble/local/lib/python3.10/dist-packages /usr/bin/cmake --install /home/amy/burger_ws1/build/map_maker_bringup
[9.964s] Level 1:colcon.colcon_core.environment:create_environment_scripts_only(map_maker_bringup)
[9.965s] Level 1:colcon.colcon_core.environment:checking '/home/amy/burger_ws1/install/map_maker_bringup' for CMake module files
[9.966s] Level 1:colcon.colcon_core.environment:checking '/home/amy/burger_ws1/install/map_maker_bringup' for CMake config files
[9.967s] Level 1:colcon.colcon_core.shell:create_environment_hook('map_maker_bringup', 'cmake_prefix_path')
[9.967s] INFO:colcon.colcon_core.shell:Creating environment hook '/home/amy/burger_ws1/install/map_maker_bringup/share/map_maker_bringup/hook/cmake_prefix_path.ps1'
[9.969s] DEBUG:colcon.colcon_core.event_handler.log_command:Invoked command in '/home/amy/burger_ws1/build/map_maker_bringup' returned '1': AMENT_PREFIX_PATH=/home/amy/burger_ws1/install/map_maker:/home/amy/burger_ws1/install/sanitizer_burger_controller:/home/amy/burger_ws1/install/velocity_controller_pkg:/home/amy/burger_ws1/install/turtlebot3:/home/amy/burger_ws1/install/turtlebot3_teleop:/home/amy/burger_ws1/install/turtlebot3_bringup:/home/amy/burger_ws1/install/turtlebot3_node:/home/amy/burger_ws1/install/turtlebot3_navigation2:/home/amy/burger_ws1/install/turtlebot3_example:/home/amy/burger_ws1/install/turtlebot3_description:/home/amy/burger_ws1/install/turtlebot3_cartographer:/home/amy/burger_ws1/install/sanitization:/home/amy/burger_ws1/install/map_maker_bringup:/home/amy/burger_ws1/install/localization_sanitazation:/home/amy/burger_ws1/install/localization:/opt/ros/humble CMAKE_PREFIX_PATH=${CMAKE_PREFIX_PATH}:/home/amy/burger_ws1/install/sanitizer_burger_controller:/home/amy/burger_ws1/install/velocity_controller_pkg:/home/amy/burger_ws1/install/turtlebot3_teleop:/home/amy/burger_ws1/install/turtlebot3_example:/home/amy/burger_ws1/install/sanitization:/home/amy/burger_ws1/install/map_maker:/home/amy/burger_ws1/install/localization_sanitazation:/home/amy/burger_ws1/install/localization:/opt/ros/humble PYTHONPATH=/home/amy/burger_ws1/install/map_maker/lib/python3.10/site-packages:/home/amy/burger_ws1/install/sanitizer_burger_controller/lib/python3.10/site-packages:/home/amy/burger_ws1/install/velocity_controller_pkg/lib/python3.10/site-packages:/home/amy/burger_ws1/install/turtlebot3_teleop/lib/python3.10/site-packages:/home/amy/burger_ws1/install/turtlebot3_example/lib/python3.10/site-packages:/home/amy/burger_ws1/install/sanitization/lib/python3.10/site-packages:/home/amy/burger_ws1/install/localization_sanitazation/lib/python3.10/site-packages:/home/amy/burger_ws1/install/localization/lib/python3.10/site-packages:/opt/ros/humble/lib/python3.10/site-packages:/opt/ros/humble/local/lib/python3.10/dist-packages /usr/bin/cmake --install /home/amy/burger_ws1/build/map_maker_bringup
[9.970s] INFO:colcon.colcon_core.shell:Creating environment descriptor '/home/amy/burger_ws1/install/map_maker_bringup/share/map_maker_bringup/hook/cmake_prefix_path.dsv'
[9.970s] INFO:colcon.colcon_core.shell:Creating environment hook '/home/amy/burger_ws1/install/map_maker_bringup/share/map_maker_bringup/hook/cmake_prefix_path.sh'
[9.972s] Level 1:colcon.colcon_core.environment:checking '/home/amy/burger_ws1/install/map_maker_bringup/bin'
[9.972s] Level 1:colcon.colcon_core.environment:checking '/home/amy/burger_ws1/install/map_maker_bringup/lib/pkgconfig/map_maker_bringup.pc'
[9.972s] Level 1:colcon.colcon_core.environment:checking '/home/amy/burger_ws1/install/map_maker_bringup/lib/python3.10/site-packages'
[9.973s] Level 1:colcon.colcon_core.environment:checking '/home/amy/burger_ws1/install/map_maker_bringup/bin'
[9.974s] INFO:colcon.colcon_core.shell:Creating package script '/home/amy/burger_ws1/install/map_maker_bringup/share/map_maker_bringup/package.ps1'
[9.975s] INFO:colcon.colcon_core.shell:Creating package descriptor '/home/amy/burger_ws1/install/map_maker_bringup/share/map_maker_bringup/package.dsv'
[9.976s] INFO:colcon.colcon_core.shell:Creating package script '/home/amy/burger_ws1/install/map_maker_bringup/share/map_maker_bringup/package.sh'
[9.977s] INFO:colcon.colcon_core.shell:Creating package script '/home/amy/burger_ws1/install/map_maker_bringup/share/map_maker_bringup/package.bash'
[9.989s] INFO:colcon.colcon_core.shell:Creating package script '/home/amy/burger_ws1/install/map_maker_bringup/share/map_maker_bringup/package.zsh'
[9.996s] Level 1:colcon.colcon_core.environment:create_file_with_runtime_dependencies(/home/amy/burger_ws1/install/map_maker_bringup/share/colcon-core/packages/map_maker_bringup)
[10.001s] DEBUG:colcon.colcon_parallel_executor.executor.parallel:closing loop
[10.008s] DEBUG:colcon.colcon_parallel_executor.executor.parallel:loop closed
[10.008s] DEBUG:colcon.colcon_parallel_executor.executor.parallel:run_until_complete finished with '1'
[10.008s] DEBUG:colcon.colcon_core.event_reactor:joining thread
[10.163s] INFO:colcon.colcon_core.plugin_system:Skipping extension 'colcon_notification.desktop_notification.notify_send': Could not find 'notify-send'
[10.164s] INFO:colcon.colcon_core.plugin_system:Skipping extension 'colcon_notification.desktop_notification.terminal_notifier': Not used on non-Darwin systems
[10.164s] INFO:colcon.colcon_core.plugin_system:Skipping extension 'colcon_notification.desktop_notification.win32': Not used on non-Windows systems
[10.164s] INFO:colcon.colcon_notification.desktop_notification:Sending desktop notification using 'notify2'
[10.167s] DEBUG:colcon.colcon_notification.desktop_notification.notify2:Failed to initialize notify2: org.freedesktop.DBus.Error.ServiceUnknown: The name org.freedesktop.Notifications was not provided by any .service files
[10.168s] DEBUG:colcon.colcon_core.event_reactor:joined thread
[10.168s] INFO:colcon.colcon_core.shell:Creating prefix script '/home/amy/burger_ws1/install/local_setup.ps1'
[10.171s] INFO:colcon.colcon_core.shell:Creating prefix util module '/home/amy/burger_ws1/install/_local_setup_util_ps1.py'
[10.177s] INFO:colcon.colcon_core.shell:Creating prefix chain script '/home/amy/burger_ws1/install/setup.ps1'
[10.183s] INFO:colcon.colcon_core.shell:Creating prefix script '/home/amy/burger_ws1/install/local_setup.sh'
[10.185s] INFO:colcon.colcon_core.shell:Creating prefix util module '/home/amy/burger_ws1/install/_local_setup_util_sh.py'
[10.186s] INFO:colcon.colcon_core.shell:Creating prefix chain script '/home/amy/burger_ws1/install/setup.sh'
[10.191s] INFO:colcon.colcon_core.shell:Creating prefix script '/home/amy/burger_ws1/install/local_setup.bash'
[10.193s] INFO:colcon.colcon_core.shell:Creating prefix chain script '/home/amy/burger_ws1/install/setup.bash'
[10.197s] INFO:colcon.colcon_core.shell:Creating prefix script '/home/amy/burger_ws1/install/local_setup.zsh'
[10.198s] INFO:colcon.colcon_core.shell:Creating prefix chain script '/home/amy/burger_ws1/install/setup.zsh'
