/home/amy/burger_ws1/install/localization_sanitazation/lib/python3.10/site-packages/localization_sanitazation/__init__.py
/home/amy/burger_ws1/install/localization_sanitazation/lib/python3.10/site-packages/localization_sanitazation/navigation_node.py
/home/amy/burger_ws1/install/localization_sanitazation/lib/python3.10/site-packages/localization_sanitazation/FSMcontroller_node.py
/home/amy/burger_ws1/install/localization_sanitazation/lib/python3.10/site-packages/localization_sanitazation/localization_node.py
/home/amy/burger_ws1/install/localization_sanitazation/lib/python3.10/site-packages/localization_sanitazation/sanitization_node.py
/home/amy/burger_ws1/install/localization_sanitazation/lib/python3.10/site-packages/localization_sanitazation/__pycache__/__init__.cpython-310.pyc
/home/amy/burger_ws1/install/localization_sanitazation/lib/python3.10/site-packages/localization_sanitazation/__pycache__/navigation_node.cpython-310.pyc
/home/amy/burger_ws1/install/localization_sanitazation/lib/python3.10/site-packages/localization_sanitazation/__pycache__/FSMcontroller_node.cpython-310.pyc
/home/amy/burger_ws1/install/localization_sanitazation/lib/python3.10/site-packages/localization_sanitazation/__pycache__/localization_node.cpython-310.pyc
/home/amy/burger_ws1/install/localization_sanitazation/lib/python3.10/site-packages/localization_sanitazation/__pycache__/sanitization_node.cpython-310.pyc
/home/amy/burger_ws1/install/localization_sanitazation/share/ament_index/resource_index/packages/localization_sanitazation
/home/amy/burger_ws1/install/localization_sanitazation/share/localization_sanitazation/package.xml
/home/amy/burger_ws1/install/localization_sanitazation/lib/python3.10/site-packages/localization_sanitazation-0.0.0-py3.10.egg-info/PKG-INFO
/home/amy/burger_ws1/install/localization_sanitazation/lib/python3.10/site-packages/localization_sanitazation-0.0.0-py3.10.egg-info/entry_points.txt
/home/amy/burger_ws1/install/localization_sanitazation/lib/python3.10/site-packages/localization_sanitazation-0.0.0-py3.10.egg-info/dependency_links.txt
/home/amy/burger_ws1/install/localization_sanitazation/lib/python3.10/site-packages/localization_sanitazation-0.0.0-py3.10.egg-info/top_level.txt
/home/amy/burger_ws1/install/localization_sanitazation/lib/python3.10/site-packages/localization_sanitazation-0.0.0-py3.10.egg-info/SOURCES.txt
/home/amy/burger_ws1/install/localization_sanitazation/lib/python3.10/site-packages/localization_sanitazation-0.0.0-py3.10.egg-info/requires.txt
/home/amy/burger_ws1/install/localization_sanitazation/lib/python3.10/site-packages/localization_sanitazation-0.0.0-py3.10.egg-info/zip-safe
/home/amy/burger_ws1/install/localization_sanitazation/lib/localization_sanitazation/FSMcontroller_node
/home/amy/burger_ws1/install/localization_sanitazation/lib/localization_sanitazation/localization_node
/home/amy/burger_ws1/install/localization_sanitazation/lib/localization_sanitazation/navigation_node
/home/amy/burger_ws1/install/localization_sanitazation/lib/localization_sanitazation/sanitization_node
