[1.014s] Invoking command in '/home/amy/burger_ws1/src/localization_sanitazation': PYTHONPATH=/home/amy/burger_ws1/build/localization_sanitazation/prefix_override:/usr/lib/python3/dist-packages/colcon_core/task/python/colcon_distutils_commands:/home/amy/burger_ws1/install/localization_sanitazation/lib/python3.10/site-packages:${PYTHONPATH} /usr/bin/python3 -W ignore:setup.py install is deprecated -W ignore:easy_install command is deprecated setup.py egg_info --egg-base ../../build/localization_sanitazation build --build-base /home/amy/burger_ws1/build/localization_sanitazation/build install --record /home/amy/burger_ws1/build/localization_sanitazation/install.log --single-version-externally-managed install_data
[1.189s] running egg_info
[1.189s] writing ../../build/localization_sanitazation/localization_sanitazation.egg-info/PKG-INFO
[1.190s] writing dependency_links to ../../build/localization_sanitazation/localization_sanitazation.egg-info/dependency_links.txt
[1.190s] writing entry points to ../../build/localization_sanitazation/localization_sanitazation.egg-info/entry_points.txt
[1.190s] writing requirements to ../../build/localization_sanitazation/localization_sanitazation.egg-info/requires.txt
[1.190s] writing top-level names to ../../build/localization_sanitazation/localization_sanitazation.egg-info/top_level.txt
[1.192s] reading manifest file '../../build/localization_sanitazation/localization_sanitazation.egg-info/SOURCES.txt'
[1.193s] writing manifest file '../../build/localization_sanitazation/localization_sanitazation.egg-info/SOURCES.txt'
[1.194s] running build
[1.194s] running build_py
[1.194s] copying localization_sanitazation/sanitization_node.py -> /home/amy/burger_ws1/build/localization_sanitazation/build/lib/localization_sanitazation
[1.195s] running install
[1.195s] running install_lib
[1.197s] copying /home/amy/burger_ws1/build/localization_sanitazation/build/lib/localization_sanitazation/sanitization_node.py -> /home/amy/burger_ws1/install/localization_sanitazation/lib/python3.10/site-packages/localization_sanitazation
[1.198s] byte-compiling /home/amy/burger_ws1/install/localization_sanitazation/lib/python3.10/site-packages/localization_sanitazation/sanitization_node.py to sanitization_node.cpython-310.pyc
[1.203s] running install_data
[1.203s] running install_egg_info
[1.205s] removing '/home/amy/burger_ws1/install/localization_sanitazation/lib/python3.10/site-packages/localization_sanitazation-0.0.0-py3.10.egg-info' (and everything under it)
[1.206s] Copying ../../build/localization_sanitazation/localization_sanitazation.egg-info to /home/amy/burger_ws1/install/localization_sanitazation/lib/python3.10/site-packages/localization_sanitazation-0.0.0-py3.10.egg-info
[1.207s] running install_scripts
[1.223s] Installing FSMcontroller_node script to /home/amy/burger_ws1/install/localization_sanitazation/lib/localization_sanitazation
[1.223s] Installing localization_node script to /home/amy/burger_ws1/install/localization_sanitazation/lib/localization_sanitazation
[1.224s] Installing navigation_node script to /home/amy/burger_ws1/install/localization_sanitazation/lib/localization_sanitazation
[1.224s] Installing sanitization_node script to /home/amy/burger_ws1/install/localization_sanitazation/lib/localization_sanitazation
[1.224s] writing list of installed files to '/home/amy/burger_ws1/build/localization_sanitazation/install.log'
[1.282s] Invoked command in '/home/amy/burger_ws1/src/localization_sanitazation' returned '0': PYTHONPATH=/home/amy/burger_ws1/build/localization_sanitazation/prefix_override:/usr/lib/python3/dist-packages/colcon_core/task/python/colcon_distutils_commands:/home/amy/burger_ws1/install/localization_sanitazation/lib/python3.10/site-packages:${PYTHONPATH} /usr/bin/python3 -W ignore:setup.py install is deprecated -W ignore:easy_install command is deprecated setup.py egg_info --egg-base ../../build/localization_sanitazation build --build-base /home/amy/burger_ws1/build/localization_sanitazation/build install --record /home/amy/burger_ws1/build/localization_sanitazation/install.log --single-version-externally-managed install_data
