[5.862s] Invoking command in '/home/amy/burger_ws1/src/map_maker': PYTHONPATH=/home/amy/burger_ws1/build/map_maker/prefix_override:/usr/lib/python3/dist-packages/colcon_core/task/python/colcon_distutils_commands:/home/amy/burger_ws1/install/map_maker/lib/python3.10/site-packages:${PYTHONPATH} /usr/bin/python3 -W ignore:setup.py install is deprecated -W ignore:easy_install command is deprecated setup.py egg_info --egg-base ../../build/map_maker build --build-base /home/amy/burger_ws1/build/map_maker/build install --record /home/amy/burger_ws1/build/map_maker/install.log --single-version-externally-managed install_data
[7.540s] running egg_info
[7.545s] writing ../../build/map_maker/map_maker.egg-info/PKG-INFO
[7.545s] writing dependency_links to ../../build/map_maker/map_maker.egg-info/dependency_links.txt
[7.545s] writing entry points to ../../build/map_maker/map_maker.egg-info/entry_points.txt
[7.546s] writing requirements to ../../build/map_maker/map_maker.egg-info/requires.txt
[7.546s] writing top-level names to ../../build/map_maker/map_maker.egg-info/top_level.txt
[7.555s] reading manifest file '../../build/map_maker/map_maker.egg-info/SOURCES.txt'
[7.559s] writing manifest file '../../build/map_maker/map_maker.egg-info/SOURCES.txt'
[7.559s] running build
[7.563s] running build_py
[7.567s] running install
[7.569s] running install_lib
[7.573s] running install_data
[7.574s] running install_egg_info
[7.586s] removing '/home/amy/burger_ws1/install/map_maker/lib/python3.10/site-packages/map_maker-0.0.0-py3.10.egg-info' (and everything under it)
[7.588s] Copying ../../build/map_maker/map_maker.egg-info to /home/amy/burger_ws1/install/map_maker/lib/python3.10/site-packages/map_maker-0.0.0-py3.10.egg-info
[7.592s] running install_scripts
[7.710s] Installing FSM_controller_node script to /home/amy/burger_ws1/install/map_maker/lib/map_maker
[7.722s] Installing frontier_explorer_node script to /home/amy/burger_ws1/install/map_maker/lib/map_maker
[7.730s] Installing path_planning_navigator_node script to /home/amy/burger_ws1/install/map_maker/lib/map_maker
[7.733s] Installing rotation_node script to /home/amy/burger_ws1/install/map_maker/lib/map_maker
[7.734s] writing list of installed files to '/home/amy/burger_ws1/build/map_maker/install.log'
[7.841s] Invoked command in '/home/amy/burger_ws1/src/map_maker' returned '0': PYTHONPATH=/home/amy/burger_ws1/build/map_maker/prefix_override:/usr/lib/python3/dist-packages/colcon_core/task/python/colcon_distutils_commands:/home/amy/burger_ws1/install/map_maker/lib/python3.10/site-packages:${PYTHONPATH} /usr/bin/python3 -W ignore:setup.py install is deprecated -W ignore:easy_install command is deprecated setup.py egg_info --egg-base ../../build/map_maker build --build-base /home/amy/burger_ws1/build/map_maker/build install --record /home/amy/burger_ws1/build/map_maker/install.log --single-version-externally-managed install_data
