[0.326s] DEBUG:colcon:Command line arguments: ['/usr/bin/colcon', 'build']
[0.326s] DEBUG:colcon:Parsed command line arguments: Namespace(log_base=None, log_level=None, verb_name='build', build_base='build', install_base='install', merge_install=False, symlink_install=False, test_result_base=None, continue_on_error=False, executor='parallel', parallel_workers=8, event_handlers=None, ignore_user_meta=False, metas=['./colcon.meta'], base_paths=['.'], packages_ignore=None, packages_ignore_regex=None, paths=None, packages_up_to=None, packages_up_to_regex=None, packages_above=None, packages_above_and_dependencies=None, packages_above_depth=None, packages_select_by_dep=None, packages_skip_by_dep=None, packages_skip_up_to=None, packages_select_build_failed=False, packages_skip_build_finished=False, packages_select_test_failures=False, packages_skip_test_passed=False, packages_select=None, packages_skip=None, packages_select_regex=None, packages_skip_regex=None, packages_start=None, packages_end=None, allow_overriding=[], cmake_args=None, cmake_target=None, cmake_target_skip_unavailable=False, cmake_clean_cache=False, cmake_clean_first=False, cmake_force_configure=False, ament_cmake_args=None, catkin_cmake_args=None, catkin_skip_building_tests=False, verb_parser=<colcon_defaults.argument_parser.defaults.DefaultArgumentsDecorator object at 0x7ffbb6b40d30>, verb_extension=<colcon_core.verb.build.BuildVerb object at 0x7ffbb6ca6080>, main=<bound method BuildVerb.main of <colcon_core.verb.build.BuildVerb object at 0x7ffbb6ca6080>>)
[1.564s] Level 1:colcon.colcon_core.package_discovery:discover_packages(colcon_meta) check parameters
[1.564s] Level 1:colcon.colcon_core.package_discovery:discover_packages(recursive) check parameters
[1.564s] Level 1:colcon.colcon_core.package_discovery:discover_packages(ignore) check parameters
[1.564s] Level 1:colcon.colcon_core.package_discovery:discover_packages(path) check parameters
[1.564s] Level 1:colcon.colcon_core.package_discovery:discover_packages(colcon_meta) discover
[1.564s] Level 1:colcon.colcon_core.package_discovery:discover_packages(recursive) discover
[1.564s] INFO:colcon.colcon_core.package_discovery:Crawling recursively for packages in '/home/amy/burger_ws1'
[1.564s] Level 1:colcon.colcon_core.package_identification:_identify(.) by extensions ['ignore', 'ignore_ament_install']
[1.564s] Level 1:colcon.colcon_core.package_identification:_identify(.) by extension 'ignore'
[1.564s] Level 1:colcon.colcon_core.package_identification:_identify(.) by extension 'ignore_ament_install'
[1.564s] Level 1:colcon.colcon_core.package_identification:_identify(.) by extensions ['colcon_pkg']
[1.564s] Level 1:colcon.colcon_core.package_identification:_identify(.) by extension 'colcon_pkg'
[1.564s] Level 1:colcon.colcon_core.package_identification:_identify(.) by extensions ['colcon_meta']
[1.564s] Level 1:colcon.colcon_core.package_identification:_identify(.) by extension 'colcon_meta'
[1.564s] Level 1:colcon.colcon_core.package_identification:_identify(.) by extensions ['ros']
[1.564s] Level 1:colcon.colcon_core.package_identification:_identify(.) by extension 'ros'
[1.585s] Level 1:colcon.colcon_core.package_identification:_identify(.) by extensions ['cmake', 'python']
[1.585s] Level 1:colcon.colcon_core.package_identification:_identify(.) by extension 'cmake'
[1.585s] Level 1:colcon.colcon_core.package_identification:_identify(.) by extension 'python'
[1.585s] Level 1:colcon.colcon_core.package_identification:_identify(.) by extensions ['python_setup_py']
[1.585s] Level 1:colcon.colcon_core.package_identification:_identify(.) by extension 'python_setup_py'
[1.586s] Level 1:colcon.colcon_core.package_identification:_identify(build) by extensions ['ignore', 'ignore_ament_install']
[1.586s] Level 1:colcon.colcon_core.package_identification:_identify(build) by extension 'ignore'
[1.586s] Level 1:colcon.colcon_core.package_identification:_identify(build) ignored
[1.586s] Level 1:colcon.colcon_core.package_identification:_identify(install) by extensions ['ignore', 'ignore_ament_install']
[1.586s] Level 1:colcon.colcon_core.package_identification:_identify(install) by extension 'ignore'
[1.586s] Level 1:colcon.colcon_core.package_identification:_identify(install) ignored
[1.586s] Level 1:colcon.colcon_core.package_identification:_identify(log) by extensions ['ignore', 'ignore_ament_install']
[1.586s] Level 1:colcon.colcon_core.package_identification:_identify(log) by extension 'ignore'
[1.586s] Level 1:colcon.colcon_core.package_identification:_identify(log) ignored
[1.586s] Level 1:colcon.colcon_core.package_identification:_identify(src) by extensions ['ignore', 'ignore_ament_install']
[1.586s] Level 1:colcon.colcon_core.package_identification:_identify(src) by extension 'ignore'
[1.586s] Level 1:colcon.colcon_core.package_identification:_identify(src) by extension 'ignore_ament_install'
[1.586s] Level 1:colcon.colcon_core.package_identification:_identify(src) by extensions ['colcon_pkg']
[1.586s] Level 1:colcon.colcon_core.package_identification:_identify(src) by extension 'colcon_pkg'
[1.586s] Level 1:colcon.colcon_core.package_identification:_identify(src) by extensions ['colcon_meta']
[1.586s] Level 1:colcon.colcon_core.package_identification:_identify(src) by extension 'colcon_meta'
[1.586s] Level 1:colcon.colcon_core.package_identification:_identify(src) by extensions ['ros']
[1.586s] Level 1:colcon.colcon_core.package_identification:_identify(src) by extension 'ros'
[1.586s] Level 1:colcon.colcon_core.package_identification:_identify(src) by extensions ['cmake', 'python']
[1.586s] Level 1:colcon.colcon_core.package_identification:_identify(src) by extension 'cmake'
[1.586s] Level 1:colcon.colcon_core.package_identification:_identify(src) by extension 'python'
[1.586s] Level 1:colcon.colcon_core.package_identification:_identify(src) by extensions ['python_setup_py']
[1.586s] Level 1:colcon.colcon_core.package_identification:_identify(src) by extension 'python_setup_py'
[1.587s] Level 1:colcon.colcon_core.package_identification:_identify(src/localization) by extensions ['ignore', 'ignore_ament_install']
[1.587s] Level 1:colcon.colcon_core.package_identification:_identify(src/localization) by extension 'ignore'
[1.587s] Level 1:colcon.colcon_core.package_identification:_identify(src/localization) by extension 'ignore_ament_install'
[1.587s] Level 1:colcon.colcon_core.package_identification:_identify(src/localization) by extensions ['colcon_pkg']
[1.587s] Level 1:colcon.colcon_core.package_identification:_identify(src/localization) by extension 'colcon_pkg'
[1.587s] Level 1:colcon.colcon_core.package_identification:_identify(src/localization) by extensions ['colcon_meta']
[1.587s] Level 1:colcon.colcon_core.package_identification:_identify(src/localization) by extension 'colcon_meta'
[1.587s] Level 1:colcon.colcon_core.package_identification:_identify(src/localization) by extensions ['ros']
[1.587s] Level 1:colcon.colcon_core.package_identification:_identify(src/localization) by extension 'ros'
[1.592s] DEBUG:colcon.colcon_core.package_identification:Package 'src/localization' with type 'ros.ament_python' and name 'localization'
[1.592s] Level 1:colcon.colcon_core.package_identification:_identify(src/map_maker) by extensions ['ignore', 'ignore_ament_install']
[1.592s] Level 1:colcon.colcon_core.package_identification:_identify(src/map_maker) by extension 'ignore'
[1.592s] Level 1:colcon.colcon_core.package_identification:_identify(src/map_maker) by extension 'ignore_ament_install'
[1.592s] Level 1:colcon.colcon_core.package_identification:_identify(src/map_maker) by extensions ['colcon_pkg']
[1.592s] Level 1:colcon.colcon_core.package_identification:_identify(src/map_maker) by extension 'colcon_pkg'
[1.592s] Level 1:colcon.colcon_core.package_identification:_identify(src/map_maker) by extensions ['colcon_meta']
[1.592s] Level 1:colcon.colcon_core.package_identification:_identify(src/map_maker) by extension 'colcon_meta'
[1.593s] Level 1:colcon.colcon_core.package_identification:_identify(src/map_maker) by extensions ['ros']
[1.593s] Level 1:colcon.colcon_core.package_identification:_identify(src/map_maker) by extension 'ros'
[1.594s] DEBUG:colcon.colcon_core.package_identification:Package 'src/map_maker' with type 'ros.ament_python' and name 'map_maker'
[1.595s] Level 1:colcon.colcon_core.package_identification:_identify(src/map_maker_bringup) by extensions ['ignore', 'ignore_ament_install']
[1.595s] Level 1:colcon.colcon_core.package_identification:_identify(src/map_maker_bringup) by extension 'ignore'
[1.595s] Level 1:colcon.colcon_core.package_identification:_identify(src/map_maker_bringup) by extension 'ignore_ament_install'
[1.595s] Level 1:colcon.colcon_core.package_identification:_identify(src/map_maker_bringup) by extensions ['colcon_pkg']
[1.595s] Level 1:colcon.colcon_core.package_identification:_identify(src/map_maker_bringup) by extension 'colcon_pkg'
[1.595s] Level 1:colcon.colcon_core.package_identification:_identify(src/map_maker_bringup) by extensions ['colcon_meta']
[1.595s] Level 1:colcon.colcon_core.package_identification:_identify(src/map_maker_bringup) by extension 'colcon_meta'
[1.595s] Level 1:colcon.colcon_core.package_identification:_identify(src/map_maker_bringup) by extensions ['ros']
[1.595s] Level 1:colcon.colcon_core.package_identification:_identify(src/map_maker_bringup) by extension 'ros'
[1.596s] DEBUG:colcon.colcon_core.package_identification:Package 'src/map_maker_bringup' with type 'ros.ament_cmake' and name 'map_maker_bringup'
[1.597s] Level 1:colcon.colcon_core.package_identification:_identify(src/sanitizer_burger_controller) by extensions ['ignore', 'ignore_ament_install']
[1.597s] Level 1:colcon.colcon_core.package_identification:_identify(src/sanitizer_burger_controller) by extension 'ignore'
[1.597s] Level 1:colcon.colcon_core.package_identification:_identify(src/sanitizer_burger_controller) by extension 'ignore_ament_install'
[1.597s] Level 1:colcon.colcon_core.package_identification:_identify(src/sanitizer_burger_controller) by extensions ['colcon_pkg']
[1.597s] Level 1:colcon.colcon_core.package_identification:_identify(src/sanitizer_burger_controller) by extension 'colcon_pkg'
[1.597s] Level 1:colcon.colcon_core.package_identification:_identify(src/sanitizer_burger_controller) by extensions ['colcon_meta']
[1.597s] Level 1:colcon.colcon_core.package_identification:_identify(src/sanitizer_burger_controller) by extension 'colcon_meta'
[1.597s] Level 1:colcon.colcon_core.package_identification:_identify(src/sanitizer_burger_controller) by extensions ['ros']
[1.597s] Level 1:colcon.colcon_core.package_identification:_identify(src/sanitizer_burger_controller) by extension 'ros'
[1.598s] DEBUG:colcon.colcon_core.package_identification:Package 'src/sanitizer_burger_controller' with type 'ros.ament_python' and name 'sanitizer_burger_controller'
[1.598s] Level 1:colcon.colcon_core.package_discovery:discover_packages(recursive) using defaults
[1.598s] Level 1:colcon.colcon_core.package_discovery:discover_packages(ignore) discover
[1.598s] Level 1:colcon.colcon_core.package_discovery:discover_packages(ignore) using defaults
[1.598s] Level 1:colcon.colcon_core.package_discovery:discover_packages(path) discover
[1.598s] Level 1:colcon.colcon_core.package_discovery:discover_packages(path) using defaults
[1.656s] Level 1:colcon.colcon_core.package_discovery:discover_packages(prefix_path) check parameters
[1.656s] Level 1:colcon.colcon_core.package_discovery:discover_packages(prefix_path) discover
[1.669s] DEBUG:colcon.colcon_installed_package_information.package_discovery:Found 13 installed packages in /home/amy/burger_ws1/install
[1.670s] DEBUG:colcon.colcon_installed_package_information.package_discovery:Found 348 installed packages in /opt/ros/humble
[1.671s] Level 1:colcon.colcon_core.package_discovery:discover_packages(prefix_path) using defaults
[1.712s] Level 5:colcon.colcon_core.verb:set package 'localization' build argument 'cmake_args' from command line to 'None'
[1.712s] Level 5:colcon.colcon_core.verb:set package 'localization' build argument 'cmake_target' from command line to 'None'
[1.712s] Level 5:colcon.colcon_core.verb:set package 'localization' build argument 'cmake_target_skip_unavailable' from command line to 'False'
[1.712s] Level 5:colcon.colcon_core.verb:set package 'localization' build argument 'cmake_clean_cache' from command line to 'False'
[1.712s] Level 5:colcon.colcon_core.verb:set package 'localization' build argument 'cmake_clean_first' from command line to 'False'
[1.712s] Level 5:colcon.colcon_core.verb:set package 'localization' build argument 'cmake_force_configure' from command line to 'False'
[1.712s] Level 5:colcon.colcon_core.verb:set package 'localization' build argument 'ament_cmake_args' from command line to 'None'
[1.712s] Level 5:colcon.colcon_core.verb:set package 'localization' build argument 'catkin_cmake_args' from command line to 'None'
[1.712s] Level 5:colcon.colcon_core.verb:set package 'localization' build argument 'catkin_skip_building_tests' from command line to 'False'
[1.712s] DEBUG:colcon.colcon_core.verb:Building package 'localization' with the following arguments: {'ament_cmake_args': None, 'build_base': '/home/amy/burger_ws1/build/localization', 'catkin_cmake_args': None, 'catkin_skip_building_tests': False, 'cmake_args': None, 'cmake_clean_cache': False, 'cmake_clean_first': False, 'cmake_force_configure': False, 'cmake_target': None, 'cmake_target_skip_unavailable': False, 'install_base': '/home/amy/burger_ws1/install/localization', 'merge_install': False, 'path': '/home/amy/burger_ws1/src/localization', 'symlink_install': False, 'test_result_base': None}
[1.713s] Level 5:colcon.colcon_core.verb:set package 'map_maker' build argument 'cmake_args' from command line to 'None'
[1.713s] Level 5:colcon.colcon_core.verb:set package 'map_maker' build argument 'cmake_target' from command line to 'None'
[1.713s] Level 5:colcon.colcon_core.verb:set package 'map_maker' build argument 'cmake_target_skip_unavailable' from command line to 'False'
[1.713s] Level 5:colcon.colcon_core.verb:set package 'map_maker' build argument 'cmake_clean_cache' from command line to 'False'
[1.713s] Level 5:colcon.colcon_core.verb:set package 'map_maker' build argument 'cmake_clean_first' from command line to 'False'
[1.713s] Level 5:colcon.colcon_core.verb:set package 'map_maker' build argument 'cmake_force_configure' from command line to 'False'
[1.713s] Level 5:colcon.colcon_core.verb:set package 'map_maker' build argument 'ament_cmake_args' from command line to 'None'
[1.713s] Level 5:colcon.colcon_core.verb:set package 'map_maker' build argument 'catkin_cmake_args' from command line to 'None'
[1.713s] Level 5:colcon.colcon_core.verb:set package 'map_maker' build argument 'catkin_skip_building_tests' from command line to 'False'
[1.713s] DEBUG:colcon.colcon_core.verb:Building package 'map_maker' with the following arguments: {'ament_cmake_args': None, 'build_base': '/home/amy/burger_ws1/build/map_maker', 'catkin_cmake_args': None, 'catkin_skip_building_tests': False, 'cmake_args': None, 'cmake_clean_cache': False, 'cmake_clean_first': False, 'cmake_force_configure': False, 'cmake_target': None, 'cmake_target_skip_unavailable': False, 'install_base': '/home/amy/burger_ws1/install/map_maker', 'merge_install': False, 'path': '/home/amy/burger_ws1/src/map_maker', 'symlink_install': False, 'test_result_base': None}
[1.714s] Level 5:colcon.colcon_core.verb:set package 'sanitizer_burger_controller' build argument 'cmake_args' from command line to 'None'
[1.714s] Level 5:colcon.colcon_core.verb:set package 'sanitizer_burger_controller' build argument 'cmake_target' from command line to 'None'
[1.714s] Level 5:colcon.colcon_core.verb:set package 'sanitizer_burger_controller' build argument 'cmake_target_skip_unavailable' from command line to 'False'
[1.714s] Level 5:colcon.colcon_core.verb:set package 'sanitizer_burger_controller' build argument 'cmake_clean_cache' from command line to 'False'
[1.714s] Level 5:colcon.colcon_core.verb:set package 'sanitizer_burger_controller' build argument 'cmake_clean_first' from command line to 'False'
[1.714s] Level 5:colcon.colcon_core.verb:set package 'sanitizer_burger_controller' build argument 'cmake_force_configure' from command line to 'False'
[1.714s] Level 5:colcon.colcon_core.verb:set package 'sanitizer_burger_controller' build argument 'ament_cmake_args' from command line to 'None'
[1.714s] Level 5:colcon.colcon_core.verb:set package 'sanitizer_burger_controller' build argument 'catkin_cmake_args' from command line to 'None'
[1.714s] Level 5:colcon.colcon_core.verb:set package 'sanitizer_burger_controller' build argument 'catkin_skip_building_tests' from command line to 'False'
[1.714s] DEBUG:colcon.colcon_core.verb:Building package 'sanitizer_burger_controller' with the following arguments: {'ament_cmake_args': None, 'build_base': '/home/amy/burger_ws1/build/sanitizer_burger_controller', 'catkin_cmake_args': None, 'catkin_skip_building_tests': False, 'cmake_args': None, 'cmake_clean_cache': False, 'cmake_clean_first': False, 'cmake_force_configure': False, 'cmake_target': None, 'cmake_target_skip_unavailable': False, 'install_base': '/home/amy/burger_ws1/install/sanitizer_burger_controller', 'merge_install': False, 'path': '/home/amy/burger_ws1/src/sanitizer_burger_controller', 'symlink_install': False, 'test_result_base': None}
[1.714s] Level 5:colcon.colcon_core.verb:set package 'map_maker_bringup' build argument 'cmake_args' from command line to 'None'
[1.714s] Level 5:colcon.colcon_core.verb:set package 'map_maker_bringup' build argument 'cmake_target' from command line to 'None'
[1.714s] Level 5:colcon.colcon_core.verb:set package 'map_maker_bringup' build argument 'cmake_target_skip_unavailable' from command line to 'False'
[1.714s] Level 5:colcon.colcon_core.verb:set package 'map_maker_bringup' build argument 'cmake_clean_cache' from command line to 'False'
[1.714s] Level 5:colcon.colcon_core.verb:set package 'map_maker_bringup' build argument 'cmake_clean_first' from command line to 'False'
[1.714s] Level 5:colcon.colcon_core.verb:set package 'map_maker_bringup' build argument 'cmake_force_configure' from command line to 'False'
[1.714s] Level 5:colcon.colcon_core.verb:set package 'map_maker_bringup' build argument 'ament_cmake_args' from command line to 'None'
[1.714s] Level 5:colcon.colcon_core.verb:set package 'map_maker_bringup' build argument 'catkin_cmake_args' from command line to 'None'
[1.714s] Level 5:colcon.colcon_core.verb:set package 'map_maker_bringup' build argument 'catkin_skip_building_tests' from command line to 'False'
[1.714s] DEBUG:colcon.colcon_core.verb:Building package 'map_maker_bringup' with the following arguments: {'ament_cmake_args': None, 'build_base': '/home/amy/burger_ws1/build/map_maker_bringup', 'catkin_cmake_args': None, 'catkin_skip_building_tests': False, 'cmake_args': None, 'cmake_clean_cache': False, 'cmake_clean_first': False, 'cmake_force_configure': False, 'cmake_target': None, 'cmake_target_skip_unavailable': False, 'install_base': '/home/amy/burger_ws1/install/map_maker_bringup', 'merge_install': False, 'path': '/home/amy/burger_ws1/src/map_maker_bringup', 'symlink_install': False, 'test_result_base': None}
[1.714s] INFO:colcon.colcon_core.executor:Executing jobs using 'parallel' executor
[1.715s] DEBUG:colcon.colcon_parallel_executor.executor.parallel:run_until_complete
[1.716s] INFO:colcon.colcon_ros.task.ament_python.build:Building ROS package in '/home/amy/burger_ws1/src/map_maker' with build type 'ament_python'
[1.716s] Level 1:colcon.colcon_core.shell:create_environment_hook('map_maker', 'ament_prefix_path')
[1.725s] INFO:colcon.colcon_core.plugin_system:Skipping extension 'colcon_core.shell.bat': Not used on non-Windows systems
[1.726s] INFO:colcon.colcon_core.shell:Creating environment hook '/home/amy/burger_ws1/install/map_maker/share/map_maker/hook/ament_prefix_path.ps1'
[1.727s] INFO:colcon.colcon_core.shell:Creating environment descriptor '/home/amy/burger_ws1/install/map_maker/share/map_maker/hook/ament_prefix_path.dsv'
[1.728s] INFO:colcon.colcon_core.shell:Creating environment hook '/home/amy/burger_ws1/install/map_maker/share/map_maker/hook/ament_prefix_path.sh'
[1.729s] INFO:colcon.colcon_core.shell:Skip shell extension 'powershell' for command environment: Not usable outside of PowerShell
[1.729s] DEBUG:colcon.colcon_core.shell:Skip shell extension 'dsv' for command environment
[1.732s] INFO:colcon.colcon_ros.task.ament_python.build:Building ROS package in '/home/amy/burger_ws1/src/localization' with build type 'ament_python'
[1.733s] Level 1:colcon.colcon_core.shell:create_environment_hook('localization', 'ament_prefix_path')
[1.733s] INFO:colcon.colcon_core.shell:Creating environment hook '/home/amy/burger_ws1/install/localization/share/localization/hook/ament_prefix_path.ps1'
[1.734s] INFO:colcon.colcon_core.shell:Creating environment descriptor '/home/amy/burger_ws1/install/localization/share/localization/hook/ament_prefix_path.dsv'
[1.734s] INFO:colcon.colcon_core.shell:Creating environment hook '/home/amy/burger_ws1/install/localization/share/localization/hook/ament_prefix_path.sh'
[1.735s] INFO:colcon.colcon_core.shell:Skip shell extension 'powershell' for command environment: Not usable outside of PowerShell
[1.735s] DEBUG:colcon.colcon_core.shell:Skip shell extension 'dsv' for command environment
[1.738s] INFO:colcon.colcon_ros.task.ament_python.build:Building ROS package in '/home/amy/burger_ws1/src/sanitizer_burger_controller' with build type 'ament_python'
[1.738s] Level 1:colcon.colcon_core.shell:create_environment_hook('sanitizer_burger_controller', 'ament_prefix_path')
[1.738s] INFO:colcon.colcon_core.shell:Creating environment hook '/home/amy/burger_ws1/install/sanitizer_burger_controller/share/sanitizer_burger_controller/hook/ament_prefix_path.ps1'
[1.740s] INFO:colcon.colcon_core.shell:Creating environment descriptor '/home/amy/burger_ws1/install/sanitizer_burger_controller/share/sanitizer_burger_controller/hook/ament_prefix_path.dsv'
[1.740s] INFO:colcon.colcon_core.shell:Creating environment hook '/home/amy/burger_ws1/install/sanitizer_burger_controller/share/sanitizer_burger_controller/hook/ament_prefix_path.sh'
[1.740s] INFO:colcon.colcon_core.shell:Skip shell extension 'powershell' for command environment: Not usable outside of PowerShell
[1.740s] DEBUG:colcon.colcon_core.shell:Skip shell extension 'dsv' for command environment
[1.946s] INFO:colcon.colcon_core.task.python.build:Building Python package in '/home/amy/burger_ws1/src/map_maker'
[1.947s] INFO:colcon.colcon_core.shell:Skip shell extension 'powershell' for command environment: Not usable outside of PowerShell
[1.947s] DEBUG:colcon.colcon_core.shell:Skip shell extension 'dsv' for command environment
[2.134s] INFO:colcon.colcon_core.task.python.build:Building Python package in '/home/amy/burger_ws1/src/localization'
[2.135s] INFO:colcon.colcon_core.shell:Skip shell extension 'powershell' for command environment: Not usable outside of PowerShell
[2.135s] DEBUG:colcon.colcon_core.shell:Skip shell extension 'dsv' for command environment
[2.333s] INFO:colcon.colcon_core.task.python.build:Building Python package in '/home/amy/burger_ws1/src/sanitizer_burger_controller'
[2.334s] INFO:colcon.colcon_core.shell:Skip shell extension 'powershell' for command environment: Not usable outside of PowerShell
[2.334s] DEBUG:colcon.colcon_core.shell:Skip shell extension 'dsv' for command environment
[2.939s] DEBUG:colcon.colcon_core.event_handler.log_command:Invoking command in '/home/amy/burger_ws1/src/sanitizer_burger_controller': PYTHONPATH=/home/amy/burger_ws1/build/sanitizer_burger_controller/prefix_override:/usr/lib/python3/dist-packages/colcon_core/task/python/colcon_distutils_commands:/home/amy/burger_ws1/install/sanitizer_burger_controller/lib/python3.10/site-packages:${PYTHONPATH} /usr/bin/python3 -W ignore:setup.py install is deprecated -W ignore:easy_install command is deprecated setup.py egg_info --egg-base ../../build/sanitizer_burger_controller build --build-base /home/amy/burger_ws1/build/sanitizer_burger_controller/build install --record /home/amy/burger_ws1/build/sanitizer_burger_controller/install.log --single-version-externally-managed install_data
[2.948s] DEBUG:colcon.colcon_core.event_handler.log_command:Invoking command in '/home/amy/burger_ws1/src/localization': PYTHONPATH=/home/amy/burger_ws1/build/localization/prefix_override:/usr/lib/python3/dist-packages/colcon_core/task/python/colcon_distutils_commands:/home/amy/burger_ws1/install/localization/lib/python3.10/site-packages:${PYTHONPATH} /usr/bin/python3 -W ignore:setup.py install is deprecated -W ignore:easy_install command is deprecated setup.py egg_info --egg-base ../../build/localization build --build-base /home/amy/burger_ws1/build/localization/build install --record /home/amy/burger_ws1/build/localization/install.log --single-version-externally-managed install_data
[2.950s] DEBUG:colcon.colcon_core.event_handler.log_command:Invoking command in '/home/amy/burger_ws1/src/map_maker': PYTHONPATH=/home/amy/burger_ws1/build/map_maker/prefix_override:/usr/lib/python3/dist-packages/colcon_core/task/python/colcon_distutils_commands:/home/amy/burger_ws1/install/map_maker/lib/python3.10/site-packages:${PYTHONPATH} /usr/bin/python3 -W ignore:setup.py install is deprecated -W ignore:easy_install command is deprecated setup.py egg_info --egg-base ../../build/map_maker build --build-base /home/amy/burger_ws1/build/map_maker/build install --record /home/amy/burger_ws1/build/map_maker/install.log --single-version-externally-managed install_data
[3.172s] DEBUG:colcon.colcon_core.event_handler.log_command:Invoked command in '/home/amy/burger_ws1/src/sanitizer_burger_controller' returned '0': PYTHONPATH=/home/amy/burger_ws1/build/sanitizer_burger_controller/prefix_override:/usr/lib/python3/dist-packages/colcon_core/task/python/colcon_distutils_commands:/home/amy/burger_ws1/install/sanitizer_burger_controller/lib/python3.10/site-packages:${PYTHONPATH} /usr/bin/python3 -W ignore:setup.py install is deprecated -W ignore:easy_install command is deprecated setup.py egg_info --egg-base ../../build/sanitizer_burger_controller build --build-base /home/amy/burger_ws1/build/sanitizer_burger_controller/build install --record /home/amy/burger_ws1/build/sanitizer_burger_controller/install.log --single-version-externally-managed install_data
[3.182s] Level 1:colcon.colcon_core.environment:checking '/home/amy/burger_ws1/install/sanitizer_burger_controller' for CMake module files
[3.183s] Level 1:colcon.colcon_core.environment:checking '/home/amy/burger_ws1/install/sanitizer_burger_controller' for CMake config files
[3.188s] Level 1:colcon.colcon_core.environment:checking '/home/amy/burger_ws1/install/sanitizer_burger_controller/lib'
[3.188s] Level 1:colcon.colcon_core.environment:checking '/home/amy/burger_ws1/install/sanitizer_burger_controller/bin'
[3.188s] Level 1:colcon.colcon_core.environment:checking '/home/amy/burger_ws1/install/sanitizer_burger_controller/lib/pkgconfig/sanitizer_burger_controller.pc'
[3.188s] Level 1:colcon.colcon_core.environment:checking '/home/amy/burger_ws1/install/sanitizer_burger_controller/lib/python3.10/site-packages'
[3.188s] Level 1:colcon.colcon_core.shell:create_environment_hook('sanitizer_burger_controller', 'pythonpath')
[3.188s] INFO:colcon.colcon_core.shell:Creating environment hook '/home/amy/burger_ws1/install/sanitizer_burger_controller/share/sanitizer_burger_controller/hook/pythonpath.ps1'
[3.189s] INFO:colcon.colcon_core.shell:Creating environment descriptor '/home/amy/burger_ws1/install/sanitizer_burger_controller/share/sanitizer_burger_controller/hook/pythonpath.dsv'
[3.189s] INFO:colcon.colcon_core.shell:Creating environment hook '/home/amy/burger_ws1/install/sanitizer_burger_controller/share/sanitizer_burger_controller/hook/pythonpath.sh'
[3.189s] Level 1:colcon.colcon_core.environment:checking '/home/amy/burger_ws1/install/sanitizer_burger_controller/bin'
[3.190s] Level 1:colcon.colcon_core.environment:create_environment_scripts_only(sanitizer_burger_controller)
[3.190s] INFO:colcon.colcon_core.shell:Creating package script '/home/amy/burger_ws1/install/sanitizer_burger_controller/share/sanitizer_burger_controller/package.ps1'
[3.191s] INFO:colcon.colcon_core.shell:Creating package descriptor '/home/amy/burger_ws1/install/sanitizer_burger_controller/share/sanitizer_burger_controller/package.dsv'
[3.192s] INFO:colcon.colcon_core.shell:Creating package script '/home/amy/burger_ws1/install/sanitizer_burger_controller/share/sanitizer_burger_controller/package.sh'
[3.193s] INFO:colcon.colcon_core.shell:Creating package script '/home/amy/burger_ws1/install/sanitizer_burger_controller/share/sanitizer_burger_controller/package.bash'
[3.194s] INFO:colcon.colcon_core.shell:Creating package script '/home/amy/burger_ws1/install/sanitizer_burger_controller/share/sanitizer_burger_controller/package.zsh'
[3.195s] Level 1:colcon.colcon_core.environment:create_file_with_runtime_dependencies(/home/amy/burger_ws1/install/sanitizer_burger_controller/share/colcon-core/packages/sanitizer_burger_controller)
[3.214s] Level 1:colcon.colcon_core.environment:checking '/home/amy/burger_ws1/install/localization' for CMake module files
[3.214s] DEBUG:colcon.colcon_core.event_handler.log_command:Invoked command in '/home/amy/burger_ws1/src/localization' returned '0': PYTHONPATH=/home/amy/burger_ws1/build/localization/prefix_override:/usr/lib/python3/dist-packages/colcon_core/task/python/colcon_distutils_commands:/home/amy/burger_ws1/install/localization/lib/python3.10/site-packages:${PYTHONPATH} /usr/bin/python3 -W ignore:setup.py install is deprecated -W ignore:easy_install command is deprecated setup.py egg_info --egg-base ../../build/localization build --build-base /home/amy/burger_ws1/build/localization/build install --record /home/amy/burger_ws1/build/localization/install.log --single-version-externally-managed install_data
[3.215s] Level 1:colcon.colcon_core.environment:checking '/home/amy/burger_ws1/install/localization' for CMake config files
[3.221s] Level 1:colcon.colcon_core.environment:checking '/home/amy/burger_ws1/install/localization/lib'
[3.221s] Level 1:colcon.colcon_core.environment:checking '/home/amy/burger_ws1/install/localization/bin'
[3.221s] Level 1:colcon.colcon_core.environment:checking '/home/amy/burger_ws1/install/localization/lib/pkgconfig/localization.pc'
[3.221s] Level 1:colcon.colcon_core.environment:checking '/home/amy/burger_ws1/install/localization/lib/python3.10/site-packages'
[3.221s] Level 1:colcon.colcon_core.shell:create_environment_hook('localization', 'pythonpath')
[3.222s] INFO:colcon.colcon_core.shell:Creating environment hook '/home/amy/burger_ws1/install/localization/share/localization/hook/pythonpath.ps1'
[3.222s] INFO:colcon.colcon_core.shell:Creating environment descriptor '/home/amy/burger_ws1/install/localization/share/localization/hook/pythonpath.dsv'
[3.222s] INFO:colcon.colcon_core.shell:Creating environment hook '/home/amy/burger_ws1/install/localization/share/localization/hook/pythonpath.sh'
[3.223s] Level 1:colcon.colcon_core.environment:checking '/home/amy/burger_ws1/install/localization/bin'
[3.223s] Level 1:colcon.colcon_core.environment:create_environment_scripts_only(localization)
[3.224s] INFO:colcon.colcon_core.shell:Creating package script '/home/amy/burger_ws1/install/localization/share/localization/package.ps1'
[3.224s] INFO:colcon.colcon_core.shell:Creating package descriptor '/home/amy/burger_ws1/install/localization/share/localization/package.dsv'
[3.225s] INFO:colcon.colcon_core.shell:Creating package script '/home/amy/burger_ws1/install/localization/share/localization/package.sh'
[3.225s] INFO:colcon.colcon_core.shell:Creating package script '/home/amy/burger_ws1/install/localization/share/localization/package.bash'
[3.225s] INFO:colcon.colcon_core.shell:Creating package script '/home/amy/burger_ws1/install/localization/share/localization/package.zsh'
[3.225s] Level 1:colcon.colcon_core.environment:create_file_with_runtime_dependencies(/home/amy/burger_ws1/install/localization/share/colcon-core/packages/localization)
[3.228s] Level 1:colcon.colcon_core.environment:checking '/home/amy/burger_ws1/install/map_maker' for CMake module files
[3.228s] DEBUG:colcon.colcon_core.event_handler.log_command:Invoked command in '/home/amy/burger_ws1/src/map_maker' returned '0': PYTHONPATH=/home/amy/burger_ws1/build/map_maker/prefix_override:/usr/lib/python3/dist-packages/colcon_core/task/python/colcon_distutils_commands:/home/amy/burger_ws1/install/map_maker/lib/python3.10/site-packages:${PYTHONPATH} /usr/bin/python3 -W ignore:setup.py install is deprecated -W ignore:easy_install command is deprecated setup.py egg_info --egg-base ../../build/map_maker build --build-base /home/amy/burger_ws1/build/map_maker/build install --record /home/amy/burger_ws1/build/map_maker/install.log --single-version-externally-managed install_data
[3.229s] Level 1:colcon.colcon_core.environment:checking '/home/amy/burger_ws1/install/map_maker' for CMake config files
[3.234s] Level 1:colcon.colcon_core.environment:checking '/home/amy/burger_ws1/install/map_maker/lib'
[3.234s] Level 1:colcon.colcon_core.environment:checking '/home/amy/burger_ws1/install/map_maker/bin'
[3.234s] Level 1:colcon.colcon_core.environment:checking '/home/amy/burger_ws1/install/map_maker/lib/pkgconfig/map_maker.pc'
[3.235s] Level 1:colcon.colcon_core.environment:checking '/home/amy/burger_ws1/install/map_maker/lib/python3.10/site-packages'
[3.235s] Level 1:colcon.colcon_core.shell:create_environment_hook('map_maker', 'pythonpath')
[3.235s] INFO:colcon.colcon_core.shell:Creating environment hook '/home/amy/burger_ws1/install/map_maker/share/map_maker/hook/pythonpath.ps1'
[3.235s] INFO:colcon.colcon_core.shell:Creating environment descriptor '/home/amy/burger_ws1/install/map_maker/share/map_maker/hook/pythonpath.dsv'
[3.235s] INFO:colcon.colcon_core.shell:Creating environment hook '/home/amy/burger_ws1/install/map_maker/share/map_maker/hook/pythonpath.sh'
[3.236s] Level 1:colcon.colcon_core.environment:checking '/home/amy/burger_ws1/install/map_maker/bin'
[3.236s] Level 1:colcon.colcon_core.environment:create_environment_scripts_only(map_maker)
[3.236s] INFO:colcon.colcon_core.shell:Creating package script '/home/amy/burger_ws1/install/map_maker/share/map_maker/package.ps1'
[3.236s] INFO:colcon.colcon_core.shell:Creating package descriptor '/home/amy/burger_ws1/install/map_maker/share/map_maker/package.dsv'
[3.236s] INFO:colcon.colcon_core.shell:Creating package script '/home/amy/burger_ws1/install/map_maker/share/map_maker/package.sh'
[3.237s] INFO:colcon.colcon_core.shell:Creating package script '/home/amy/burger_ws1/install/map_maker/share/map_maker/package.bash'
[3.237s] INFO:colcon.colcon_core.shell:Creating package script '/home/amy/burger_ws1/install/map_maker/share/map_maker/package.zsh'
[3.237s] Level 1:colcon.colcon_core.environment:create_file_with_runtime_dependencies(/home/amy/burger_ws1/install/map_maker/share/colcon-core/packages/map_maker)
[3.238s] INFO:colcon.colcon_ros.task.ament_cmake.build:Building ROS package in '/home/amy/burger_ws1/src/map_maker_bringup' with build type 'ament_cmake'
[3.238s] INFO:colcon.colcon_cmake.task.cmake.build:Building CMake package in '/home/amy/burger_ws1/src/map_maker_bringup'
[3.238s] INFO:colcon.colcon_core.shell:Skip shell extension 'powershell' for command environment: Not usable outside of PowerShell
[3.238s] DEBUG:colcon.colcon_core.shell:Skip shell extension 'dsv' for command environment
[3.301s] DEBUG:colcon.colcon_core.event_handler.log_command:Invoking command in '/home/amy/burger_ws1/build/map_maker_bringup': AMENT_PREFIX_PATH=/home/amy/burger_ws1/install/map_maker:/home/amy/burger_ws1/install/sanitizer_burger_controller:/home/amy/burger_ws1/install/velocity_controller_pkg:/home/amy/burger_ws1/install/turtlebot3:/home/amy/burger_ws1/install/turtlebot3_teleop:/home/amy/burger_ws1/install/turtlebot3_bringup:/home/amy/burger_ws1/install/turtlebot3_node:/home/amy/burger_ws1/install/turtlebot3_navigation2:/home/amy/burger_ws1/install/turtlebot3_example:/home/amy/burger_ws1/install/turtlebot3_description:/home/amy/burger_ws1/install/turtlebot3_cartographer:/home/amy/burger_ws1/install/map_maker_bringup:/opt/ros/humble CMAKE_PREFIX_PATH=${CMAKE_PREFIX_PATH}:/home/amy/burger_ws1/install/sanitizer_burger_controller:/home/amy/burger_ws1/install/velocity_controller_pkg:/home/amy/burger_ws1/install/turtlebot3_teleop:/home/amy/burger_ws1/install/turtlebot3_example:/home/amy/burger_ws1/install/map_maker:/opt/ros/humble PYTHONPATH=/home/amy/burger_ws1/install/map_maker/lib/python3.10/site-packages:/home/amy/burger_ws1/install/sanitizer_burger_controller/lib/python3.10/site-packages:/home/amy/burger_ws1/install/velocity_controller_pkg/lib/python3.10/site-packages:/home/amy/burger_ws1/install/turtlebot3_teleop/lib/python3.10/site-packages:/home/amy/burger_ws1/install/turtlebot3_example/lib/python3.10/site-packages:/opt/ros/humble/lib/python3.10/site-packages:/opt/ros/humble/local/lib/python3.10/dist-packages /usr/bin/cmake --build /home/amy/burger_ws1/build/map_maker_bringup -- -j8 -l8
[3.413s] DEBUG:colcon.colcon_core.event_handler.log_command:Invoked command in '/home/amy/burger_ws1/build/map_maker_bringup' returned '0': AMENT_PREFIX_PATH=/home/amy/burger_ws1/install/map_maker:/home/amy/burger_ws1/install/sanitizer_burger_controller:/home/amy/burger_ws1/install/velocity_controller_pkg:/home/amy/burger_ws1/install/turtlebot3:/home/amy/burger_ws1/install/turtlebot3_teleop:/home/amy/burger_ws1/install/turtlebot3_bringup:/home/amy/burger_ws1/install/turtlebot3_node:/home/amy/burger_ws1/install/turtlebot3_navigation2:/home/amy/burger_ws1/install/turtlebot3_example:/home/amy/burger_ws1/install/turtlebot3_description:/home/amy/burger_ws1/install/turtlebot3_cartographer:/home/amy/burger_ws1/install/map_maker_bringup:/opt/ros/humble CMAKE_PREFIX_PATH=${CMAKE_PREFIX_PATH}:/home/amy/burger_ws1/install/sanitizer_burger_controller:/home/amy/burger_ws1/install/velocity_controller_pkg:/home/amy/burger_ws1/install/turtlebot3_teleop:/home/amy/burger_ws1/install/turtlebot3_example:/home/amy/burger_ws1/install/map_maker:/opt/ros/humble PYTHONPATH=/home/amy/burger_ws1/install/map_maker/lib/python3.10/site-packages:/home/amy/burger_ws1/install/sanitizer_burger_controller/lib/python3.10/site-packages:/home/amy/burger_ws1/install/velocity_controller_pkg/lib/python3.10/site-packages:/home/amy/burger_ws1/install/turtlebot3_teleop/lib/python3.10/site-packages:/home/amy/burger_ws1/install/turtlebot3_example/lib/python3.10/site-packages:/opt/ros/humble/lib/python3.10/site-packages:/opt/ros/humble/local/lib/python3.10/dist-packages /usr/bin/cmake --build /home/amy/burger_ws1/build/map_maker_bringup -- -j8 -l8
[3.423s] DEBUG:colcon.colcon_core.event_handler.log_command:Invoking command in '/home/amy/burger_ws1/build/map_maker_bringup': AMENT_PREFIX_PATH=/home/amy/burger_ws1/install/map_maker:/home/amy/burger_ws1/install/sanitizer_burger_controller:/home/amy/burger_ws1/install/velocity_controller_pkg:/home/amy/burger_ws1/install/turtlebot3:/home/amy/burger_ws1/install/turtlebot3_teleop:/home/amy/burger_ws1/install/turtlebot3_bringup:/home/amy/burger_ws1/install/turtlebot3_node:/home/amy/burger_ws1/install/turtlebot3_navigation2:/home/amy/burger_ws1/install/turtlebot3_example:/home/amy/burger_ws1/install/turtlebot3_description:/home/amy/burger_ws1/install/turtlebot3_cartographer:/home/amy/burger_ws1/install/map_maker_bringup:/opt/ros/humble CMAKE_PREFIX_PATH=${CMAKE_PREFIX_PATH}:/home/amy/burger_ws1/install/sanitizer_burger_controller:/home/amy/burger_ws1/install/velocity_controller_pkg:/home/amy/burger_ws1/install/turtlebot3_teleop:/home/amy/burger_ws1/install/turtlebot3_example:/home/amy/burger_ws1/install/map_maker:/opt/ros/humble PYTHONPATH=/home/amy/burger_ws1/install/map_maker/lib/python3.10/site-packages:/home/amy/burger_ws1/install/sanitizer_burger_controller/lib/python3.10/site-packages:/home/amy/burger_ws1/install/velocity_controller_pkg/lib/python3.10/site-packages:/home/amy/burger_ws1/install/turtlebot3_teleop/lib/python3.10/site-packages:/home/amy/burger_ws1/install/turtlebot3_example/lib/python3.10/site-packages:/opt/ros/humble/lib/python3.10/site-packages:/opt/ros/humble/local/lib/python3.10/dist-packages /usr/bin/cmake --install /home/amy/burger_ws1/build/map_maker_bringup
[3.436s] Level 1:colcon.colcon_core.environment:create_environment_scripts_only(map_maker_bringup)
[3.436s] Level 1:colcon.colcon_core.environment:checking '/home/amy/burger_ws1/install/map_maker_bringup' for CMake module files
[3.437s] DEBUG:colcon.colcon_core.event_handler.log_command:Invoked command in '/home/amy/burger_ws1/build/map_maker_bringup' returned '0': AMENT_PREFIX_PATH=/home/amy/burger_ws1/install/map_maker:/home/amy/burger_ws1/install/sanitizer_burger_controller:/home/amy/burger_ws1/install/velocity_controller_pkg:/home/amy/burger_ws1/install/turtlebot3:/home/amy/burger_ws1/install/turtlebot3_teleop:/home/amy/burger_ws1/install/turtlebot3_bringup:/home/amy/burger_ws1/install/turtlebot3_node:/home/amy/burger_ws1/install/turtlebot3_navigation2:/home/amy/burger_ws1/install/turtlebot3_example:/home/amy/burger_ws1/install/turtlebot3_description:/home/amy/burger_ws1/install/turtlebot3_cartographer:/home/amy/burger_ws1/install/map_maker_bringup:/opt/ros/humble CMAKE_PREFIX_PATH=${CMAKE_PREFIX_PATH}:/home/amy/burger_ws1/install/sanitizer_burger_controller:/home/amy/burger_ws1/install/velocity_controller_pkg:/home/amy/burger_ws1/install/turtlebot3_teleop:/home/amy/burger_ws1/install/turtlebot3_example:/home/amy/burger_ws1/install/map_maker:/opt/ros/humble PYTHONPATH=/home/amy/burger_ws1/install/map_maker/lib/python3.10/site-packages:/home/amy/burger_ws1/install/sanitizer_burger_controller/lib/python3.10/site-packages:/home/amy/burger_ws1/install/velocity_controller_pkg/lib/python3.10/site-packages:/home/amy/burger_ws1/install/turtlebot3_teleop/lib/python3.10/site-packages:/home/amy/burger_ws1/install/turtlebot3_example/lib/python3.10/site-packages:/opt/ros/humble/lib/python3.10/site-packages:/opt/ros/humble/local/lib/python3.10/dist-packages /usr/bin/cmake --install /home/amy/burger_ws1/build/map_maker_bringup
[3.438s] Level 1:colcon.colcon_core.environment:checking '/home/amy/burger_ws1/install/map_maker_bringup' for CMake config files
[3.440s] Level 1:colcon.colcon_core.shell:create_environment_hook('map_maker_bringup', 'cmake_prefix_path')
[3.440s] INFO:colcon.colcon_core.shell:Creating environment hook '/home/amy/burger_ws1/install/map_maker_bringup/share/map_maker_bringup/hook/cmake_prefix_path.ps1'
[3.440s] INFO:colcon.colcon_core.shell:Creating environment descriptor '/home/amy/burger_ws1/install/map_maker_bringup/share/map_maker_bringup/hook/cmake_prefix_path.dsv'
[3.441s] INFO:colcon.colcon_core.shell:Creating environment hook '/home/amy/burger_ws1/install/map_maker_bringup/share/map_maker_bringup/hook/cmake_prefix_path.sh'
[3.441s] Level 1:colcon.colcon_core.environment:checking '/home/amy/burger_ws1/install/map_maker_bringup/bin'
[3.441s] Level 1:colcon.colcon_core.environment:checking '/home/amy/burger_ws1/install/map_maker_bringup/lib/pkgconfig/map_maker_bringup.pc'
[3.442s] Level 1:colcon.colcon_core.environment:checking '/home/amy/burger_ws1/install/map_maker_bringup/lib/python3.10/site-packages'
[3.442s] Level 1:colcon.colcon_core.environment:checking '/home/amy/burger_ws1/install/map_maker_bringup/bin'
[3.442s] INFO:colcon.colcon_core.shell:Creating package script '/home/amy/burger_ws1/install/map_maker_bringup/share/map_maker_bringup/package.ps1'
[3.442s] INFO:colcon.colcon_core.shell:Creating package descriptor '/home/amy/burger_ws1/install/map_maker_bringup/share/map_maker_bringup/package.dsv'
[3.442s] INFO:colcon.colcon_core.shell:Creating package script '/home/amy/burger_ws1/install/map_maker_bringup/share/map_maker_bringup/package.sh'
[3.443s] INFO:colcon.colcon_core.shell:Creating package script '/home/amy/burger_ws1/install/map_maker_bringup/share/map_maker_bringup/package.bash'
[3.443s] INFO:colcon.colcon_core.shell:Creating package script '/home/amy/burger_ws1/install/map_maker_bringup/share/map_maker_bringup/package.zsh'
[3.443s] Level 1:colcon.colcon_core.environment:create_file_with_runtime_dependencies(/home/amy/burger_ws1/install/map_maker_bringup/share/colcon-core/packages/map_maker_bringup)
[3.444s] Level 1:colcon.colcon_core.environment:create_environment_scripts_only(map_maker_bringup)
[3.444s] Level 1:colcon.colcon_core.environment:checking '/home/amy/burger_ws1/install/map_maker_bringup' for CMake module files
[3.444s] Level 1:colcon.colcon_core.environment:checking '/home/amy/burger_ws1/install/map_maker_bringup' for CMake config files
[3.444s] Level 1:colcon.colcon_core.shell:create_environment_hook('map_maker_bringup', 'cmake_prefix_path')
[3.444s] INFO:colcon.colcon_core.shell:Creating environment hook '/home/amy/burger_ws1/install/map_maker_bringup/share/map_maker_bringup/hook/cmake_prefix_path.ps1'
[3.444s] INFO:colcon.colcon_core.shell:Creating environment descriptor '/home/amy/burger_ws1/install/map_maker_bringup/share/map_maker_bringup/hook/cmake_prefix_path.dsv'
[3.444s] INFO:colcon.colcon_core.shell:Creating environment hook '/home/amy/burger_ws1/install/map_maker_bringup/share/map_maker_bringup/hook/cmake_prefix_path.sh'
[3.445s] Level 1:colcon.colcon_core.environment:checking '/home/amy/burger_ws1/install/map_maker_bringup/bin'
[3.445s] Level 1:colcon.colcon_core.environment:checking '/home/amy/burger_ws1/install/map_maker_bringup/lib/pkgconfig/map_maker_bringup.pc'
[3.445s] Level 1:colcon.colcon_core.environment:checking '/home/amy/burger_ws1/install/map_maker_bringup/lib/python3.10/site-packages'
[3.445s] Level 1:colcon.colcon_core.environment:checking '/home/amy/burger_ws1/install/map_maker_bringup/bin'
[3.445s] INFO:colcon.colcon_core.shell:Creating package script '/home/amy/burger_ws1/install/map_maker_bringup/share/map_maker_bringup/package.ps1'
[3.446s] INFO:colcon.colcon_core.shell:Creating package descriptor '/home/amy/burger_ws1/install/map_maker_bringup/share/map_maker_bringup/package.dsv'
[3.446s] INFO:colcon.colcon_core.shell:Creating package script '/home/amy/burger_ws1/install/map_maker_bringup/share/map_maker_bringup/package.sh'
[3.446s] INFO:colcon.colcon_core.shell:Creating package script '/home/amy/burger_ws1/install/map_maker_bringup/share/map_maker_bringup/package.bash'
[3.447s] INFO:colcon.colcon_core.shell:Creating package script '/home/amy/burger_ws1/install/map_maker_bringup/share/map_maker_bringup/package.zsh'
[3.447s] Level 1:colcon.colcon_core.environment:create_file_with_runtime_dependencies(/home/amy/burger_ws1/install/map_maker_bringup/share/colcon-core/packages/map_maker_bringup)
[3.447s] DEBUG:colcon.colcon_parallel_executor.executor.parallel:closing loop
[3.448s] DEBUG:colcon.colcon_parallel_executor.executor.parallel:loop closed
[3.448s] DEBUG:colcon.colcon_parallel_executor.executor.parallel:run_until_complete finished with '0'
[3.448s] DEBUG:colcon.colcon_core.event_reactor:joining thread
[3.501s] INFO:colcon.colcon_core.plugin_system:Skipping extension 'colcon_notification.desktop_notification.notify_send': Could not find 'notify-send'
[3.501s] INFO:colcon.colcon_core.plugin_system:Skipping extension 'colcon_notification.desktop_notification.terminal_notifier': Not used on non-Darwin systems
[3.501s] INFO:colcon.colcon_core.plugin_system:Skipping extension 'colcon_notification.desktop_notification.win32': Not used on non-Windows systems
[3.501s] INFO:colcon.colcon_notification.desktop_notification:Sending desktop notification using 'notify2'
[3.503s] DEBUG:colcon.colcon_notification.desktop_notification.notify2:Failed to initialize notify2: org.freedesktop.DBus.Error.ServiceUnknown: The name org.freedesktop.Notifications was not provided by any .service files
[3.504s] DEBUG:colcon.colcon_core.event_reactor:joined thread
[3.504s] INFO:colcon.colcon_core.shell:Creating prefix script '/home/amy/burger_ws1/install/local_setup.ps1'
[3.505s] INFO:colcon.colcon_core.shell:Creating prefix util module '/home/amy/burger_ws1/install/_local_setup_util_ps1.py'
[3.506s] INFO:colcon.colcon_core.shell:Creating prefix chain script '/home/amy/burger_ws1/install/setup.ps1'
[3.507s] INFO:colcon.colcon_core.shell:Creating prefix script '/home/amy/burger_ws1/install/local_setup.sh'
[3.508s] INFO:colcon.colcon_core.shell:Creating prefix util module '/home/amy/burger_ws1/install/_local_setup_util_sh.py'
[3.508s] INFO:colcon.colcon_core.shell:Creating prefix chain script '/home/amy/burger_ws1/install/setup.sh'
[3.509s] INFO:colcon.colcon_core.shell:Creating prefix script '/home/amy/burger_ws1/install/local_setup.bash'
[3.510s] INFO:colcon.colcon_core.shell:Creating prefix chain script '/home/amy/burger_ws1/install/setup.bash'
[3.511s] INFO:colcon.colcon_core.shell:Creating prefix script '/home/amy/burger_ws1/install/local_setup.zsh'
[3.512s] INFO:colcon.colcon_core.shell:Creating prefix chain script '/home/amy/burger_ws1/install/setup.zsh'
