[5.229s] Invoking command in '/home/amy/burger_ws1/src/localization_sanitazation': PYTHONPATH=/home/amy/burger_ws1/build/localization_sanitazation/prefix_override:/usr/lib/python3/dist-packages/colcon_core/task/python/colcon_distutils_commands:/home/amy/burger_ws1/install/localization_sanitazation/lib/python3.10/site-packages:${PYTHONPATH} /usr/bin/python3 -W ignore:setup.py install is deprecated -W ignore:easy_install command is deprecated setup.py egg_info --egg-base ../../build/localization_sanitazation build --build-base /home/amy/burger_ws1/build/localization_sanitazation/build install --record /home/amy/burger_ws1/build/localization_sanitazation/install.log --single-version-externally-managed install_data
[6.617s] running egg_info
[6.631s] writing ../../build/localization_sanitazation/localization_sanitazation.egg-info/PKG-INFO
[6.632s] writing dependency_links to ../../build/localization_sanitazation/localization_sanitazation.egg-info/dependency_links.txt
[6.632s] writing entry points to ../../build/localization_sanitazation/localization_sanitazation.egg-info/entry_points.txt
[6.632s] writing requirements to ../../build/localization_sanitazation/localization_sanitazation.egg-info/requires.txt
[6.633s] writing top-level names to ../../build/localization_sanitazation/localization_sanitazation.egg-info/top_level.txt
[6.665s] reading manifest file '../../build/localization_sanitazation/localization_sanitazation.egg-info/SOURCES.txt'
[6.665s] writing manifest file '../../build/localization_sanitazation/localization_sanitazation.egg-info/SOURCES.txt'
[6.665s] running build
[6.665s] running build_py
[6.667s] running install
[6.668s] running install_lib
[6.672s] running install_data
[6.673s] running install_egg_info
[6.680s] removing '/home/amy/burger_ws1/install/localization_sanitazation/lib/python3.10/site-packages/localization_sanitazation-0.0.0-py3.10.egg-info' (and everything under it)
[6.682s] Copying ../../build/localization_sanitazation/localization_sanitazation.egg-info to /home/amy/burger_ws1/install/localization_sanitazation/lib/python3.10/site-packages/localization_sanitazation-0.0.0-py3.10.egg-info
[6.685s] running install_scripts
[6.774s] Installing FSMcontroller_node script to /home/amy/burger_ws1/install/localization_sanitazation/lib/localization_sanitazation
[6.775s] Installing localization_node script to /home/amy/burger_ws1/install/localization_sanitazation/lib/localization_sanitazation
[6.775s] Installing navigation_node script to /home/amy/burger_ws1/install/localization_sanitazation/lib/localization_sanitazation
[6.775s] Installing sanitization_node script to /home/amy/burger_ws1/install/localization_sanitazation/lib/localization_sanitazation
[6.776s] writing list of installed files to '/home/amy/burger_ws1/build/localization_sanitazation/install.log'
[6.991s] Invoked command in '/home/amy/burger_ws1/src/localization_sanitazation' returned '0': PYTHONPATH=/home/amy/burger_ws1/build/localization_sanitazation/prefix_override:/usr/lib/python3/dist-packages/colcon_core/task/python/colcon_distutils_commands:/home/amy/burger_ws1/install/localization_sanitazation/lib/python3.10/site-packages:${PYTHONPATH} /usr/bin/python3 -W ignore:setup.py install is deprecated -W ignore:easy_install command is deprecated setup.py egg_info --egg-base ../../build/localization_sanitazation build --build-base /home/amy/burger_ws1/build/localization_sanitazation/build install --record /home/amy/burger_ws1/build/localization_sanitazation/install.log --single-version-externally-managed install_data
