-- Found ament_cmake: 1.3.10 (/opt/ros/humble/share/ament_cmake/cmake)
-- Override CMake install command with custom implementation using symlinks instead of copying resources
-- Configuring done
-- Generating done
-- Build files have been written to: /home/amy/burger_ws1/build/map_maker_bringup
-- Install configuration: ""
-- Execute custom install script
-- Up-to-date symlink: /home/amy/burger_ws1/install/map_maker_bringup/share/map_maker_bringup/launch/map_maker.launch.py
-- Up-to-date symlink: /home/amy/burger_ws1/install/map_maker_bringup/share/ament_index/resource_index/package_run_dependencies/map_maker_bringup
-- Up-to-date symlink: /home/amy/burger_ws1/install/map_maker_bringup/share/ament_index/resource_index/parent_prefix_path/map_maker_bringup
-- Up-to-date symlink: /home/amy/burger_ws1/install/map_maker_bringup/share/map_maker_bringup/environment/ament_prefix_path.sh
-- Up-to-date symlink: /home/amy/burger_ws1/install/map_maker_bringup/share/map_maker_bringup/environment/ament_prefix_path.dsv
-- Up-to-date symlink: /home/amy/burger_ws1/install/map_maker_bringup/share/map_maker_bringup/environment/path.sh
-- Up-to-date symlink: /home/amy/burger_ws1/install/map_maker_bringup/share/map_maker_bringup/environment/path.dsv
-- Up-to-date symlink: /home/amy/burger_ws1/install/map_maker_bringup/share/map_maker_bringup/local_setup.bash
-- Up-to-date symlink: /home/amy/burger_ws1/install/map_maker_bringup/share/map_maker_bringup/local_setup.sh
-- Up-to-date symlink: /home/amy/burger_ws1/install/map_maker_bringup/share/map_maker_bringup/local_setup.zsh
-- Up-to-date symlink: /home/amy/burger_ws1/install/map_maker_bringup/share/map_maker_bringup/local_setup.dsv
-- Symlinking: /home/amy/burger_ws1/install/map_maker_bringup/share/map_maker_bringup/package.dsv
-- Up-to-date symlink: /home/amy/burger_ws1/install/map_maker_bringup/share/ament_index/resource_index/packages/map_maker_bringup
-- Up-to-date symlink: /home/amy/burger_ws1/install/map_maker_bringup/share/map_maker_bringup/cmake/map_maker_bringupConfig.cmake
-- Up-to-date symlink: /home/amy/burger_ws1/install/map_maker_bringup/share/map_maker_bringup/cmake/map_maker_bringupConfig-version.cmake
-- Up-to-date symlink: /home/amy/burger_ws1/install/map_maker_bringup/share/map_maker_bringup/package.xml
