[4.183s] Invoking command in '/home/amy/burger_ws1/src/localization_sanitazation': PYTHONPATH=/home/amy/burger_ws1/build/localization_sanitazation/prefix_override:/usr/lib/python3/dist-packages/colcon_core/task/python/colcon_distutils_commands:/home/amy/burger_ws1/install/localization_sanitazation/lib/python3.10/site-packages:${PYTHONPATH} /usr/bin/python3 -W ignore:setup.py install is deprecated -W ignore:easy_install command is deprecated setup.py egg_info --egg-base ../../build/localization_sanitazation build --build-base /home/amy/burger_ws1/build/localization_sanitazation/build install --record /home/amy/burger_ws1/build/localization_sanitazation/install.log --single-version-externally-managed install_data
[5.668s] running egg_info
[5.679s] writing ../../build/localization_sanitazation/localization_sanitazation.egg-info/PKG-INFO
[5.681s] writing dependency_links to ../../build/localization_sanitazation/localization_sanitazation.egg-info/dependency_links.txt
[5.685s] writing entry points to ../../build/localization_sanitazation/localization_sanitazation.egg-info/entry_points.txt
[5.686s] writing requirements to ../../build/localization_sanitazation/localization_sanitazation.egg-info/requires.txt
[5.686s] writing top-level names to ../../build/localization_sanitazation/localization_sanitazation.egg-info/top_level.txt
[5.690s] reading manifest file '../../build/localization_sanitazation/localization_sanitazation.egg-info/SOURCES.txt'
[5.692s] writing manifest file '../../build/localization_sanitazation/localization_sanitazation.egg-info/SOURCES.txt'
[5.693s] running build
[5.693s] running build_py
[5.693s] copying localization_sanitazation/navigation_node.py -> /home/amy/burger_ws1/build/localization_sanitazation/build/lib/localization_sanitazation
[5.694s] running install
[5.696s] running install_lib
[5.711s] copying /home/amy/burger_ws1/build/localization_sanitazation/build/lib/localization_sanitazation/navigation_node.py -> /home/amy/burger_ws1/install/localization_sanitazation/lib/python3.10/site-packages/localization_sanitazation
[5.716s] byte-compiling /home/amy/burger_ws1/install/localization_sanitazation/lib/python3.10/site-packages/localization_sanitazation/navigation_node.py to navigation_node.cpython-310.pyc
[5.744s]   File "/home/amy/burger_ws1/install/localization_sanitazation/lib/python3.10/site-packages/localization_sanitazation/navigation_node.py", line 84
[5.745s]     route_file_path = os.path.join(os.getcwd(), 'src', 'localization_sanitazation', 'localization_sanitazation'', 'navgoals.yaml')
[5.745s]                                                                                                                                 ^
[5.745s] SyntaxError: unterminated string literal (detected at line 84)
[5.745s] 
[5.746s] running install_data
[5.746s] running install_egg_info
[5.746s] removing '/home/amy/burger_ws1/install/localization_sanitazation/lib/python3.10/site-packages/localization_sanitazation-0.0.0-py3.10.egg-info' (and everything under it)
[5.759s] Copying ../../build/localization_sanitazation/localization_sanitazation.egg-info to /home/amy/burger_ws1/install/localization_sanitazation/lib/python3.10/site-packages/localization_sanitazation-0.0.0-py3.10.egg-info
[5.762s] running install_scripts
[5.903s] Installing FSMcontroller_node script to /home/amy/burger_ws1/install/localization_sanitazation/lib/localization_sanitazation
[5.903s] Installing localization_node script to /home/amy/burger_ws1/install/localization_sanitazation/lib/localization_sanitazation
[5.903s] Installing navigation_node script to /home/amy/burger_ws1/install/localization_sanitazation/lib/localization_sanitazation
[5.909s] Installing sanitization_node script to /home/amy/burger_ws1/install/localization_sanitazation/lib/localization_sanitazation
[5.909s] writing list of installed files to '/home/amy/burger_ws1/build/localization_sanitazation/install.log'
[5.988s] Invoked command in '/home/amy/burger_ws1/src/localization_sanitazation' returned '0': PYTHONPATH=/home/amy/burger_ws1/build/localization_sanitazation/prefix_override:/usr/lib/python3/dist-packages/colcon_core/task/python/colcon_distutils_commands:/home/amy/burger_ws1/install/localization_sanitazation/lib/python3.10/site-packages:${PYTHONPATH} /usr/bin/python3 -W ignore:setup.py install is deprecated -W ignore:easy_install command is deprecated setup.py egg_info --egg-base ../../build/localization_sanitazation build --build-base /home/amy/burger_ws1/build/localization_sanitazation/build install --record /home/amy/burger_ws1/build/localization_sanitazation/install.log --single-version-externally-managed install_data
