[2.204s] Invoking command in '/home/amy/burger_ws1/src/map_maker': PYTHONPATH=/home/amy/burger_ws1/build/map_maker/prefix_override:/usr/lib/python3/dist-packages/colcon_core/task/python/colcon_distutils_commands:/home/amy/burger_ws1/install/map_maker/lib/python3.10/site-packages:${PYTHONPATH} /usr/bin/python3 -W ignore:setup.py install is deprecated -W ignore:easy_install command is deprecated setup.py egg_info --egg-base ../../build/map_maker build --build-base /home/amy/burger_ws1/build/map_maker/build install --record /home/amy/burger_ws1/build/map_maker/install.log --single-version-externally-managed install_data
[2.813s] running egg_info
[2.815s] writing ../../build/map_maker/map_maker.egg-info/PKG-INFO
[2.816s] writing dependency_links to ../../build/map_maker/map_maker.egg-info/dependency_links.txt
[2.818s] writing entry points to ../../build/map_maker/map_maker.egg-info/entry_points.txt
[2.819s] writing requirements to ../../build/map_maker/map_maker.egg-info/requires.txt
[2.819s] writing top-level names to ../../build/map_maker/map_maker.egg-info/top_level.txt
[2.821s] reading manifest file '../../build/map_maker/map_maker.egg-info/SOURCES.txt'
[2.822s] writing manifest file '../../build/map_maker/map_maker.egg-info/SOURCES.txt'
[2.822s] running build
[2.823s] running build_py
[2.823s] copying map_maker/frontier_explorer_node.py -> /home/amy/burger_ws1/build/map_maker/build/lib/map_maker
[2.823s] running install
[2.824s] running install_lib
[2.825s] copying /home/amy/burger_ws1/build/map_maker/build/lib/map_maker/frontier_explorer_node.py -> /home/amy/burger_ws1/install/map_maker/lib/python3.10/site-packages/map_maker
[2.826s] byte-compiling /home/amy/burger_ws1/install/map_maker/lib/python3.10/site-packages/map_maker/frontier_explorer_node.py to frontier_explorer_node.cpython-310.pyc
[2.827s] Sorry: IndentationError: expected an indented block after 'with' statement on line 17 (frontier_explorer_node.py, line 19)
[2.828s] running install_data
[2.828s] running install_egg_info
[2.830s] removing '/home/amy/burger_ws1/install/map_maker/lib/python3.10/site-packages/map_maker-0.0.0-py3.10.egg-info' (and everything under it)
[2.831s] Copying ../../build/map_maker/map_maker.egg-info to /home/amy/burger_ws1/install/map_maker/lib/python3.10/site-packages/map_maker-0.0.0-py3.10.egg-info
[2.833s] running install_scripts
[2.869s] Installing FSM_controller_node script to /home/amy/burger_ws1/install/map_maker/lib/map_maker
[2.870s] Installing frontier_explorer_node script to /home/amy/burger_ws1/install/map_maker/lib/map_maker
[2.870s] Installing path_planning_navigator_node script to /home/amy/burger_ws1/install/map_maker/lib/map_maker
[2.871s] Installing rotation_node script to /home/amy/burger_ws1/install/map_maker/lib/map_maker
[2.871s] writing list of installed files to '/home/amy/burger_ws1/build/map_maker/install.log'
[2.939s] Invoked command in '/home/amy/burger_ws1/src/map_maker' returned '0': PYTHONPATH=/home/amy/burger_ws1/build/map_maker/prefix_override:/usr/lib/python3/dist-packages/colcon_core/task/python/colcon_distutils_commands:/home/amy/burger_ws1/install/map_maker/lib/python3.10/site-packages:${PYTHONPATH} /usr/bin/python3 -W ignore:setup.py install is deprecated -W ignore:easy_install command is deprecated setup.py egg_info --egg-base ../../build/map_maker build --build-base /home/amy/burger_ws1/build/map_maker/build install --record /home/amy/burger_ws1/build/map_maker/install.log --single-version-externally-managed install_data
