[5.046s] Invoking command in '/home/amy/burger_ws1/src/map_maker': PYTHONPATH=/home/amy/burger_ws1/build/map_maker/prefix_override:/usr/lib/python3/dist-packages/colcon_core/task/python/colcon_distutils_commands:/home/amy/burger_ws1/install/map_maker/lib/python3.10/site-packages:${PYTHONPATH} /usr/bin/python3 -W ignore:setup.py install is deprecated -W ignore:easy_install command is deprecated setup.py egg_info --egg-base ../../build/map_maker build --build-base /home/amy/burger_ws1/build/map_maker/build install --record /home/amy/burger_ws1/build/map_maker/install.log --single-version-externally-managed install_data
[6.374s] running egg_info
[6.376s] writing ../../build/map_maker/map_maker.egg-info/PKG-INFO
[6.377s] writing dependency_links to ../../build/map_maker/map_maker.egg-info/dependency_links.txt
[6.377s] writing entry points to ../../build/map_maker/map_maker.egg-info/entry_points.txt
[6.378s] writing requirements to ../../build/map_maker/map_maker.egg-info/requires.txt
[6.378s] writing top-level names to ../../build/map_maker/map_maker.egg-info/top_level.txt
[6.384s] reading manifest file '../../build/map_maker/map_maker.egg-info/SOURCES.txt'
[6.388s] writing manifest file '../../build/map_maker/map_maker.egg-info/SOURCES.txt'
[6.389s] running build
[6.389s] running build_py
[6.393s] copying map_maker/frontier_explorer_node.py -> /home/amy/burger_ws1/build/map_maker/build/lib/map_maker
[6.394s] running install
[6.394s] running install_lib
[6.395s] copying /home/amy/burger_ws1/build/map_maker/build/lib/map_maker/frontier_explorer_node.py -> /home/amy/burger_ws1/install/map_maker/lib/python3.10/site-packages/map_maker
[6.396s] byte-compiling /home/amy/burger_ws1/install/map_maker/lib/python3.10/site-packages/map_maker/frontier_explorer_node.py to frontier_explorer_node.cpython-310.pyc
[6.445s] running install_data
[6.445s] running install_egg_info
[6.451s] removing '/home/amy/burger_ws1/install/map_maker/lib/python3.10/site-packages/map_maker-0.0.0-py3.10.egg-info' (and everything under it)
[6.462s] Copying ../../build/map_maker/map_maker.egg-info to /home/amy/burger_ws1/install/map_maker/lib/python3.10/site-packages/map_maker-0.0.0-py3.10.egg-info
[6.465s] running install_scripts
[6.593s] Installing FSM_controller_node script to /home/amy/burger_ws1/install/map_maker/lib/map_maker
[6.594s] Installing frontier_explorer_node script to /home/amy/burger_ws1/install/map_maker/lib/map_maker
[6.594s] Installing path_planning_navigator_node script to /home/amy/burger_ws1/install/map_maker/lib/map_maker
[6.594s] Installing rotation_node script to /home/amy/burger_ws1/install/map_maker/lib/map_maker
[6.613s] writing list of installed files to '/home/amy/burger_ws1/build/map_maker/install.log'
[6.743s] Invoked command in '/home/amy/burger_ws1/src/map_maker' returned '0': PYTHONPATH=/home/amy/burger_ws1/build/map_maker/prefix_override:/usr/lib/python3/dist-packages/colcon_core/task/python/colcon_distutils_commands:/home/amy/burger_ws1/install/map_maker/lib/python3.10/site-packages:${PYTHONPATH} /usr/bin/python3 -W ignore:setup.py install is deprecated -W ignore:easy_install command is deprecated setup.py egg_info --egg-base ../../build/map_maker build --build-base /home/amy/burger_ws1/build/map_maker/build install --record /home/amy/burger_ws1/build/map_maker/install.log --single-version-externally-managed install_data
