[4.368s] Invoking command in '/home/amy/burger_ws1/build/map_maker': PYTHONPATH=/home/amy/burger_ws1/build/map_maker/prefix_override:/usr/lib/python3/dist-packages/colcon_core/task/python/colcon_distutils_commands:/home/amy/burger_ws1/install/map_maker/lib/python3.10/site-packages:${PYTHONPATH} /usr/bin/python3 -W ignore:setup.py install is deprecated -W ignore:easy_install command is deprecated setup.py develop --editable --build-directory /home/amy/burger_ws1/build/map_maker/build --no-deps symlink_data --force
[5.371s] running develop
[5.872s] running egg_info
[5.873s] writing map_maker.egg-info/PKG-INFO
[5.876s] writing dependency_links to map_maker.egg-info/dependency_links.txt
[5.877s] writing entry points to map_maker.egg-info/entry_points.txt
[5.877s] writing requirements to map_maker.egg-info/requires.txt
[5.878s] writing top-level names to map_maker.egg-info/top_level.txt
[5.885s] reading manifest file 'map_maker.egg-info/SOURCES.txt'
[5.892s] writing manifest file 'map_maker.egg-info/SOURCES.txt'
[5.901s] running build_ext
[5.902s] Creating /home/amy/burger_ws1/install/map_maker/lib/python3.10/site-packages/map-maker.egg-link (link to .)
[5.904s] Installing FSM_controller_node script to /home/amy/burger_ws1/install/map_maker/lib/map_maker
[5.904s] Installing frontier_explorer_node script to /home/amy/burger_ws1/install/map_maker/lib/map_maker
[5.905s] Installing path_planning_navigator_node script to /home/amy/burger_ws1/install/map_maker/lib/map_maker
[5.905s] Installing rotation_node script to /home/amy/burger_ws1/install/map_maker/lib/map_maker
[5.906s] 
[5.906s] Installed /home/amy/burger_ws1/build/map_maker
[5.907s] running symlink_data
[5.907s] symbolically linking /home/amy/burger_ws1/build/map_maker/resource/map_maker -> /home/amy/burger_ws1/install/map_maker/share/ament_index/resource_index/packages
[5.908s] symbolically linking /home/amy/burger_ws1/build/map_maker/package.xml -> /home/amy/burger_ws1/install/map_maker/share/map_maker
[6.001s] Invoked command in '/home/amy/burger_ws1/build/map_maker' returned '0': PYTHONPATH=/home/amy/burger_ws1/build/map_maker/prefix_override:/usr/lib/python3/dist-packages/colcon_core/task/python/colcon_distutils_commands:/home/amy/burger_ws1/install/map_maker/lib/python3.10/site-packages:${PYTHONPATH} /usr/bin/python3 -W ignore:setup.py install is deprecated -W ignore:easy_install command is deprecated setup.py develop --editable --build-directory /home/amy/burger_ws1/build/map_maker/build --no-deps symlink_data --force
