[0.430s] Invoking command in '/home/amy/burger_ws1/build/turtlebot3_navigation2': CMAKE_PREFIX_PATH=${CMAKE_PREFIX_PATH}:/home/amy/burger_ws1/install/sanitizer_burger_controller:/home/amy/burger_ws1/install/velocity_controller_pkg:/home/amy/burger_ws1/install/turtlebot3_teleop:/home/amy/burger_ws1/install/turtlebot3_example:/home/amy/burger_ws1/install/map_maker:/opt/ros/humble /usr/bin/cmake /home/amy/burger_ws1/src/turtlebot3/turtlebot3_navigation2 -DCMAKE_INSTALL_PREFIX=/home/amy/burger_ws1/install/turtlebot3_navigation2
[0.925s] -- The C compiler identification is GNU 11.4.0
[0.925s] -- The CXX compiler identification is GNU 11.4.0
[0.925s] -- Detecting C compiler ABI info
[0.925s] -- Detecting C compiler ABI info - done
[0.926s] -- Check for working C compiler: /usr/bin/cc - skipped
[0.926s] -- Detecting C compile features
[0.926s] -- Detecting C compile features - done
[0.926s] -- Detecting CXX compiler ABI info
[1.029s] -- Detecting CXX compiler ABI info - done
[1.036s] -- Check for working CXX compiler: /usr/bin/c++ - skipped
[1.037s] -- Detecting CXX compile features
[1.037s] -- Detecting CXX compile features - done
[1.040s] -- Found ament_cmake: 1.3.10 (/opt/ros/humble/share/ament_cmake/cmake)
[1.220s] -- Found Python3: /usr/bin/python3 (found version "3.10.12") found components: Interpreter 
[1.373s] -- Configuring done
[1.377s] -- Generating done
[1.378s] -- Build files have been written to: /home/amy/burger_ws1/build/turtlebot3_navigation2
[1.382s] Invoked command in '/home/amy/burger_ws1/build/turtlebot3_navigation2' returned '0': CMAKE_PREFIX_PATH=${CMAKE_PREFIX_PATH}:/home/amy/burger_ws1/install/sanitizer_burger_controller:/home/amy/burger_ws1/install/velocity_controller_pkg:/home/amy/burger_ws1/install/turtlebot3_teleop:/home/amy/burger_ws1/install/turtlebot3_example:/home/amy/burger_ws1/install/map_maker:/opt/ros/humble /usr/bin/cmake /home/amy/burger_ws1/src/turtlebot3/turtlebot3_navigation2 -DCMAKE_INSTALL_PREFIX=/home/amy/burger_ws1/install/turtlebot3_navigation2
[1.384s] Invoking command in '/home/amy/burger_ws1/build/turtlebot3_navigation2': CMAKE_PREFIX_PATH=${CMAKE_PREFIX_PATH}:/home/amy/burger_ws1/install/sanitizer_burger_controller:/home/amy/burger_ws1/install/velocity_controller_pkg:/home/amy/burger_ws1/install/turtlebot3_teleop:/home/amy/burger_ws1/install/turtlebot3_example:/home/amy/burger_ws1/install/map_maker:/opt/ros/humble /usr/bin/cmake --build /home/amy/burger_ws1/build/turtlebot3_navigation2 -- -j8 -l8
[1.413s] Invoked command in '/home/amy/burger_ws1/build/turtlebot3_navigation2' returned '0': CMAKE_PREFIX_PATH=${CMAKE_PREFIX_PATH}:/home/amy/burger_ws1/install/sanitizer_burger_controller:/home/amy/burger_ws1/install/velocity_controller_pkg:/home/amy/burger_ws1/install/turtlebot3_teleop:/home/amy/burger_ws1/install/turtlebot3_example:/home/amy/burger_ws1/install/map_maker:/opt/ros/humble /usr/bin/cmake --build /home/amy/burger_ws1/build/turtlebot3_navigation2 -- -j8 -l8
[1.414s] Invoking command in '/home/amy/burger_ws1/build/turtlebot3_navigation2': CMAKE_PREFIX_PATH=${CMAKE_PREFIX_PATH}:/home/amy/burger_ws1/install/sanitizer_burger_controller:/home/amy/burger_ws1/install/velocity_controller_pkg:/home/amy/burger_ws1/install/turtlebot3_teleop:/home/amy/burger_ws1/install/turtlebot3_example:/home/amy/burger_ws1/install/map_maker:/opt/ros/humble /usr/bin/cmake --install /home/amy/burger_ws1/build/turtlebot3_navigation2
[1.419s] -- Install configuration: ""
[1.419s] -- Installing: /home/amy/burger_ws1/install/turtlebot3_navigation2/share/turtlebot3_navigation2/launch
[1.420s] -- Installing: /home/amy/burger_ws1/install/turtlebot3_navigation2/share/turtlebot3_navigation2/launch/navigation2.launch.py
[1.420s] -- Installing: /home/amy/burger_ws1/install/turtlebot3_navigation2/share/turtlebot3_navigation2/map
[1.420s] -- Installing: /home/amy/burger_ws1/install/turtlebot3_navigation2/share/turtlebot3_navigation2/map/map.yaml
[1.421s] -- Installing: /home/amy/burger_ws1/install/turtlebot3_navigation2/share/turtlebot3_navigation2/map/map.pgm
[1.422s] -- Installing: /home/amy/burger_ws1/install/turtlebot3_navigation2/share/turtlebot3_navigation2/param
[1.422s] -- Installing: /home/amy/burger_ws1/install/turtlebot3_navigation2/share/turtlebot3_navigation2/param/waffle_pi.yaml
[1.423s] -- Installing: /home/amy/burger_ws1/install/turtlebot3_navigation2/share/turtlebot3_navigation2/param/burger.yaml
[1.423s] -- Installing: /home/amy/burger_ws1/install/turtlebot3_navigation2/share/turtlebot3_navigation2/param/waffle.yaml
[1.423s] -- Installing: /home/amy/burger_ws1/install/turtlebot3_navigation2/share/turtlebot3_navigation2/rviz
[1.424s] -- Installing: /home/amy/burger_ws1/install/turtlebot3_navigation2/share/turtlebot3_navigation2/rviz/tb3_navigation2.rviz
[1.424s] -- Installing: /home/amy/burger_ws1/install/turtlebot3_navigation2/share/ament_index/resource_index/package_run_dependencies/turtlebot3_navigation2
[1.425s] -- Installing: /home/amy/burger_ws1/install/turtlebot3_navigation2/share/ament_index/resource_index/parent_prefix_path/turtlebot3_navigation2
[1.425s] -- Installing: /home/amy/burger_ws1/install/turtlebot3_navigation2/share/turtlebot3_navigation2/environment/ament_prefix_path.sh
[1.425s] -- Installing: /home/amy/burger_ws1/install/turtlebot3_navigation2/share/turtlebot3_navigation2/environment/ament_prefix_path.dsv
[1.425s] -- Installing: /home/amy/burger_ws1/install/turtlebot3_navigation2/share/turtlebot3_navigation2/environment/path.sh
[1.425s] -- Installing: /home/amy/burger_ws1/install/turtlebot3_navigation2/share/turtlebot3_navigation2/environment/path.dsv
[1.425s] -- Installing: /home/amy/burger_ws1/install/turtlebot3_navigation2/share/turtlebot3_navigation2/local_setup.bash
[1.426s] -- Installing: /home/amy/burger_ws1/install/turtlebot3_navigation2/share/turtlebot3_navigation2/local_setup.sh
[1.426s] -- Installing: /home/amy/burger_ws1/install/turtlebot3_navigation2/share/turtlebot3_navigation2/local_setup.zsh
[1.426s] -- Installing: /home/amy/burger_ws1/install/turtlebot3_navigation2/share/turtlebot3_navigation2/local_setup.dsv
[1.426s] -- Installing: /home/amy/burger_ws1/install/turtlebot3_navigation2/share/turtlebot3_navigation2/package.dsv
[1.426s] -- Installing: /home/amy/burger_ws1/install/turtlebot3_navigation2/share/ament_index/resource_index/packages/turtlebot3_navigation2
[1.426s] -- Installing: /home/amy/burger_ws1/install/turtlebot3_navigation2/share/turtlebot3_navigation2/cmake/turtlebot3_navigation2Config.cmake
[1.426s] -- Installing: /home/amy/burger_ws1/install/turtlebot3_navigation2/share/turtlebot3_navigation2/cmake/turtlebot3_navigation2Config-version.cmake
[1.427s] -- Installing: /home/amy/burger_ws1/install/turtlebot3_navigation2/share/turtlebot3_navigation2/package.xml
[1.429s] Invoked command in '/home/amy/burger_ws1/build/turtlebot3_navigation2' returned '0': CMAKE_PREFIX_PATH=${CMAKE_PREFIX_PATH}:/home/amy/burger_ws1/install/sanitizer_burger_controller:/home/amy/burger_ws1/install/velocity_controller_pkg:/home/amy/burger_ws1/install/turtlebot3_teleop:/home/amy/burger_ws1/install/turtlebot3_example:/home/amy/burger_ws1/install/map_maker:/opt/ros/humble /usr/bin/cmake --install /home/amy/burger_ws1/build/turtlebot3_navigation2
