[3.913s] Invoking command in '/home/amy/burger_ws1/src/map_maker': PYTHONPATH=/home/amy/burger_ws1/build/map_maker/prefix_override:/usr/lib/python3/dist-packages/colcon_core/task/python/colcon_distutils_commands:/home/amy/burger_ws1/install/map_maker/lib/python3.10/site-packages:${PYTHONPATH} /usr/bin/python3 -W ignore:setup.py install is deprecated -W ignore:easy_install command is deprecated setup.py egg_info --egg-base ../../build/map_maker build --build-base /home/amy/burger_ws1/build/map_maker/build install --record /home/amy/burger_ws1/build/map_maker/install.log --single-version-externally-managed install_data
[4.915s] running egg_info
[4.919s] writing ../../build/map_maker/map_maker.egg-info/PKG-INFO
[4.920s] writing dependency_links to ../../build/map_maker/map_maker.egg-info/dependency_links.txt
[4.920s] writing entry points to ../../build/map_maker/map_maker.egg-info/entry_points.txt
[4.921s] writing requirements to ../../build/map_maker/map_maker.egg-info/requires.txt
[4.921s] writing top-level names to ../../build/map_maker/map_maker.egg-info/top_level.txt
[4.926s] reading manifest file '../../build/map_maker/map_maker.egg-info/SOURCES.txt'
[4.928s] writing manifest file '../../build/map_maker/map_maker.egg-info/SOURCES.txt'
[4.931s] running build
[4.931s] running build_py
[4.931s] copying map_maker/frontier_explorer_node.py -> /home/amy/burger_ws1/build/map_maker/build/lib/map_maker
[4.936s] running install
[4.936s] running install_lib
[4.942s] copying /home/amy/burger_ws1/build/map_maker/build/lib/map_maker/frontier_explorer_node.py -> /home/amy/burger_ws1/install/map_maker/lib/python3.10/site-packages/map_maker
[4.945s] byte-compiling /home/amy/burger_ws1/install/map_maker/lib/python3.10/site-packages/map_maker/frontier_explorer_node.py to frontier_explorer_node.cpython-310.pyc
[4.947s] running install_data
[4.947s] running install_egg_info
[4.953s] Sorry: IndentationError: expected an indented block after 'with' statement on line 17 (frontier_explorer_node.py, line 19)
[4.962s] removing '/home/amy/burger_ws1/install/map_maker/lib/python3.10/site-packages/map_maker-0.0.0-py3.10.egg-info' (and everything under it)
[4.963s] Copying ../../build/map_maker/map_maker.egg-info to /home/amy/burger_ws1/install/map_maker/lib/python3.10/site-packages/map_maker-0.0.0-py3.10.egg-info
[4.967s] running install_scripts
[5.037s] Installing FSM_controller_node script to /home/amy/burger_ws1/install/map_maker/lib/map_maker
[5.038s] Installing frontier_explorer_node script to /home/amy/burger_ws1/install/map_maker/lib/map_maker
[5.039s] Installing path_planning_navigator_node script to /home/amy/burger_ws1/install/map_maker/lib/map_maker
[5.039s] Installing rotation_node script to /home/amy/burger_ws1/install/map_maker/lib/map_maker
[5.042s] writing list of installed files to '/home/amy/burger_ws1/build/map_maker/install.log'
[5.128s] Invoked command in '/home/amy/burger_ws1/src/map_maker' returned '0': PYTHONPATH=/home/amy/burger_ws1/build/map_maker/prefix_override:/usr/lib/python3/dist-packages/colcon_core/task/python/colcon_distutils_commands:/home/amy/burger_ws1/install/map_maker/lib/python3.10/site-packages:${PYTHONPATH} /usr/bin/python3 -W ignore:setup.py install is deprecated -W ignore:easy_install command is deprecated setup.py egg_info --egg-base ../../build/map_maker build --build-base /home/amy/burger_ws1/build/map_maker/build install --record /home/amy/burger_ws1/build/map_maker/install.log --single-version-externally-managed install_data
