[0.034s] Invoking command in '/home/amy/burger_ws1/build/turtlebot3_node': CMAKE_PREFIX_PATH=${CMAKE_PREFIX_PATH}:/home/amy/burger_ws1/install/sanitizer_burger_controller:/home/amy/burger_ws1/install/velocity_controller_pkg:/home/amy/burger_ws1/install/turtlebot3_teleop:/home/amy/burger_ws1/install/turtlebot3_example:/home/amy/burger_ws1/install/map_maker:/opt/ros/humble /usr/bin/cmake /home/amy/burger_ws1/src/turtlebot3/turtlebot3_node -DCMAKE_INSTALL_PREFIX=/home/amy/burger_ws1/install/turtlebot3_node
[0.935s] -- The C compiler identification is GNU 11.4.0
[0.935s] -- The CXX compiler identification is GNU 11.4.0
[0.935s] -- Detecting C compiler ABI info
[0.935s] -- Detecting C compiler ABI info - done
[0.935s] -- Check for working C compiler: /usr/bin/cc - skipped
[0.935s] -- Detecting C compile features
[0.935s] -- Detecting C compile features - done
[0.936s] -- Detecting CXX compiler ABI info
[0.936s] -- Detecting CXX compiler ABI info - done
[0.936s] -- Check for working CXX compiler: /usr/bin/c++ - skipped
[0.936s] -- Detecting CXX compile features
[0.936s] -- Detecting CXX compile features - done
[0.936s] -- Found ament_cmake: 1.3.10 (/opt/ros/humble/share/ament_cmake/cmake)
[0.936s] -- Found Python3: /usr/bin/python3 (found version "3.10.12") found components: Interpreter 
[0.972s] -- Found dynamixel_sdk: 3.7.60 (/opt/ros/humble/share/dynamixel_sdk/cmake)
[0.977s] -- Found geometry_msgs: 4.2.4 (/opt/ros/humble/share/geometry_msgs/cmake)
[1.133s] -- Found rosidl_generator_c: 3.1.5 (/opt/ros/humble/share/rosidl_generator_c/cmake)
[1.142s] -- Found rosidl_adapter: 3.1.5 (/opt/ros/humble/share/rosidl_adapter/cmake)
[1.164s] -- Found rosidl_generator_cpp: 3.1.5 (/opt/ros/humble/share/rosidl_generator_cpp/cmake)
[1.210s] -- Using all available rosidl_typesupport_c: rosidl_typesupport_fastrtps_c;rosidl_typesupport_introspection_c
[1.239s] -- Using all available rosidl_typesupport_cpp: rosidl_typesupport_fastrtps_cpp;rosidl_typesupport_introspection_cpp
[1.323s] -- Found message_filters: 4.3.5 (/opt/ros/humble/share/message_filters/cmake)
[1.389s] -- Found rmw_implementation_cmake: 6.1.2 (/opt/ros/humble/share/rmw_implementation_cmake/cmake)
[1.393s] -- Found rmw_cyclonedds_cpp: 1.3.4 (/opt/ros/humble/share/rmw_cyclonedds_cpp/cmake)
[1.431s] -- Using RMW implementation 'rmw_cyclonedds_cpp' as default
[1.445s] -- Looking for pthread.h
[1.558s] -- Looking for pthread.h - found
[1.559s] -- Performing Test CMAKE_HAVE_LIBC_PTHREAD
[1.665s] -- Performing Test CMAKE_HAVE_LIBC_PTHREAD - Success
[1.665s] -- Found Threads: TRUE  
[1.722s] -- Found nav_msgs: 4.2.4 (/opt/ros/humble/share/nav_msgs/cmake)
[1.749s] -- Found sensor_msgs: 4.2.4 (/opt/ros/humble/share/sensor_msgs/cmake)
[1.783s] -- Found std_srvs: 4.2.4 (/opt/ros/humble/share/std_srvs/cmake)
[1.809s] -- Found tf2: 0.25.8 (/opt/ros/humble/share/tf2/cmake)
[1.821s] -- Found tf2_ros: 0.25.8 (/opt/ros/humble/share/tf2_ros/cmake)
[1.963s] -- Found turtlebot3_msgs: 2.2.3 (/opt/ros/humble/share/turtlebot3_msgs/cmake)
[2.045s] -- Configuring done
[2.061s] -- Generating done
[2.068s] -- Build files have been written to: /home/amy/burger_ws1/build/turtlebot3_node
[2.164s] Invoked command in '/home/amy/burger_ws1/build/turtlebot3_node' returned '0': CMAKE_PREFIX_PATH=${CMAKE_PREFIX_PATH}:/home/amy/burger_ws1/install/sanitizer_burger_controller:/home/amy/burger_ws1/install/velocity_controller_pkg:/home/amy/burger_ws1/install/turtlebot3_teleop:/home/amy/burger_ws1/install/turtlebot3_example:/home/amy/burger_ws1/install/map_maker:/opt/ros/humble /usr/bin/cmake /home/amy/burger_ws1/src/turtlebot3/turtlebot3_node -DCMAKE_INSTALL_PREFIX=/home/amy/burger_ws1/install/turtlebot3_node
[2.166s] Invoking command in '/home/amy/burger_ws1/build/turtlebot3_node': CMAKE_PREFIX_PATH=${CMAKE_PREFIX_PATH}:/home/amy/burger_ws1/install/sanitizer_burger_controller:/home/amy/burger_ws1/install/velocity_controller_pkg:/home/amy/burger_ws1/install/turtlebot3_teleop:/home/amy/burger_ws1/install/turtlebot3_example:/home/amy/burger_ws1/install/map_maker:/opt/ros/humble /usr/bin/cmake --build /home/amy/burger_ws1/build/turtlebot3_node -- -j8 -l8
[2.201s] [ 14%] [32mBuilding CXX object CMakeFiles/turtlebot3_node_lib.dir/src/devices/motor_power.cpp.o[0m
[2.201s] [ 14%] [32mBuilding CXX object CMakeFiles/turtlebot3_node_lib.dir/src/devices/reset.cpp.o[0m
[2.201s] [ 21%] [32mBuilding CXX object CMakeFiles/turtlebot3_node_lib.dir/src/dynamixel_sdk_wrapper.cpp.o[0m
[2.201s] [ 35%] [32mBuilding CXX object CMakeFiles/turtlebot3_node_lib.dir/src/diff_drive_controller.cpp.o[0m
[2.201s] [ 35%] [32mBuilding CXX object CMakeFiles/turtlebot3_node_lib.dir/src/devices/sound.cpp.o[0m
[2.203s] [ 42%] [32mBuilding CXX object CMakeFiles/turtlebot3_node_lib.dir/src/odometry.cpp.o[0m
[2.203s] [ 50%] [32mBuilding CXX object CMakeFiles/turtlebot3_node_lib.dir/src/turtlebot3.cpp.o[0m
[2.212s] [ 57%] [32mBuilding CXX object CMakeFiles/turtlebot3_node_lib.dir/src/sensors/battery_state.cpp.o[0m
[3.164s] [ 64%] [32mBuilding CXX object CMakeFiles/turtlebot3_node_lib.dir/src/sensors/imu.cpp.o[0m
[6.852s] [ 71%] [32mBuilding CXX object CMakeFiles/turtlebot3_node_lib.dir/src/sensors/joint_state.cpp.o[0m
[7.457s] [ 78%] [32mBuilding CXX object CMakeFiles/turtlebot3_node_lib.dir/src/sensors/sensor_state.cpp.o[0m
[16.250s] [ 85%] [32m[1mLinking CXX static library libturtlebot3_node_lib.a[0m
[16.557s] [ 85%] Built target turtlebot3_node_lib
[16.571s] [ 92%] [32mBuilding CXX object CMakeFiles/turtlebot3_ros.dir/src/node_main.cpp.o[0m
[19.042s] [100%] [32m[1mLinking CXX executable turtlebot3_ros[0m
[20.565s] [100%] Built target turtlebot3_ros
[20.572s] Invoked command in '/home/amy/burger_ws1/build/turtlebot3_node' returned '0': CMAKE_PREFIX_PATH=${CMAKE_PREFIX_PATH}:/home/amy/burger_ws1/install/sanitizer_burger_controller:/home/amy/burger_ws1/install/velocity_controller_pkg:/home/amy/burger_ws1/install/turtlebot3_teleop:/home/amy/burger_ws1/install/turtlebot3_example:/home/amy/burger_ws1/install/map_maker:/opt/ros/humble /usr/bin/cmake --build /home/amy/burger_ws1/build/turtlebot3_node -- -j8 -l8
[20.574s] Invoking command in '/home/amy/burger_ws1/build/turtlebot3_node': CMAKE_PREFIX_PATH=${CMAKE_PREFIX_PATH}:/home/amy/burger_ws1/install/sanitizer_burger_controller:/home/amy/burger_ws1/install/velocity_controller_pkg:/home/amy/burger_ws1/install/turtlebot3_teleop:/home/amy/burger_ws1/install/turtlebot3_example:/home/amy/burger_ws1/install/map_maker:/opt/ros/humble /usr/bin/cmake --install /home/amy/burger_ws1/build/turtlebot3_node
[20.578s] -- Install configuration: ""
[20.578s] -- Installing: /home/amy/burger_ws1/install/turtlebot3_node/share/turtlebot3_node/param
[20.579s] -- Installing: /home/amy/burger_ws1/install/turtlebot3_node/share/turtlebot3_node/param/waffle_pi.yaml
[20.580s] -- Installing: /home/amy/burger_ws1/install/turtlebot3_node/share/turtlebot3_node/param/burger.yaml
[20.580s] -- Installing: /home/amy/burger_ws1/install/turtlebot3_node/share/turtlebot3_node/param/waffle.yaml
[20.581s] -- Installing: /home/amy/burger_ws1/install/turtlebot3_node/lib/turtlebot3_node/turtlebot3_ros
[20.588s] -- Set runtime path of "/home/amy/burger_ws1/install/turtlebot3_node/lib/turtlebot3_node/turtlebot3_ros" to ""
[20.588s] -- Installing: /home/amy/burger_ws1/install/turtlebot3_node/share/ament_index/resource_index/package_run_dependencies/turtlebot3_node
[20.588s] -- Installing: /home/amy/burger_ws1/install/turtlebot3_node/share/ament_index/resource_index/parent_prefix_path/turtlebot3_node
[20.588s] -- Installing: /home/amy/burger_ws1/install/turtlebot3_node/share/turtlebot3_node/environment/ament_prefix_path.sh
[20.589s] -- Installing: /home/amy/burger_ws1/install/turtlebot3_node/share/turtlebot3_node/environment/ament_prefix_path.dsv
[20.589s] -- Installing: /home/amy/burger_ws1/install/turtlebot3_node/share/turtlebot3_node/environment/path.sh
[20.589s] -- Installing: /home/amy/burger_ws1/install/turtlebot3_node/share/turtlebot3_node/environment/path.dsv
[20.589s] -- Installing: /home/amy/burger_ws1/install/turtlebot3_node/share/turtlebot3_node/local_setup.bash
[20.589s] -- Installing: /home/amy/burger_ws1/install/turtlebot3_node/share/turtlebot3_node/local_setup.sh
[20.589s] -- Installing: /home/amy/burger_ws1/install/turtlebot3_node/share/turtlebot3_node/local_setup.zsh
[20.590s] -- Installing: /home/amy/burger_ws1/install/turtlebot3_node/share/turtlebot3_node/local_setup.dsv
[20.590s] -- Installing: /home/amy/burger_ws1/install/turtlebot3_node/share/turtlebot3_node/package.dsv
[20.590s] -- Installing: /home/amy/burger_ws1/install/turtlebot3_node/share/ament_index/resource_index/packages/turtlebot3_node
[20.590s] -- Installing: /home/amy/burger_ws1/install/turtlebot3_node/share/turtlebot3_node/cmake/ament_cmake_export_include_directories-extras.cmake
[20.590s] -- Installing: /home/amy/burger_ws1/install/turtlebot3_node/share/turtlebot3_node/cmake/turtlebot3_nodeConfig.cmake
[20.590s] -- Installing: /home/amy/burger_ws1/install/turtlebot3_node/share/turtlebot3_node/cmake/turtlebot3_nodeConfig-version.cmake
[20.590s] -- Installing: /home/amy/burger_ws1/install/turtlebot3_node/share/turtlebot3_node/package.xml
[20.591s] Invoked command in '/home/amy/burger_ws1/build/turtlebot3_node' returned '0': CMAKE_PREFIX_PATH=${CMAKE_PREFIX_PATH}:/home/amy/burger_ws1/install/sanitizer_burger_controller:/home/amy/burger_ws1/install/velocity_controller_pkg:/home/amy/burger_ws1/install/turtlebot3_teleop:/home/amy/burger_ws1/install/turtlebot3_example:/home/amy/burger_ws1/install/map_maker:/opt/ros/humble /usr/bin/cmake --install /home/amy/burger_ws1/build/turtlebot3_node
