/home/amy/burger_ws1/install/sanitizer_burger_controller/lib/python3.10/site-packages/sanitizer_burger_controller/__init__.py
/home/amy/burger_ws1/install/sanitizer_burger_controller/lib/python3.10/site-packages/sanitizer_burger_controller/uv_sanitization_node.py
/home/amy/burger_ws1/install/sanitizer_burger_controller/lib/python3.10/site-packages/sanitizer_burger_controller/exploration_node.py
/home/amy/burger_ws1/install/sanitizer_burger_controller/lib/python3.10/site-packages/sanitizer_burger_controller/basic_navigator_node.py
/home/amy/burger_ws1/install/sanitizer_burger_controller/lib/python3.10/site-packages/sanitizer_burger_controller/basic_sanitizer_navigator_node.py
/home/amy/burger_ws1/install/sanitizer_burger_controller/lib/python3.10/site-packages/sanitizer_burger_controller/__pycache__/__init__.cpython-310.pyc
/home/amy/burger_ws1/install/sanitizer_burger_controller/lib/python3.10/site-packages/sanitizer_burger_controller/__pycache__/uv_sanitization_node.cpython-310.pyc
/home/amy/burger_ws1/install/sanitizer_burger_controller/lib/python3.10/site-packages/sanitizer_burger_controller/__pycache__/exploration_node.cpython-310.pyc
/home/amy/burger_ws1/install/sanitizer_burger_controller/lib/python3.10/site-packages/sanitizer_burger_controller/__pycache__/basic_navigator_node.cpython-310.pyc
/home/amy/burger_ws1/install/sanitizer_burger_controller/lib/python3.10/site-packages/sanitizer_burger_controller/__pycache__/basic_sanitizer_navigator_node.cpython-310.pyc
/home/amy/burger_ws1/install/sanitizer_burger_controller/share/ament_index/resource_index/packages/sanitizer_burger_controller
/home/amy/burger_ws1/install/sanitizer_burger_controller/share/sanitizer_burger_controller/package.xml
/home/amy/burger_ws1/install/sanitizer_burger_controller/lib/python3.10/site-packages/sanitizer_burger_controller-0.0.0-py3.10.egg-info/PKG-INFO
/home/amy/burger_ws1/install/sanitizer_burger_controller/lib/python3.10/site-packages/sanitizer_burger_controller-0.0.0-py3.10.egg-info/entry_points.txt
/home/amy/burger_ws1/install/sanitizer_burger_controller/lib/python3.10/site-packages/sanitizer_burger_controller-0.0.0-py3.10.egg-info/dependency_links.txt
/home/amy/burger_ws1/install/sanitizer_burger_controller/lib/python3.10/site-packages/sanitizer_burger_controller-0.0.0-py3.10.egg-info/top_level.txt
/home/amy/burger_ws1/install/sanitizer_burger_controller/lib/python3.10/site-packages/sanitizer_burger_controller-0.0.0-py3.10.egg-info/SOURCES.txt
/home/amy/burger_ws1/install/sanitizer_burger_controller/lib/python3.10/site-packages/sanitizer_burger_controller-0.0.0-py3.10.egg-info/requires.txt
/home/amy/burger_ws1/install/sanitizer_burger_controller/lib/python3.10/site-packages/sanitizer_burger_controller-0.0.0-py3.10.egg-info/zip-safe
/home/amy/burger_ws1/install/sanitizer_burger_controller/lib/sanitizer_burger_controller/basic_navigator_node
/home/amy/burger_ws1/install/sanitizer_burger_controller/lib/sanitizer_burger_controller/basic_sanitizer_navigator_node
/home/amy/burger_ws1/install/sanitizer_burger_controller/lib/sanitizer_burger_controller/exploration_node
/home/amy/burger_ws1/install/sanitizer_burger_controller/lib/sanitizer_burger_controller/uv_sanitization_nod
