[4.258s] Invoking command in '/home/amy/burger_ws1/build/localization_sanitazation': PYTHONPATH=/home/amy/burger_ws1/build/localization_sanitazation/prefix_override:/usr/lib/python3/dist-packages/colcon_core/task/python/colcon_distutils_commands:/home/amy/burger_ws1/install/localization_sanitazation/lib/python3.10/site-packages:${PYTHONPATH} /usr/bin/python3 -W ignore:setup.py install is deprecated -W ignore:easy_install command is deprecated setup.py develop --editable --build-directory /home/amy/burger_ws1/build/localization_sanitazation/build --no-deps symlink_data --force
[5.483s] running develop
[6.010s] running egg_info
[6.010s] writing localization_sanitazation.egg-info/PKG-INFO
[6.012s] writing dependency_links to localization_sanitazation.egg-info/dependency_links.txt
[6.012s] writing entry points to localization_sanitazation.egg-info/entry_points.txt
[6.012s] writing requirements to localization_sanitazation.egg-info/requires.txt
[6.012s] writing top-level names to localization_sanitazation.egg-info/top_level.txt
[6.015s] reading manifest file 'localization_sanitazation.egg-info/SOURCES.txt'
[6.017s] writing manifest file 'localization_sanitazation.egg-info/SOURCES.txt'
[6.021s] running build_ext
[6.023s] Creating /home/amy/burger_ws1/install/localization_sanitazation/lib/python3.10/site-packages/localization-sanitazation.egg-link (link to .)
[6.024s] Installing FSMcontroller_node script to /home/amy/burger_ws1/install/localization_sanitazation/lib/localization_sanitazation
[6.024s] Installing localization_node script to /home/amy/burger_ws1/install/localization_sanitazation/lib/localization_sanitazation
[6.024s] Installing navigation_node script to /home/amy/burger_ws1/install/localization_sanitazation/lib/localization_sanitazation
[6.025s] Installing sanitization_node script to /home/amy/burger_ws1/install/localization_sanitazation/lib/localization_sanitazation
[6.029s] 
[6.030s] Installed /home/amy/burger_ws1/build/localization_sanitazation
[6.031s] running symlink_data
[6.031s] symbolically linking /home/amy/burger_ws1/build/localization_sanitazation/resource/localization_sanitazation -> /home/amy/burger_ws1/install/localization_sanitazation/share/ament_index/resource_index/packages
[6.031s] symbolically linking /home/amy/burger_ws1/build/localization_sanitazation/package.xml -> /home/amy/burger_ws1/install/localization_sanitazation/share/localization_sanitazation
[6.162s] Invoked command in '/home/amy/burger_ws1/build/localization_sanitazation' returned '0': PYTHONPATH=/home/amy/burger_ws1/build/localization_sanitazation/prefix_override:/usr/lib/python3/dist-packages/colcon_core/task/python/colcon_distutils_commands:/home/amy/burger_ws1/install/localization_sanitazation/lib/python3.10/site-packages:${PYTHONPATH} /usr/bin/python3 -W ignore:setup.py install is deprecated -W ignore:easy_install command is deprecated setup.py develop --editable --build-directory /home/amy/burger_ws1/build/localization_sanitazation/build --no-deps symlink_data --force
