[0.352s] DEBUG:colcon:Command line arguments: ['/usr/bin/colcon', 'build']
[0.352s] DEBUG:colcon:Parsed command line arguments: Namespace(log_base=None, log_level=None, verb_name='build', build_base='build', install_base='install', merge_install=False, symlink_install=False, test_result_base=None, continue_on_error=False, executor='parallel', parallel_workers=8, event_handlers=None, ignore_user_meta=False, metas=['./colcon.meta'], base_paths=['.'], packages_ignore=None, packages_ignore_regex=None, paths=None, packages_up_to=None, packages_up_to_regex=None, packages_above=None, packages_above_and_dependencies=None, packages_above_depth=None, packages_select_by_dep=None, packages_skip_by_dep=None, packages_skip_up_to=None, packages_select_build_failed=False, packages_skip_build_finished=False, packages_select_test_failures=False, packages_skip_test_passed=False, packages_select=None, packages_skip=None, packages_select_regex=None, packages_skip_regex=None, packages_start=None, packages_end=None, allow_overriding=[], cmake_args=None, cmake_target=None, cmake_target_skip_unavailable=False, cmake_clean_cache=False, cmake_clean_first=False, cmake_force_configure=False, ament_cmake_args=None, catkin_cmake_args=None, catkin_skip_building_tests=False, verb_parser=<colcon_defaults.argument_parser.defaults.DefaultArgumentsDecorator object at 0x7f5bde964d90>, verb_extension=<colcon_core.verb.build.BuildVerb object at 0x7f5bdeaca0e0>, main=<bound method BuildVerb.main of <colcon_core.verb.build.BuildVerb object at 0x7f5bdeaca0e0>>)
[1.003s] Level 1:colcon.colcon_core.package_discovery:discover_packages(colcon_meta) check parameters
[1.003s] Level 1:colcon.colcon_core.package_discovery:discover_packages(recursive) check parameters
[1.003s] Level 1:colcon.colcon_core.package_discovery:discover_packages(ignore) check parameters
[1.003s] Level 1:colcon.colcon_core.package_discovery:discover_packages(path) check parameters
[1.003s] Level 1:colcon.colcon_core.package_discovery:discover_packages(colcon_meta) discover
[1.003s] Level 1:colcon.colcon_core.package_discovery:discover_packages(recursive) discover
[1.003s] INFO:colcon.colcon_core.package_discovery:Crawling recursively for packages in '/home/amy/burger_ws1'
[1.003s] Level 1:colcon.colcon_core.package_identification:_identify(.) by extensions ['ignore', 'ignore_ament_install']
[1.003s] Level 1:colcon.colcon_core.package_identification:_identify(.) by extension 'ignore'
[1.003s] Level 1:colcon.colcon_core.package_identification:_identify(.) by extension 'ignore_ament_install'
[1.003s] Level 1:colcon.colcon_core.package_identification:_identify(.) by extensions ['colcon_pkg']
[1.003s] Level 1:colcon.colcon_core.package_identification:_identify(.) by extension 'colcon_pkg'
[1.003s] Level 1:colcon.colcon_core.package_identification:_identify(.) by extensions ['colcon_meta']
[1.003s] Level 1:colcon.colcon_core.package_identification:_identify(.) by extension 'colcon_meta'
[1.003s] Level 1:colcon.colcon_core.package_identification:_identify(.) by extensions ['ros']
[1.003s] Level 1:colcon.colcon_core.package_identification:_identify(.) by extension 'ros'
[1.021s] Level 1:colcon.colcon_core.package_identification:_identify(.) by extensions ['cmake', 'python']
[1.021s] Level 1:colcon.colcon_core.package_identification:_identify(.) by extension 'cmake'
[1.021s] Level 1:colcon.colcon_core.package_identification:_identify(.) by extension 'python'
[1.021s] Level 1:colcon.colcon_core.package_identification:_identify(.) by extensions ['python_setup_py']
[1.021s] Level 1:colcon.colcon_core.package_identification:_identify(.) by extension 'python_setup_py'
[1.021s] Level 1:colcon.colcon_core.package_identification:_identify(build) by extensions ['ignore', 'ignore_ament_install']
[1.021s] Level 1:colcon.colcon_core.package_identification:_identify(build) by extension 'ignore'
[1.021s] Level 1:colcon.colcon_core.package_identification:_identify(build) ignored
[1.022s] Level 1:colcon.colcon_core.package_identification:_identify(install) by extensions ['ignore', 'ignore_ament_install']
[1.022s] Level 1:colcon.colcon_core.package_identification:_identify(install) by extension 'ignore'
[1.022s] Level 1:colcon.colcon_core.package_identification:_identify(install) ignored
[1.022s] Level 1:colcon.colcon_core.package_identification:_identify(log) by extensions ['ignore', 'ignore_ament_install']
[1.022s] Level 1:colcon.colcon_core.package_identification:_identify(log) by extension 'ignore'
[1.022s] Level 1:colcon.colcon_core.package_identification:_identify(log) ignored
[1.022s] Level 1:colcon.colcon_core.package_identification:_identify(src) by extensions ['ignore', 'ignore_ament_install']
[1.023s] Level 1:colcon.colcon_core.package_identification:_identify(src) by extension 'ignore'
[1.023s] Level 1:colcon.colcon_core.package_identification:_identify(src) by extension 'ignore_ament_install'
[1.023s] Level 1:colcon.colcon_core.package_identification:_identify(src) by extensions ['colcon_pkg']
[1.023s] Level 1:colcon.colcon_core.package_identification:_identify(src) by extension 'colcon_pkg'
[1.023s] Level 1:colcon.colcon_core.package_identification:_identify(src) by extensions ['colcon_meta']
[1.023s] Level 1:colcon.colcon_core.package_identification:_identify(src) by extension 'colcon_meta'
[1.023s] Level 1:colcon.colcon_core.package_identification:_identify(src) by extensions ['ros']
[1.023s] Level 1:colcon.colcon_core.package_identification:_identify(src) by extension 'ros'
[1.023s] Level 1:colcon.colcon_core.package_identification:_identify(src) by extensions ['cmake', 'python']
[1.023s] Level 1:colcon.colcon_core.package_identification:_identify(src) by extension 'cmake'
[1.023s] Level 1:colcon.colcon_core.package_identification:_identify(src) by extension 'python'
[1.023s] Level 1:colcon.colcon_core.package_identification:_identify(src) by extensions ['python_setup_py']
[1.023s] Level 1:colcon.colcon_core.package_identification:_identify(src) by extension 'python_setup_py'
[1.023s] Level 1:colcon.colcon_core.package_identification:_identify(src/localization) by extensions ['ignore', 'ignore_ament_install']
[1.023s] Level 1:colcon.colcon_core.package_identification:_identify(src/localization) by extension 'ignore'
[1.023s] Level 1:colcon.colcon_core.package_identification:_identify(src/localization) by extension 'ignore_ament_install'
[1.023s] Level 1:colcon.colcon_core.package_identification:_identify(src/localization) by extensions ['colcon_pkg']
[1.023s] Level 1:colcon.colcon_core.package_identification:_identify(src/localization) by extension 'colcon_pkg'
[1.023s] Level 1:colcon.colcon_core.package_identification:_identify(src/localization) by extensions ['colcon_meta']
[1.023s] Level 1:colcon.colcon_core.package_identification:_identify(src/localization) by extension 'colcon_meta'
[1.023s] Level 1:colcon.colcon_core.package_identification:_identify(src/localization) by extensions ['ros']
[1.023s] Level 1:colcon.colcon_core.package_identification:_identify(src/localization) by extension 'ros'
[1.030s] DEBUG:colcon.colcon_core.package_identification:Package 'src/localization' with type 'ros.ament_python' and name 'localization'
[1.030s] Level 1:colcon.colcon_core.package_identification:_identify(src/map_maker) by extensions ['ignore', 'ignore_ament_install']
[1.030s] Level 1:colcon.colcon_core.package_identification:_identify(src/map_maker) by extension 'ignore'
[1.030s] Level 1:colcon.colcon_core.package_identification:_identify(src/map_maker) by extension 'ignore_ament_install'
[1.030s] Level 1:colcon.colcon_core.package_identification:_identify(src/map_maker) by extensions ['colcon_pkg']
[1.030s] Level 1:colcon.colcon_core.package_identification:_identify(src/map_maker) by extension 'colcon_pkg'
[1.030s] Level 1:colcon.colcon_core.package_identification:_identify(src/map_maker) by extensions ['colcon_meta']
[1.030s] Level 1:colcon.colcon_core.package_identification:_identify(src/map_maker) by extension 'colcon_meta'
[1.030s] Level 1:colcon.colcon_core.package_identification:_identify(src/map_maker) by extensions ['ros']
[1.030s] Level 1:colcon.colcon_core.package_identification:_identify(src/map_maker) by extension 'ros'
[1.032s] DEBUG:colcon.colcon_core.package_identification:Package 'src/map_maker' with type 'ros.ament_python' and name 'map_maker'
[1.032s] Level 1:colcon.colcon_core.package_identification:_identify(src/map_maker_bringup) by extensions ['ignore', 'ignore_ament_install']
[1.033s] Level 1:colcon.colcon_core.package_identification:_identify(src/map_maker_bringup) by extension 'ignore'
[1.033s] Level 1:colcon.colcon_core.package_identification:_identify(src/map_maker_bringup) by extension 'ignore_ament_install'
[1.033s] Level 1:colcon.colcon_core.package_identification:_identify(src/map_maker_bringup) by extensions ['colcon_pkg']
[1.033s] Level 1:colcon.colcon_core.package_identification:_identify(src/map_maker_bringup) by extension 'colcon_pkg'
[1.033s] Level 1:colcon.colcon_core.package_identification:_identify(src/map_maker_bringup) by extensions ['colcon_meta']
[1.033s] Level 1:colcon.colcon_core.package_identification:_identify(src/map_maker_bringup) by extension 'colcon_meta'
[1.033s] Level 1:colcon.colcon_core.package_identification:_identify(src/map_maker_bringup) by extensions ['ros']
[1.033s] Level 1:colcon.colcon_core.package_identification:_identify(src/map_maker_bringup) by extension 'ros'
[1.034s] DEBUG:colcon.colcon_core.package_identification:Package 'src/map_maker_bringup' with type 'ros.ament_cmake' and name 'map_maker_bringup'
[1.034s] Level 1:colcon.colcon_core.package_identification:_identify(src/sanitizer_burger_controller) by extensions ['ignore', 'ignore_ament_install']
[1.034s] Level 1:colcon.colcon_core.package_identification:_identify(src/sanitizer_burger_controller) by extension 'ignore'
[1.034s] Level 1:colcon.colcon_core.package_identification:_identify(src/sanitizer_burger_controller) by extension 'ignore_ament_install'
[1.034s] Level 1:colcon.colcon_core.package_identification:_identify(src/sanitizer_burger_controller) by extensions ['colcon_pkg']
[1.034s] Level 1:colcon.colcon_core.package_identification:_identify(src/sanitizer_burger_controller) by extension 'colcon_pkg'
[1.035s] Level 1:colcon.colcon_core.package_identification:_identify(src/sanitizer_burger_controller) by extensions ['colcon_meta']
[1.035s] Level 1:colcon.colcon_core.package_identification:_identify(src/sanitizer_burger_controller) by extension 'colcon_meta'
[1.035s] Level 1:colcon.colcon_core.package_identification:_identify(src/sanitizer_burger_controller) by extensions ['ros']
[1.035s] Level 1:colcon.colcon_core.package_identification:_identify(src/sanitizer_burger_controller) by extension 'ros'
[1.036s] DEBUG:colcon.colcon_core.package_identification:Package 'src/sanitizer_burger_controller' with type 'ros.ament_python' and name 'sanitizer_burger_controller'
[1.036s] Level 1:colcon.colcon_core.package_discovery:discover_packages(recursive) using defaults
[1.037s] Level 1:colcon.colcon_core.package_discovery:discover_packages(ignore) discover
[1.037s] Level 1:colcon.colcon_core.package_discovery:discover_packages(ignore) using defaults
[1.037s] Level 1:colcon.colcon_core.package_discovery:discover_packages(path) discover
[1.037s] Level 1:colcon.colcon_core.package_discovery:discover_packages(path) using defaults
[1.099s] Level 1:colcon.colcon_core.package_discovery:discover_packages(prefix_path) check parameters
[1.099s] Level 1:colcon.colcon_core.package_discovery:discover_packages(prefix_path) discover
[1.116s] DEBUG:colcon.colcon_installed_package_information.package_discovery:Found 12 installed packages in /home/amy/burger_ws1/install
[1.119s] DEBUG:colcon.colcon_installed_package_information.package_discovery:Found 348 installed packages in /opt/ros/humble
[1.120s] Level 1:colcon.colcon_core.package_discovery:discover_packages(prefix_path) using defaults
[1.250s] Level 5:colcon.colcon_core.verb:set package 'localization' build argument 'cmake_args' from command line to 'None'
[1.250s] Level 5:colcon.colcon_core.verb:set package 'localization' build argument 'cmake_target' from command line to 'None'
[1.250s] Level 5:colcon.colcon_core.verb:set package 'localization' build argument 'cmake_target_skip_unavailable' from command line to 'False'
[1.250s] Level 5:colcon.colcon_core.verb:set package 'localization' build argument 'cmake_clean_cache' from command line to 'False'
[1.250s] Level 5:colcon.colcon_core.verb:set package 'localization' build argument 'cmake_clean_first' from command line to 'False'
[1.250s] Level 5:colcon.colcon_core.verb:set package 'localization' build argument 'cmake_force_configure' from command line to 'False'
[1.250s] Level 5:colcon.colcon_core.verb:set package 'localization' build argument 'ament_cmake_args' from command line to 'None'
[1.250s] Level 5:colcon.colcon_core.verb:set package 'localization' build argument 'catkin_cmake_args' from command line to 'None'
[1.250s] Level 5:colcon.colcon_core.verb:set package 'localization' build argument 'catkin_skip_building_tests' from command line to 'False'
[1.250s] DEBUG:colcon.colcon_core.verb:Building package 'localization' with the following arguments: {'ament_cmake_args': None, 'build_base': '/home/amy/burger_ws1/build/localization', 'catkin_cmake_args': None, 'catkin_skip_building_tests': False, 'cmake_args': None, 'cmake_clean_cache': False, 'cmake_clean_first': False, 'cmake_force_configure': False, 'cmake_target': None, 'cmake_target_skip_unavailable': False, 'install_base': '/home/amy/burger_ws1/install/localization', 'merge_install': False, 'path': '/home/amy/burger_ws1/src/localization', 'symlink_install': False, 'test_result_base': None}
[1.250s] Level 5:colcon.colcon_core.verb:set package 'map_maker' build argument 'cmake_args' from command line to 'None'
[1.250s] Level 5:colcon.colcon_core.verb:set package 'map_maker' build argument 'cmake_target' from command line to 'None'
[1.250s] Level 5:colcon.colcon_core.verb:set package 'map_maker' build argument 'cmake_target_skip_unavailable' from command line to 'False'
[1.250s] Level 5:colcon.colcon_core.verb:set package 'map_maker' build argument 'cmake_clean_cache' from command line to 'False'
[1.250s] Level 5:colcon.colcon_core.verb:set package 'map_maker' build argument 'cmake_clean_first' from command line to 'False'
[1.251s] Level 5:colcon.colcon_core.verb:set package 'map_maker' build argument 'cmake_force_configure' from command line to 'False'
[1.251s] Level 5:colcon.colcon_core.verb:set package 'map_maker' build argument 'ament_cmake_args' from command line to 'None'
[1.251s] Level 5:colcon.colcon_core.verb:set package 'map_maker' build argument 'catkin_cmake_args' from command line to 'None'
[1.251s] Level 5:colcon.colcon_core.verb:set package 'map_maker' build argument 'catkin_skip_building_tests' from command line to 'False'
[1.251s] DEBUG:colcon.colcon_core.verb:Building package 'map_maker' with the following arguments: {'ament_cmake_args': None, 'build_base': '/home/amy/burger_ws1/build/map_maker', 'catkin_cmake_args': None, 'catkin_skip_building_tests': False, 'cmake_args': None, 'cmake_clean_cache': False, 'cmake_clean_first': False, 'cmake_force_configure': False, 'cmake_target': None, 'cmake_target_skip_unavailable': False, 'install_base': '/home/amy/burger_ws1/install/map_maker', 'merge_install': False, 'path': '/home/amy/burger_ws1/src/map_maker', 'symlink_install': False, 'test_result_base': None}
[1.251s] Level 5:colcon.colcon_core.verb:set package 'sanitizer_burger_controller' build argument 'cmake_args' from command line to 'None'
[1.251s] Level 5:colcon.colcon_core.verb:set package 'sanitizer_burger_controller' build argument 'cmake_target' from command line to 'None'
[1.251s] Level 5:colcon.colcon_core.verb:set package 'sanitizer_burger_controller' build argument 'cmake_target_skip_unavailable' from command line to 'False'
[1.251s] Level 5:colcon.colcon_core.verb:set package 'sanitizer_burger_controller' build argument 'cmake_clean_cache' from command line to 'False'
[1.251s] Level 5:colcon.colcon_core.verb:set package 'sanitizer_burger_controller' build argument 'cmake_clean_first' from command line to 'False'
[1.251s] Level 5:colcon.colcon_core.verb:set package 'sanitizer_burger_controller' build argument 'cmake_force_configure' from command line to 'False'
[1.251s] Level 5:colcon.colcon_core.verb:set package 'sanitizer_burger_controller' build argument 'ament_cmake_args' from command line to 'None'
[1.251s] Level 5:colcon.colcon_core.verb:set package 'sanitizer_burger_controller' build argument 'catkin_cmake_args' from command line to 'None'
[1.251s] Level 5:colcon.colcon_core.verb:set package 'sanitizer_burger_controller' build argument 'catkin_skip_building_tests' from command line to 'False'
[1.251s] DEBUG:colcon.colcon_core.verb:Building package 'sanitizer_burger_controller' with the following arguments: {'ament_cmake_args': None, 'build_base': '/home/amy/burger_ws1/build/sanitizer_burger_controller', 'catkin_cmake_args': None, 'catkin_skip_building_tests': False, 'cmake_args': None, 'cmake_clean_cache': False, 'cmake_clean_first': False, 'cmake_force_configure': False, 'cmake_target': None, 'cmake_target_skip_unavailable': False, 'install_base': '/home/amy/burger_ws1/install/sanitizer_burger_controller', 'merge_install': False, 'path': '/home/amy/burger_ws1/src/sanitizer_burger_controller', 'symlink_install': False, 'test_result_base': None}
[1.251s] Level 5:colcon.colcon_core.verb:set package 'map_maker_bringup' build argument 'cmake_args' from command line to 'None'
[1.251s] Level 5:colcon.colcon_core.verb:set package 'map_maker_bringup' build argument 'cmake_target' from command line to 'None'
[1.251s] Level 5:colcon.colcon_core.verb:set package 'map_maker_bringup' build argument 'cmake_target_skip_unavailable' from command line to 'False'
[1.251s] Level 5:colcon.colcon_core.verb:set package 'map_maker_bringup' build argument 'cmake_clean_cache' from command line to 'False'
[1.251s] Level 5:colcon.colcon_core.verb:set package 'map_maker_bringup' build argument 'cmake_clean_first' from command line to 'False'
[1.251s] Level 5:colcon.colcon_core.verb:set package 'map_maker_bringup' build argument 'cmake_force_configure' from command line to 'False'
[1.251s] Level 5:colcon.colcon_core.verb:set package 'map_maker_bringup' build argument 'ament_cmake_args' from command line to 'None'
[1.251s] Level 5:colcon.colcon_core.verb:set package 'map_maker_bringup' build argument 'catkin_cmake_args' from command line to 'None'
[1.251s] Level 5:colcon.colcon_core.verb:set package 'map_maker_bringup' build argument 'catkin_skip_building_tests' from command line to 'False'
[1.252s] DEBUG:colcon.colcon_core.verb:Building package 'map_maker_bringup' with the following arguments: {'ament_cmake_args': None, 'build_base': '/home/amy/burger_ws1/build/map_maker_bringup', 'catkin_cmake_args': None, 'catkin_skip_building_tests': False, 'cmake_args': None, 'cmake_clean_cache': False, 'cmake_clean_first': False, 'cmake_force_configure': False, 'cmake_target': None, 'cmake_target_skip_unavailable': False, 'install_base': '/home/amy/burger_ws1/install/map_maker_bringup', 'merge_install': False, 'path': '/home/amy/burger_ws1/src/map_maker_bringup', 'symlink_install': False, 'test_result_base': None}
[1.252s] INFO:colcon.colcon_core.executor:Executing jobs using 'parallel' executor
[1.254s] DEBUG:colcon.colcon_parallel_executor.executor.parallel:run_until_complete
[1.254s] INFO:colcon.colcon_ros.task.ament_python.build:Building ROS package in '/home/amy/burger_ws1/src/map_maker' with build type 'ament_python'
[1.254s] Level 1:colcon.colcon_core.shell:create_environment_hook('map_maker', 'ament_prefix_path')
[1.268s] INFO:colcon.colcon_core.plugin_system:Skipping extension 'colcon_core.shell.bat': Not used on non-Windows systems
[1.268s] INFO:colcon.colcon_core.shell:Creating environment hook '/home/amy/burger_ws1/install/map_maker/share/map_maker/hook/ament_prefix_path.ps1'
[1.271s] INFO:colcon.colcon_core.shell:Creating environment descriptor '/home/amy/burger_ws1/install/map_maker/share/map_maker/hook/ament_prefix_path.dsv'
[1.272s] INFO:colcon.colcon_core.shell:Creating environment hook '/home/amy/burger_ws1/install/map_maker/share/map_maker/hook/ament_prefix_path.sh'
[1.273s] INFO:colcon.colcon_core.shell:Skip shell extension 'powershell' for command environment: Not usable outside of PowerShell
[1.273s] DEBUG:colcon.colcon_core.shell:Skip shell extension 'dsv' for command environment
[1.277s] INFO:colcon.colcon_ros.task.ament_python.build:Building ROS package in '/home/amy/burger_ws1/src/localization' with build type 'ament_python'
[1.277s] Level 1:colcon.colcon_core.shell:create_environment_hook('localization', 'ament_prefix_path')
[1.278s] INFO:colcon.colcon_core.shell:Creating environment hook '/home/amy/burger_ws1/install/localization/share/localization/hook/ament_prefix_path.ps1'
[1.279s] INFO:colcon.colcon_core.shell:Creating environment descriptor '/home/amy/burger_ws1/install/localization/share/localization/hook/ament_prefix_path.dsv'
[1.280s] INFO:colcon.colcon_core.shell:Creating environment hook '/home/amy/burger_ws1/install/localization/share/localization/hook/ament_prefix_path.sh'
[1.281s] INFO:colcon.colcon_core.shell:Skip shell extension 'powershell' for command environment: Not usable outside of PowerShell
[1.281s] DEBUG:colcon.colcon_core.shell:Skip shell extension 'dsv' for command environment
[1.285s] INFO:colcon.colcon_ros.task.ament_python.build:Building ROS package in '/home/amy/burger_ws1/src/sanitizer_burger_controller' with build type 'ament_python'
[1.286s] Level 1:colcon.colcon_core.shell:create_environment_hook('sanitizer_burger_controller', 'ament_prefix_path')
[1.286s] INFO:colcon.colcon_core.shell:Creating environment hook '/home/amy/burger_ws1/install/sanitizer_burger_controller/share/sanitizer_burger_controller/hook/ament_prefix_path.ps1'
[1.287s] INFO:colcon.colcon_core.shell:Creating environment descriptor '/home/amy/burger_ws1/install/sanitizer_burger_controller/share/sanitizer_burger_controller/hook/ament_prefix_path.dsv'
[1.288s] INFO:colcon.colcon_core.shell:Creating environment hook '/home/amy/burger_ws1/install/sanitizer_burger_controller/share/sanitizer_burger_controller/hook/ament_prefix_path.sh'
[1.288s] INFO:colcon.colcon_core.shell:Skip shell extension 'powershell' for command environment: Not usable outside of PowerShell
[1.288s] DEBUG:colcon.colcon_core.shell:Skip shell extension 'dsv' for command environment
[1.486s] INFO:colcon.colcon_core.task.python.build:Building Python package in '/home/amy/burger_ws1/src/map_maker'
[1.486s] INFO:colcon.colcon_core.shell:Skip shell extension 'powershell' for command environment: Not usable outside of PowerShell
[1.486s] DEBUG:colcon.colcon_core.shell:Skip shell extension 'dsv' for command environment
[1.672s] INFO:colcon.colcon_core.task.python.build:Building Python package in '/home/amy/burger_ws1/src/localization'
[1.673s] INFO:colcon.colcon_core.shell:Skip shell extension 'powershell' for command environment: Not usable outside of PowerShell
[1.673s] DEBUG:colcon.colcon_core.shell:Skip shell extension 'dsv' for command environment
[1.870s] INFO:colcon.colcon_core.task.python.build:Building Python package in '/home/amy/burger_ws1/src/sanitizer_burger_controller'
[1.870s] INFO:colcon.colcon_core.shell:Skip shell extension 'powershell' for command environment: Not usable outside of PowerShell
[1.870s] DEBUG:colcon.colcon_core.shell:Skip shell extension 'dsv' for command environment
[2.477s] DEBUG:colcon.colcon_core.event_handler.log_command:Invoking command in '/home/amy/burger_ws1/src/sanitizer_burger_controller': PYTHONPATH=/home/amy/burger_ws1/build/sanitizer_burger_controller/prefix_override:/usr/lib/python3/dist-packages/colcon_core/task/python/colcon_distutils_commands:/home/amy/burger_ws1/install/sanitizer_burger_controller/lib/python3.10/site-packages:${PYTHONPATH} /usr/bin/python3 -W ignore:setup.py install is deprecated -W ignore:easy_install command is deprecated setup.py egg_info --egg-base ../../build/sanitizer_burger_controller build --build-base /home/amy/burger_ws1/build/sanitizer_burger_controller/build install --record /home/amy/burger_ws1/build/sanitizer_burger_controller/install.log --single-version-externally-managed install_data
[2.482s] DEBUG:colcon.colcon_core.event_handler.log_command:Invoking command in '/home/amy/burger_ws1/src/map_maker': PYTHONPATH=/home/amy/burger_ws1/build/map_maker/prefix_override:/usr/lib/python3/dist-packages/colcon_core/task/python/colcon_distutils_commands:/home/amy/burger_ws1/install/map_maker/lib/python3.10/site-packages:${PYTHONPATH} /usr/bin/python3 -W ignore:setup.py install is deprecated -W ignore:easy_install command is deprecated setup.py egg_info --egg-base ../../build/map_maker build --build-base /home/amy/burger_ws1/build/map_maker/build install --record /home/amy/burger_ws1/build/map_maker/install.log --single-version-externally-managed install_data
[2.486s] DEBUG:colcon.colcon_core.event_handler.log_command:Invoking command in '/home/amy/burger_ws1/src/localization': PYTHONPATH=/home/amy/burger_ws1/build/localization/prefix_override:/usr/lib/python3/dist-packages/colcon_core/task/python/colcon_distutils_commands:/home/amy/burger_ws1/install/localization/lib/python3.10/site-packages:${PYTHONPATH} /usr/bin/python3 -W ignore:setup.py install is deprecated -W ignore:easy_install command is deprecated setup.py egg_info --egg-base ../../build/localization build --build-base /home/amy/burger_ws1/build/localization/build install --record /home/amy/burger_ws1/build/localization/install.log --single-version-externally-managed install_data
[2.746s] DEBUG:colcon.colcon_core.event_handler.log_command:Invoked command in '/home/amy/burger_ws1/src/map_maker' returned '0': PYTHONPATH=/home/amy/burger_ws1/build/map_maker/prefix_override:/usr/lib/python3/dist-packages/colcon_core/task/python/colcon_distutils_commands:/home/amy/burger_ws1/install/map_maker/lib/python3.10/site-packages:${PYTHONPATH} /usr/bin/python3 -W ignore:setup.py install is deprecated -W ignore:easy_install command is deprecated setup.py egg_info --egg-base ../../build/map_maker build --build-base /home/amy/burger_ws1/build/map_maker/build install --record /home/amy/burger_ws1/build/map_maker/install.log --single-version-externally-managed install_data
[2.760s] Level 1:colcon.colcon_core.environment:checking '/home/amy/burger_ws1/install/map_maker' for CMake module files
[2.762s] Level 1:colcon.colcon_core.environment:checking '/home/amy/burger_ws1/install/map_maker' for CMake config files
[2.766s] Level 1:colcon.colcon_core.environment:checking '/home/amy/burger_ws1/install/map_maker/lib'
[2.766s] Level 1:colcon.colcon_core.environment:checking '/home/amy/burger_ws1/install/map_maker/bin'
[2.767s] Level 1:colcon.colcon_core.environment:checking '/home/amy/burger_ws1/install/map_maker/lib/pkgconfig/map_maker.pc'
[2.767s] Level 1:colcon.colcon_core.environment:checking '/home/amy/burger_ws1/install/map_maker/lib/python3.10/site-packages'
[2.767s] Level 1:colcon.colcon_core.shell:create_environment_hook('map_maker', 'pythonpath')
[2.767s] INFO:colcon.colcon_core.shell:Creating environment hook '/home/amy/burger_ws1/install/map_maker/share/map_maker/hook/pythonpath.ps1'
[2.768s] INFO:colcon.colcon_core.shell:Creating environment descriptor '/home/amy/burger_ws1/install/map_maker/share/map_maker/hook/pythonpath.dsv'
[2.768s] INFO:colcon.colcon_core.shell:Creating environment hook '/home/amy/burger_ws1/install/map_maker/share/map_maker/hook/pythonpath.sh'
[2.768s] Level 1:colcon.colcon_core.environment:checking '/home/amy/burger_ws1/install/map_maker/bin'
[2.768s] Level 1:colcon.colcon_core.environment:create_environment_scripts_only(map_maker)
[2.769s] INFO:colcon.colcon_core.shell:Creating package script '/home/amy/burger_ws1/install/map_maker/share/map_maker/package.ps1'
[2.770s] INFO:colcon.colcon_core.shell:Creating package descriptor '/home/amy/burger_ws1/install/map_maker/share/map_maker/package.dsv'
[2.771s] INFO:colcon.colcon_core.shell:Creating package script '/home/amy/burger_ws1/install/map_maker/share/map_maker/package.sh'
[2.772s] INFO:colcon.colcon_core.shell:Creating package script '/home/amy/burger_ws1/install/map_maker/share/map_maker/package.bash'
[2.773s] INFO:colcon.colcon_core.shell:Creating package script '/home/amy/burger_ws1/install/map_maker/share/map_maker/package.zsh'
[2.775s] Level 1:colcon.colcon_core.environment:create_file_with_runtime_dependencies(/home/amy/burger_ws1/install/map_maker/share/colcon-core/packages/map_maker)
[2.777s] INFO:colcon.colcon_ros.task.ament_cmake.build:Building ROS package in '/home/amy/burger_ws1/src/map_maker_bringup' with build type 'ament_cmake'
[2.777s] INFO:colcon.colcon_cmake.task.cmake.build:Building CMake package in '/home/amy/burger_ws1/src/map_maker_bringup'
[2.777s] INFO:colcon.colcon_core.shell:Skip shell extension 'powershell' for command environment: Not usable outside of PowerShell
[2.777s] DEBUG:colcon.colcon_core.shell:Skip shell extension 'dsv' for command environment
[2.783s] Level 1:colcon.colcon_core.environment:checking '/home/amy/burger_ws1/install/sanitizer_burger_controller' for CMake module files
[2.785s] DEBUG:colcon.colcon_core.event_handler.log_command:Invoked command in '/home/amy/burger_ws1/src/sanitizer_burger_controller' returned '0': PYTHONPATH=/home/amy/burger_ws1/build/sanitizer_burger_controller/prefix_override:/usr/lib/python3/dist-packages/colcon_core/task/python/colcon_distutils_commands:/home/amy/burger_ws1/install/sanitizer_burger_controller/lib/python3.10/site-packages:${PYTHONPATH} /usr/bin/python3 -W ignore:setup.py install is deprecated -W ignore:easy_install command is deprecated setup.py egg_info --egg-base ../../build/sanitizer_burger_controller build --build-base /home/amy/burger_ws1/build/sanitizer_burger_controller/build install --record /home/amy/burger_ws1/build/sanitizer_burger_controller/install.log --single-version-externally-managed install_data
[2.786s] Level 1:colcon.colcon_core.environment:checking '/home/amy/burger_ws1/install/sanitizer_burger_controller' for CMake config files
[2.788s] Level 1:colcon.colcon_core.environment:checking '/home/amy/burger_ws1/install/sanitizer_burger_controller/lib'
[2.788s] Level 1:colcon.colcon_core.environment:checking '/home/amy/burger_ws1/install/sanitizer_burger_controller/bin'
[2.788s] Level 1:colcon.colcon_core.environment:checking '/home/amy/burger_ws1/install/sanitizer_burger_controller/lib/pkgconfig/sanitizer_burger_controller.pc'
[2.789s] Level 1:colcon.colcon_core.environment:checking '/home/amy/burger_ws1/install/sanitizer_burger_controller/lib/python3.10/site-packages'
[2.789s] Level 1:colcon.colcon_core.shell:create_environment_hook('sanitizer_burger_controller', 'pythonpath')
[2.789s] INFO:colcon.colcon_core.shell:Creating environment hook '/home/amy/burger_ws1/install/sanitizer_burger_controller/share/sanitizer_burger_controller/hook/pythonpath.ps1'
[2.789s] INFO:colcon.colcon_core.shell:Creating environment descriptor '/home/amy/burger_ws1/install/sanitizer_burger_controller/share/sanitizer_burger_controller/hook/pythonpath.dsv'
[2.790s] INFO:colcon.colcon_core.shell:Creating environment hook '/home/amy/burger_ws1/install/sanitizer_burger_controller/share/sanitizer_burger_controller/hook/pythonpath.sh'
[2.790s] Level 1:colcon.colcon_core.environment:checking '/home/amy/burger_ws1/install/sanitizer_burger_controller/bin'
[2.790s] Level 1:colcon.colcon_core.environment:create_environment_scripts_only(sanitizer_burger_controller)
[2.791s] INFO:colcon.colcon_core.shell:Creating package script '/home/amy/burger_ws1/install/sanitizer_burger_controller/share/sanitizer_burger_controller/package.ps1'
[2.791s] INFO:colcon.colcon_core.shell:Creating package descriptor '/home/amy/burger_ws1/install/sanitizer_burger_controller/share/sanitizer_burger_controller/package.dsv'
[2.792s] INFO:colcon.colcon_core.shell:Creating package script '/home/amy/burger_ws1/install/sanitizer_burger_controller/share/sanitizer_burger_controller/package.sh'
[2.792s] INFO:colcon.colcon_core.shell:Creating package script '/home/amy/burger_ws1/install/sanitizer_burger_controller/share/sanitizer_burger_controller/package.bash'
[2.792s] INFO:colcon.colcon_core.shell:Creating package script '/home/amy/burger_ws1/install/sanitizer_burger_controller/share/sanitizer_burger_controller/package.zsh'
[2.793s] Level 1:colcon.colcon_core.environment:create_file_with_runtime_dependencies(/home/amy/burger_ws1/install/sanitizer_burger_controller/share/colcon-core/packages/sanitizer_burger_controller)
[2.794s] Level 1:colcon.colcon_core.environment:checking '/home/amy/burger_ws1/install/localization' for CMake module files
[2.795s] Level 1:colcon.colcon_core.environment:checking '/home/amy/burger_ws1/install/localization' for CMake config files
[2.795s] DEBUG:colcon.colcon_core.event_handler.log_command:Invoked command in '/home/amy/burger_ws1/src/localization' returned '0': PYTHONPATH=/home/amy/burger_ws1/build/localization/prefix_override:/usr/lib/python3/dist-packages/colcon_core/task/python/colcon_distutils_commands:/home/amy/burger_ws1/install/localization/lib/python3.10/site-packages:${PYTHONPATH} /usr/bin/python3 -W ignore:setup.py install is deprecated -W ignore:easy_install command is deprecated setup.py egg_info --egg-base ../../build/localization build --build-base /home/amy/burger_ws1/build/localization/build install --record /home/amy/burger_ws1/build/localization/install.log --single-version-externally-managed install_data
[2.796s] Level 1:colcon.colcon_core.environment:checking '/home/amy/burger_ws1/install/localization/lib'
[2.796s] Level 1:colcon.colcon_core.environment:checking '/home/amy/burger_ws1/install/localization/bin'
[2.796s] Level 1:colcon.colcon_core.environment:checking '/home/amy/burger_ws1/install/localization/lib/pkgconfig/localization.pc'
[2.796s] Level 1:colcon.colcon_core.environment:checking '/home/amy/burger_ws1/install/localization/lib/python3.10/site-packages'
[2.796s] Level 1:colcon.colcon_core.shell:create_environment_hook('localization', 'pythonpath')
[2.797s] INFO:colcon.colcon_core.shell:Creating environment hook '/home/amy/burger_ws1/install/localization/share/localization/hook/pythonpath.ps1'
[2.797s] INFO:colcon.colcon_core.shell:Creating environment descriptor '/home/amy/burger_ws1/install/localization/share/localization/hook/pythonpath.dsv'
[2.797s] INFO:colcon.colcon_core.shell:Creating environment hook '/home/amy/burger_ws1/install/localization/share/localization/hook/pythonpath.sh'
[2.798s] Level 1:colcon.colcon_core.environment:checking '/home/amy/burger_ws1/install/localization/bin'
[2.798s] Level 1:colcon.colcon_core.environment:create_environment_scripts_only(localization)
[2.798s] INFO:colcon.colcon_core.shell:Creating package script '/home/amy/burger_ws1/install/localization/share/localization/package.ps1'
[2.798s] INFO:colcon.colcon_core.shell:Creating package descriptor '/home/amy/burger_ws1/install/localization/share/localization/package.dsv'
[2.799s] INFO:colcon.colcon_core.shell:Creating package script '/home/amy/burger_ws1/install/localization/share/localization/package.sh'
[2.799s] INFO:colcon.colcon_core.shell:Creating package script '/home/amy/burger_ws1/install/localization/share/localization/package.bash'
[2.799s] INFO:colcon.colcon_core.shell:Creating package script '/home/amy/burger_ws1/install/localization/share/localization/package.zsh'
[2.799s] Level 1:colcon.colcon_core.environment:create_file_with_runtime_dependencies(/home/amy/burger_ws1/install/localization/share/colcon-core/packages/localization)
[2.836s] DEBUG:colcon.colcon_core.event_handler.log_command:Invoking command in '/home/amy/burger_ws1/build/map_maker_bringup': AMENT_PREFIX_PATH=/home/amy/burger_ws1/install/map_maker:/home/amy/burger_ws1/install/sanitizer_burger_controller:/home/amy/burger_ws1/install/velocity_controller_pkg:/home/amy/burger_ws1/install/turtlebot3:/home/amy/burger_ws1/install/turtlebot3_teleop:/home/amy/burger_ws1/install/turtlebot3_bringup:/home/amy/burger_ws1/install/turtlebot3_node:/home/amy/burger_ws1/install/turtlebot3_navigation2:/home/amy/burger_ws1/install/turtlebot3_example:/home/amy/burger_ws1/install/turtlebot3_description:/home/amy/burger_ws1/install/turtlebot3_cartographer:/home/amy/burger_ws1/install/map_maker_bringup:/opt/ros/humble CMAKE_PREFIX_PATH=${CMAKE_PREFIX_PATH}:/home/amy/burger_ws1/install/sanitizer_burger_controller:/home/amy/burger_ws1/install/velocity_controller_pkg:/home/amy/burger_ws1/install/turtlebot3_teleop:/home/amy/burger_ws1/install/turtlebot3_example:/home/amy/burger_ws1/install/map_maker:/opt/ros/humble PYTHONPATH=/home/amy/burger_ws1/install/map_maker/lib/python3.10/site-packages:/home/amy/burger_ws1/install/sanitizer_burger_controller/lib/python3.10/site-packages:/home/amy/burger_ws1/install/velocity_controller_pkg/lib/python3.10/site-packages:/home/amy/burger_ws1/install/turtlebot3_teleop/lib/python3.10/site-packages:/home/amy/burger_ws1/install/turtlebot3_example/lib/python3.10/site-packages:/opt/ros/humble/lib/python3.10/site-packages:/opt/ros/humble/local/lib/python3.10/dist-packages /usr/bin/cmake --build /home/amy/burger_ws1/build/map_maker_bringup -- -j8 -l8
[2.989s] DEBUG:colcon.colcon_core.event_handler.log_command:Invoked command in '/home/amy/burger_ws1/build/map_maker_bringup' returned '0': AMENT_PREFIX_PATH=/home/amy/burger_ws1/install/map_maker:/home/amy/burger_ws1/install/sanitizer_burger_controller:/home/amy/burger_ws1/install/velocity_controller_pkg:/home/amy/burger_ws1/install/turtlebot3:/home/amy/burger_ws1/install/turtlebot3_teleop:/home/amy/burger_ws1/install/turtlebot3_bringup:/home/amy/burger_ws1/install/turtlebot3_node:/home/amy/burger_ws1/install/turtlebot3_navigation2:/home/amy/burger_ws1/install/turtlebot3_example:/home/amy/burger_ws1/install/turtlebot3_description:/home/amy/burger_ws1/install/turtlebot3_cartographer:/home/amy/burger_ws1/install/map_maker_bringup:/opt/ros/humble CMAKE_PREFIX_PATH=${CMAKE_PREFIX_PATH}:/home/amy/burger_ws1/install/sanitizer_burger_controller:/home/amy/burger_ws1/install/velocity_controller_pkg:/home/amy/burger_ws1/install/turtlebot3_teleop:/home/amy/burger_ws1/install/turtlebot3_example:/home/amy/burger_ws1/install/map_maker:/opt/ros/humble PYTHONPATH=/home/amy/burger_ws1/install/map_maker/lib/python3.10/site-packages:/home/amy/burger_ws1/install/sanitizer_burger_controller/lib/python3.10/site-packages:/home/amy/burger_ws1/install/velocity_controller_pkg/lib/python3.10/site-packages:/home/amy/burger_ws1/install/turtlebot3_teleop/lib/python3.10/site-packages:/home/amy/burger_ws1/install/turtlebot3_example/lib/python3.10/site-packages:/opt/ros/humble/lib/python3.10/site-packages:/opt/ros/humble/local/lib/python3.10/dist-packages /usr/bin/cmake --build /home/amy/burger_ws1/build/map_maker_bringup -- -j8 -l8
[3.000s] DEBUG:colcon.colcon_core.event_handler.log_command:Invoking command in '/home/amy/burger_ws1/build/map_maker_bringup': AMENT_PREFIX_PATH=/home/amy/burger_ws1/install/map_maker:/home/amy/burger_ws1/install/sanitizer_burger_controller:/home/amy/burger_ws1/install/velocity_controller_pkg:/home/amy/burger_ws1/install/turtlebot3:/home/amy/burger_ws1/install/turtlebot3_teleop:/home/amy/burger_ws1/install/turtlebot3_bringup:/home/amy/burger_ws1/install/turtlebot3_node:/home/amy/burger_ws1/install/turtlebot3_navigation2:/home/amy/burger_ws1/install/turtlebot3_example:/home/amy/burger_ws1/install/turtlebot3_description:/home/amy/burger_ws1/install/turtlebot3_cartographer:/home/amy/burger_ws1/install/map_maker_bringup:/opt/ros/humble CMAKE_PREFIX_PATH=${CMAKE_PREFIX_PATH}:/home/amy/burger_ws1/install/sanitizer_burger_controller:/home/amy/burger_ws1/install/velocity_controller_pkg:/home/amy/burger_ws1/install/turtlebot3_teleop:/home/amy/burger_ws1/install/turtlebot3_example:/home/amy/burger_ws1/install/map_maker:/opt/ros/humble PYTHONPATH=/home/amy/burger_ws1/install/map_maker/lib/python3.10/site-packages:/home/amy/burger_ws1/install/sanitizer_burger_controller/lib/python3.10/site-packages:/home/amy/burger_ws1/install/velocity_controller_pkg/lib/python3.10/site-packages:/home/amy/burger_ws1/install/turtlebot3_teleop/lib/python3.10/site-packages:/home/amy/burger_ws1/install/turtlebot3_example/lib/python3.10/site-packages:/opt/ros/humble/lib/python3.10/site-packages:/opt/ros/humble/local/lib/python3.10/dist-packages /usr/bin/cmake --install /home/amy/burger_ws1/build/map_maker_bringup
[3.012s] Level 1:colcon.colcon_core.environment:create_environment_scripts_only(map_maker_bringup)
[3.013s] DEBUG:colcon.colcon_core.event_handler.log_command:Invoked command in '/home/amy/burger_ws1/build/map_maker_bringup' returned '0': AMENT_PREFIX_PATH=/home/amy/burger_ws1/install/map_maker:/home/amy/burger_ws1/install/sanitizer_burger_controller:/home/amy/burger_ws1/install/velocity_controller_pkg:/home/amy/burger_ws1/install/turtlebot3:/home/amy/burger_ws1/install/turtlebot3_teleop:/home/amy/burger_ws1/install/turtlebot3_bringup:/home/amy/burger_ws1/install/turtlebot3_node:/home/amy/burger_ws1/install/turtlebot3_navigation2:/home/amy/burger_ws1/install/turtlebot3_example:/home/amy/burger_ws1/install/turtlebot3_description:/home/amy/burger_ws1/install/turtlebot3_cartographer:/home/amy/burger_ws1/install/map_maker_bringup:/opt/ros/humble CMAKE_PREFIX_PATH=${CMAKE_PREFIX_PATH}:/home/amy/burger_ws1/install/sanitizer_burger_controller:/home/amy/burger_ws1/install/velocity_controller_pkg:/home/amy/burger_ws1/install/turtlebot3_teleop:/home/amy/burger_ws1/install/turtlebot3_example:/home/amy/burger_ws1/install/map_maker:/opt/ros/humble PYTHONPATH=/home/amy/burger_ws1/install/map_maker/lib/python3.10/site-packages:/home/amy/burger_ws1/install/sanitizer_burger_controller/lib/python3.10/site-packages:/home/amy/burger_ws1/install/velocity_controller_pkg/lib/python3.10/site-packages:/home/amy/burger_ws1/install/turtlebot3_teleop/lib/python3.10/site-packages:/home/amy/burger_ws1/install/turtlebot3_example/lib/python3.10/site-packages:/opt/ros/humble/lib/python3.10/site-packages:/opt/ros/humble/local/lib/python3.10/dist-packages /usr/bin/cmake --install /home/amy/burger_ws1/build/map_maker_bringup
[3.013s] Level 1:colcon.colcon_core.environment:checking '/home/amy/burger_ws1/install/map_maker_bringup' for CMake module files
[3.015s] Level 1:colcon.colcon_core.environment:checking '/home/amy/burger_ws1/install/map_maker_bringup' for CMake config files
[3.015s] Level 1:colcon.colcon_core.shell:create_environment_hook('map_maker_bringup', 'cmake_prefix_path')
[3.015s] INFO:colcon.colcon_core.shell:Creating environment hook '/home/amy/burger_ws1/install/map_maker_bringup/share/map_maker_bringup/hook/cmake_prefix_path.ps1'
[3.016s] INFO:colcon.colcon_core.shell:Creating environment descriptor '/home/amy/burger_ws1/install/map_maker_bringup/share/map_maker_bringup/hook/cmake_prefix_path.dsv'
[3.016s] INFO:colcon.colcon_core.shell:Creating environment hook '/home/amy/burger_ws1/install/map_maker_bringup/share/map_maker_bringup/hook/cmake_prefix_path.sh'
[3.016s] Level 1:colcon.colcon_core.environment:checking '/home/amy/burger_ws1/install/map_maker_bringup/bin'
[3.016s] Level 1:colcon.colcon_core.environment:checking '/home/amy/burger_ws1/install/map_maker_bringup/lib/pkgconfig/map_maker_bringup.pc'
[3.016s] Level 1:colcon.colcon_core.environment:checking '/home/amy/burger_ws1/install/map_maker_bringup/lib/python3.10/site-packages'
[3.017s] Level 1:colcon.colcon_core.environment:checking '/home/amy/burger_ws1/install/map_maker_bringup/bin'
[3.017s] INFO:colcon.colcon_core.shell:Creating package script '/home/amy/burger_ws1/install/map_maker_bringup/share/map_maker_bringup/package.ps1'
[3.017s] INFO:colcon.colcon_core.shell:Creating package descriptor '/home/amy/burger_ws1/install/map_maker_bringup/share/map_maker_bringup/package.dsv'
[3.017s] INFO:colcon.colcon_core.shell:Creating package script '/home/amy/burger_ws1/install/map_maker_bringup/share/map_maker_bringup/package.sh'
[3.018s] INFO:colcon.colcon_core.shell:Creating package script '/home/amy/burger_ws1/install/map_maker_bringup/share/map_maker_bringup/package.bash'
[3.018s] INFO:colcon.colcon_core.shell:Creating package script '/home/amy/burger_ws1/install/map_maker_bringup/share/map_maker_bringup/package.zsh'
[3.018s] Level 1:colcon.colcon_core.environment:create_file_with_runtime_dependencies(/home/amy/burger_ws1/install/map_maker_bringup/share/colcon-core/packages/map_maker_bringup)
[3.019s] Level 1:colcon.colcon_core.environment:create_environment_scripts_only(map_maker_bringup)
[3.019s] Level 1:colcon.colcon_core.environment:checking '/home/amy/burger_ws1/install/map_maker_bringup' for CMake module files
[3.019s] Level 1:colcon.colcon_core.environment:checking '/home/amy/burger_ws1/install/map_maker_bringup' for CMake config files
[3.019s] Level 1:colcon.colcon_core.shell:create_environment_hook('map_maker_bringup', 'cmake_prefix_path')
[3.019s] INFO:colcon.colcon_core.shell:Creating environment hook '/home/amy/burger_ws1/install/map_maker_bringup/share/map_maker_bringup/hook/cmake_prefix_path.ps1'
[3.019s] INFO:colcon.colcon_core.shell:Creating environment descriptor '/home/amy/burger_ws1/install/map_maker_bringup/share/map_maker_bringup/hook/cmake_prefix_path.dsv'
[3.020s] INFO:colcon.colcon_core.shell:Creating environment hook '/home/amy/burger_ws1/install/map_maker_bringup/share/map_maker_bringup/hook/cmake_prefix_path.sh'
[3.020s] Level 1:colcon.colcon_core.environment:checking '/home/amy/burger_ws1/install/map_maker_bringup/bin'
[3.020s] Level 1:colcon.colcon_core.environment:checking '/home/amy/burger_ws1/install/map_maker_bringup/lib/pkgconfig/map_maker_bringup.pc'
[3.020s] Level 1:colcon.colcon_core.environment:checking '/home/amy/burger_ws1/install/map_maker_bringup/lib/python3.10/site-packages'
[3.020s] Level 1:colcon.colcon_core.environment:checking '/home/amy/burger_ws1/install/map_maker_bringup/bin'
[3.021s] INFO:colcon.colcon_core.shell:Creating package script '/home/amy/burger_ws1/install/map_maker_bringup/share/map_maker_bringup/package.ps1'
[3.021s] INFO:colcon.colcon_core.shell:Creating package descriptor '/home/amy/burger_ws1/install/map_maker_bringup/share/map_maker_bringup/package.dsv'
[3.022s] INFO:colcon.colcon_core.shell:Creating package script '/home/amy/burger_ws1/install/map_maker_bringup/share/map_maker_bringup/package.sh'
[3.022s] INFO:colcon.colcon_core.shell:Creating package script '/home/amy/burger_ws1/install/map_maker_bringup/share/map_maker_bringup/package.bash'
[3.022s] INFO:colcon.colcon_core.shell:Creating package script '/home/amy/burger_ws1/install/map_maker_bringup/share/map_maker_bringup/package.zsh'
[3.023s] Level 1:colcon.colcon_core.environment:create_file_with_runtime_dependencies(/home/amy/burger_ws1/install/map_maker_bringup/share/colcon-core/packages/map_maker_bringup)
[3.023s] DEBUG:colcon.colcon_parallel_executor.executor.parallel:closing loop
[3.023s] DEBUG:colcon.colcon_parallel_executor.executor.parallel:loop closed
[3.024s] DEBUG:colcon.colcon_parallel_executor.executor.parallel:run_until_complete finished with '0'
[3.024s] DEBUG:colcon.colcon_core.event_reactor:joining thread
[3.071s] INFO:colcon.colcon_core.plugin_system:Skipping extension 'colcon_notification.desktop_notification.notify_send': Could not find 'notify-send'
[3.072s] INFO:colcon.colcon_core.plugin_system:Skipping extension 'colcon_notification.desktop_notification.terminal_notifier': Not used on non-Darwin systems
[3.072s] INFO:colcon.colcon_core.plugin_system:Skipping extension 'colcon_notification.desktop_notification.win32': Not used on non-Windows systems
[3.072s] INFO:colcon.colcon_notification.desktop_notification:Sending desktop notification using 'notify2'
[3.077s] DEBUG:colcon.colcon_notification.desktop_notification.notify2:Failed to initialize notify2: org.freedesktop.DBus.Error.ServiceUnknown: The name org.freedesktop.Notifications was not provided by any .service files
[3.077s] DEBUG:colcon.colcon_core.event_reactor:joined thread
[3.077s] INFO:colcon.colcon_core.shell:Creating prefix script '/home/amy/burger_ws1/install/local_setup.ps1'
[3.078s] INFO:colcon.colcon_core.shell:Creating prefix util module '/home/amy/burger_ws1/install/_local_setup_util_ps1.py'
[3.080s] INFO:colcon.colcon_core.shell:Creating prefix chain script '/home/amy/burger_ws1/install/setup.ps1'
[3.081s] INFO:colcon.colcon_core.shell:Creating prefix script '/home/amy/burger_ws1/install/local_setup.sh'
[3.082s] INFO:colcon.colcon_core.shell:Creating prefix util module '/home/amy/burger_ws1/install/_local_setup_util_sh.py'
[3.082s] INFO:colcon.colcon_core.shell:Creating prefix chain script '/home/amy/burger_ws1/install/setup.sh'
[3.083s] INFO:colcon.colcon_core.shell:Creating prefix script '/home/amy/burger_ws1/install/local_setup.bash'
[3.084s] INFO:colcon.colcon_core.shell:Creating prefix chain script '/home/amy/burger_ws1/install/setup.bash'
[3.085s] INFO:colcon.colcon_core.shell:Creating prefix script '/home/amy/burger_ws1/install/local_setup.zsh'
[3.086s] INFO:colcon.colcon_core.shell:Creating prefix chain script '/home/amy/burger_ws1/install/setup.zsh'
