[1.214s] Invoking command in '/home/amy/burger_ws1/src/localization': PYTHONPATH=/home/amy/burger_ws1/build/localization/prefix_override:/usr/lib/python3/dist-packages/colcon_core/task/python/colcon_distutils_commands:/home/amy/burger_ws1/install/localization/lib/python3.10/site-packages:${PYTHONPATH} /usr/bin/python3 -W ignore:setup.py install is deprecated -W ignore:easy_install command is deprecated setup.py egg_info --egg-base ../../build/localization build --build-base /home/amy/burger_ws1/build/localization/build install --record /home/amy/burger_ws1/build/localization/install.log --single-version-externally-managed install_data
[1.420s] running egg_info
[1.421s] writing ../../build/localization/localization.egg-info/PKG-INFO
[1.421s] writing dependency_links to ../../build/localization/localization.egg-info/dependency_links.txt
[1.421s] writing entry points to ../../build/localization/localization.egg-info/entry_points.txt
[1.422s] writing requirements to ../../build/localization/localization.egg-info/requires.txt
[1.422s] writing top-level names to ../../build/localization/localization.egg-info/top_level.txt
[1.424s] reading manifest file '../../build/localization/localization.egg-info/SOURCES.txt'
[1.426s] writing manifest file '../../build/localization/localization.egg-info/SOURCES.txt'
[1.426s] running build
[1.426s] running build_py
[1.426s] running install
[1.426s] running install_lib
[1.429s] running install_data
[1.429s] running install_egg_info
[1.430s] removing '/home/amy/burger_ws1/install/localization/lib/python3.10/site-packages/localization-0.0.0-py3.10.egg-info' (and everything under it)
[1.431s] Copying ../../build/localization/localization.egg-info to /home/amy/burger_ws1/install/localization/lib/python3.10/site-packages/localization-0.0.0-py3.10.egg-info
[1.432s] running install_scripts
[1.452s] Installing controller_node script to /home/amy/burger_ws1/install/localization/lib/localization
[1.452s] Installing exploration_node script to /home/amy/burger_ws1/install/localization/lib/localization
[1.452s] Installing navigation_node script to /home/amy/burger_ws1/install/localization/lib/localization
[1.452s] Installing rotation_node script to /home/amy/burger_ws1/install/localization/lib/localization
[1.452s] writing list of installed files to '/home/amy/burger_ws1/build/localization/install.log'
[1.481s] Invoked command in '/home/amy/burger_ws1/src/localization' returned '0': PYTHONPATH=/home/amy/burger_ws1/build/localization/prefix_override:/usr/lib/python3/dist-packages/colcon_core/task/python/colcon_distutils_commands:/home/amy/burger_ws1/install/localization/lib/python3.10/site-packages:${PYTHONPATH} /usr/bin/python3 -W ignore:setup.py install is deprecated -W ignore:easy_install command is deprecated setup.py egg_info --egg-base ../../build/localization build --build-base /home/amy/burger_ws1/build/localization/build install --record /home/amy/burger_ws1/build/localization/install.log --single-version-externally-managed install_data
