[0.912s] Invoking command in '/home/amy/burger_ws1/src/map_maker': PYTHONPATH=/home/amy/burger_ws1/build/map_maker/prefix_override:/usr/lib/python3/dist-packages/colcon_core/task/python/colcon_distutils_commands:/home/amy/burger_ws1/install/map_maker/lib/python3.10/site-packages:${PYTHONPATH} /usr/bin/python3 -W ignore:setup.py install is deprecated -W ignore:easy_install command is deprecated setup.py egg_info --egg-base ../../build/map_maker build --build-base /home/amy/burger_ws1/build/map_maker/build install --record /home/amy/burger_ws1/build/map_maker/install.log --single-version-externally-managed install_data
[1.100s] running egg_info
[1.100s] writing ../../build/map_maker/map_maker.egg-info/PKG-INFO
[1.101s] writing dependency_links to ../../build/map_maker/map_maker.egg-info/dependency_links.txt
[1.101s] writing entry points to ../../build/map_maker/map_maker.egg-info/entry_points.txt
[1.101s] writing requirements to ../../build/map_maker/map_maker.egg-info/requires.txt
[1.101s] writing top-level names to ../../build/map_maker/map_maker.egg-info/top_level.txt
[1.103s] reading manifest file '../../build/map_maker/map_maker.egg-info/SOURCES.txt'
[1.104s] writing manifest file '../../build/map_maker/map_maker.egg-info/SOURCES.txt'
[1.104s] running build
[1.104s] running build_py
[1.106s] running install
[1.106s] running install_lib
[1.108s] running install_data
[1.109s] running install_egg_info
[1.111s] removing '/home/amy/burger_ws1/install/map_maker/lib/python3.10/site-packages/map_maker-0.0.0-py3.10.egg-info' (and everything under it)
[1.112s] Copying ../../build/map_maker/map_maker.egg-info to /home/amy/burger_ws1/install/map_maker/lib/python3.10/site-packages/map_maker-0.0.0-py3.10.egg-info
[1.113s] running install_scripts
[1.129s] Installing FSM_controller_node script to /home/amy/burger_ws1/install/map_maker/lib/map_maker
[1.129s] Installing frontier_explorer_node script to /home/amy/burger_ws1/install/map_maker/lib/map_maker
[1.130s] Installing path_planning_navigator_node script to /home/amy/burger_ws1/install/map_maker/lib/map_maker
[1.130s] Installing rotation_node script to /home/amy/burger_ws1/install/map_maker/lib/map_maker
[1.130s] writing list of installed files to '/home/amy/burger_ws1/build/map_maker/install.log'
[1.163s] Invoked command in '/home/amy/burger_ws1/src/map_maker' returned '0': PYTHONPATH=/home/amy/burger_ws1/build/map_maker/prefix_override:/usr/lib/python3/dist-packages/colcon_core/task/python/colcon_distutils_commands:/home/amy/burger_ws1/install/map_maker/lib/python3.10/site-packages:${PYTHONPATH} /usr/bin/python3 -W ignore:setup.py install is deprecated -W ignore:easy_install command is deprecated setup.py egg_info --egg-base ../../build/map_maker build --build-base /home/amy/burger_ws1/build/map_maker/build install --record /home/amy/burger_ws1/build/map_maker/install.log --single-version-externally-managed install_data
