/home/amy/burger_ws1/install/map_maker/lib/python3.10/site-packages/map_maker/__init__.py
/home/amy/burger_ws1/install/map_maker/lib/python3.10/site-packages/map_maker/rotation_node.py
/home/amy/burger_ws1/install/map_maker/lib/python3.10/site-packages/map_maker/frontier_explorer_node.py
/home/amy/burger_ws1/install/map_maker/lib/python3.10/site-packages/map_maker/FSM_controller_node.py
/home/amy/burger_ws1/install/map_maker/lib/python3.10/site-packages/map_maker/path_planning_navigator_node.py
/home/amy/burger_ws1/install/map_maker/lib/python3.10/site-packages/map_maker/__pycache__/__init__.cpython-310.pyc
/home/amy/burger_ws1/install/map_maker/lib/python3.10/site-packages/map_maker/__pycache__/rotation_node.cpython-310.pyc
/home/amy/burger_ws1/install/map_maker/lib/python3.10/site-packages/map_maker/__pycache__/frontier_explorer_node.cpython-310.pyc
/home/amy/burger_ws1/install/map_maker/lib/python3.10/site-packages/map_maker/__pycache__/FSM_controller_node.cpython-310.pyc
/home/amy/burger_ws1/install/map_maker/lib/python3.10/site-packages/map_maker/__pycache__/path_planning_navigator_node.cpython-310.pyc
/home/amy/burger_ws1/install/map_maker/share/ament_index/resource_index/packages/map_maker
/home/amy/burger_ws1/install/map_maker/share/map_maker/package.xml
/home/amy/burger_ws1/install/map_maker/lib/python3.10/site-packages/map_maker-0.0.0-py3.10.egg-info/PKG-INFO
/home/amy/burger_ws1/install/map_maker/lib/python3.10/site-packages/map_maker-0.0.0-py3.10.egg-info/entry_points.txt
/home/amy/burger_ws1/install/map_maker/lib/python3.10/site-packages/map_maker-0.0.0-py3.10.egg-info/dependency_links.txt
/home/amy/burger_ws1/install/map_maker/lib/python3.10/site-packages/map_maker-0.0.0-py3.10.egg-info/top_level.txt
/home/amy/burger_ws1/install/map_maker/lib/python3.10/site-packages/map_maker-0.0.0-py3.10.egg-info/SOURCES.txt
/home/amy/burger_ws1/install/map_maker/lib/python3.10/site-packages/map_maker-0.0.0-py3.10.egg-info/requires.txt
/home/amy/burger_ws1/install/map_maker/lib/python3.10/site-packages/map_maker-0.0.0-py3.10.egg-info/zip-safe
/home/amy/burger_ws1/install/map_maker/lib/map_maker/FSM_controller_node
/home/amy/burger_ws1/install/map_maker/lib/map_maker/frontier_explorer_node
/home/amy/burger_ws1/install/map_maker/lib/map_maker/path_planning_navigator_node
/home/amy/burger_ws1/install/map_maker/lib/map_maker/rotation_node
