running egg_info
writing ../../build/localization_sanitazation/localization_sanitazation.egg-info/PKG-INFO
writing dependency_links to ../../build/localization_sanitazation/localization_sanitazation.egg-info/dependency_links.txt
writing entry points to ../../build/localization_sanitazation/localization_sanitazation.egg-info/entry_points.txt
writing requirements to ../../build/localization_sanitazation/localization_sanitazation.egg-info/requires.txt
writing top-level names to ../../build/localization_sanitazation/localization_sanitazation.egg-info/top_level.txt
reading manifest file '../../build/localization_sanitazation/localization_sanitazation.egg-info/SOURCES.txt'
writing manifest file '../../build/localization_sanitazation/localization_sanitazation.egg-info/SOURCES.txt'
running build
running build_py
copying localization_sanitazation/navigation_node.py -> /home/amy/burger_ws1/build/localization_sanitazation/build/lib/localization_sanitazation
copying localization_sanitazation/FSMcontroller_node.py -> /home/amy/burger_ws1/build/localization_sanitazation/build/lib/localization_sanitazation
copying localization_sanitazation/localization_node.py -> /home/amy/burger_ws1/build/localization_sanitazation/build/lib/localization_sanitazation
running install
running install_lib
copying /home/amy/burger_ws1/build/localization_sanitazation/build/lib/localization_sanitazation/navigation_node.py -> /home/amy/burger_ws1/install/localization_sanitazation/lib/python3.10/site-packages/localization_sanitazation
copying /home/amy/burger_ws1/build/localization_sanitazation/build/lib/localization_sanitazation/FSMcontroller_node.py -> /home/amy/burger_ws1/install/localization_sanitazation/lib/python3.10/site-packages/localization_sanitazation
copying /home/amy/burger_ws1/build/localization_sanitazation/build/lib/localization_sanitazation/localization_node.py -> /home/amy/burger_ws1/install/localization_sanitazation/lib/python3.10/site-packages/localization_sanitazation
byte-compiling /home/amy/burger_ws1/install/localization_sanitazation/lib/python3.10/site-packages/localization_sanitazation/navigation_node.py to navigation_node.cpython-310.pyc
byte-compiling /home/amy/burger_ws1/install/localization_sanitazation/lib/python3.10/site-packages/localization_sanitazation/FSMcontroller_node.py to FSMcontroller_node.cpython-310.pyc
byte-compiling /home/amy/burger_ws1/install/localization_sanitazation/lib/python3.10/site-packages/localization_sanitazation/localization_node.py to localization_node.cpython-310.pyc
running install_data
running install_egg_info
removing '/home/amy/burger_ws1/install/localization_sanitazation/lib/python3.10/site-packages/localization_sanitazation-0.0.0-py3.10.egg-info' (and everything under it)
Copying ../../build/localization_sanitazation/localization_sanitazation.egg-info to /home/amy/burger_ws1/install/localization_sanitazation/lib/python3.10/site-packages/localization_sanitazation-0.0.0-py3.10.egg-info
running install_scripts
Installing FSMcontroller_node script to /home/amy/burger_ws1/install/localization_sanitazation/lib/localization_sanitazation
Installing localization_node script to /home/amy/burger_ws1/install/localization_sanitazation/lib/localization_sanitazation
Installing navigation_node script to /home/amy/burger_ws1/install/localization_sanitazation/lib/localization_sanitazation
Installing sanitization_node script to /home/amy/burger_ws1/install/localization_sanitazation/lib/localization_sanitazation
writing list of installed files to '/home/amy/burger_ws1/build/localization_sanitazation/install.log'
