[4.292s] Invoking command in '/home/amy/burger_ws1/build/sanitization': PYTHONPATH=/home/amy/burger_ws1/build/sanitization/prefix_override:/usr/lib/python3/dist-packages/colcon_core/task/python/colcon_distutils_commands:/home/amy/burger_ws1/install/sanitization/lib/python3.10/site-packages:${PYTHONPATH} /usr/bin/python3 -W ignore:setup.py install is deprecated -W ignore:easy_install command is deprecated setup.py develop --editable --build-directory /home/amy/burger_ws1/build/sanitization/build --no-deps symlink_data --force
[5.232s] running develop
[5.858s] running egg_info
[5.858s] writing sanitization.egg-info/PKG-INFO
[5.864s] writing dependency_links to sanitization.egg-info/dependency_links.txt
[5.864s] writing entry points to sanitization.egg-info/entry_points.txt
[5.865s] writing requirements to sanitization.egg-info/requires.txt
[5.865s] writing top-level names to sanitization.egg-info/top_level.txt
[5.869s] reading manifest file 'sanitization.egg-info/SOURCES.txt'
[5.871s] writing manifest file 'sanitization.egg-info/SOURCES.txt'
[5.875s] running build_ext
[5.875s] Creating /home/amy/burger_ws1/install/sanitization/lib/python3.10/site-packages/sanitization.egg-link (link to .)
[5.876s] Installing control script to /home/amy/burger_ws1/install/sanitization/lib/sanitization
[5.877s] Installing example_navigation script to /home/amy/burger_ws1/install/sanitization/lib/sanitization
[5.878s] Installing heatmap script to /home/amy/burger_ws1/install/sanitization/lib/sanitization
[5.878s] Installing my_control script to /home/amy/burger_ws1/install/sanitization/lib/sanitization
[5.878s] Installing nav_to_pose script to /home/amy/burger_ws1/install/sanitization/lib/sanitization
[5.879s] Installing sanitize script to /home/amy/burger_ws1/install/sanitization/lib/sanitization
[5.879s] 
[5.879s] Installed /home/amy/burger_ws1/build/sanitization
[5.879s] running symlink_data
[5.879s] symbolically linking /home/amy/burger_ws1/build/sanitization/resource/sanitization -> /home/amy/burger_ws1/install/sanitization/share/ament_index/resource_index/packages
[5.880s] symbolically linking /home/amy/burger_ws1/build/sanitization/package.xml -> /home/amy/burger_ws1/install/sanitization/share/sanitization
[6.107s] Invoked command in '/home/amy/burger_ws1/build/sanitization' returned '0': PYTHONPATH=/home/amy/burger_ws1/build/sanitization/prefix_override:/usr/lib/python3/dist-packages/colcon_core/task/python/colcon_distutils_commands:/home/amy/burger_ws1/install/sanitization/lib/python3.10/site-packages:${PYTHONPATH} /usr/bin/python3 -W ignore:setup.py install is deprecated -W ignore:easy_install command is deprecated setup.py develop --editable --build-directory /home/amy/burger_ws1/build/sanitization/build --no-deps symlink_data --force
