[1.192s] Invoking command in '/home/amy/burger_ws1/src/sanitizer_burger_controller': PYTHONPATH=/home/amy/burger_ws1/build/sanitizer_burger_controller/prefix_override:/usr/lib/python3/dist-packages/colcon_core/task/python/colcon_distutils_commands:/home/amy/burger_ws1/install/sanitizer_burger_controller/lib/python3.10/site-packages:${PYTHONPATH} /usr/bin/python3 -W ignore:setup.py install is deprecated -W ignore:easy_install command is deprecated setup.py egg_info --egg-base ../../build/sanitizer_burger_controller build --build-base /home/amy/burger_ws1/build/sanitizer_burger_controller/build install --record /home/amy/burger_ws1/build/sanitizer_burger_controller/install.log --single-version-externally-managed install_data
[1.401s] running egg_info
[1.402s] writing ../../build/sanitizer_burger_controller/sanitizer_burger_controller.egg-info/PKG-INFO
[1.403s] writing dependency_links to ../../build/sanitizer_burger_controller/sanitizer_burger_controller.egg-info/dependency_links.txt
[1.403s] writing entry points to ../../build/sanitizer_burger_controller/sanitizer_burger_controller.egg-info/entry_points.txt
[1.403s] writing requirements to ../../build/sanitizer_burger_controller/sanitizer_burger_controller.egg-info/requires.txt
[1.403s] writing top-level names to ../../build/sanitizer_burger_controller/sanitizer_burger_controller.egg-info/top_level.txt
[1.405s] reading manifest file '../../build/sanitizer_burger_controller/sanitizer_burger_controller.egg-info/SOURCES.txt'
[1.406s] writing manifest file '../../build/sanitizer_burger_controller/sanitizer_burger_controller.egg-info/SOURCES.txt'
[1.406s] running build
[1.406s] running build_py
[1.408s] running install
[1.408s] running install_lib
[1.410s] running install_data
[1.411s] running install_egg_info
[1.412s] removing '/home/amy/burger_ws1/install/sanitizer_burger_controller/lib/python3.10/site-packages/sanitizer_burger_controller-0.0.0-py3.10.egg-info' (and everything under it)
[1.413s] Copying ../../build/sanitizer_burger_controller/sanitizer_burger_controller.egg-info to /home/amy/burger_ws1/install/sanitizer_burger_controller/lib/python3.10/site-packages/sanitizer_burger_controller-0.0.0-py3.10.egg-info
[1.414s] running install_scripts
[1.429s] Installing basic_navigator_node script to /home/amy/burger_ws1/install/sanitizer_burger_controller/lib/sanitizer_burger_controller
[1.431s] Installing basic_sanitizer_navigator_node script to /home/amy/burger_ws1/install/sanitizer_burger_controller/lib/sanitizer_burger_controller
[1.431s] Installing exploration_node script to /home/amy/burger_ws1/install/sanitizer_burger_controller/lib/sanitizer_burger_controller
[1.431s] Installing uv_sanitization_nod script to /home/amy/burger_ws1/install/sanitizer_burger_controller/lib/sanitizer_burger_controller
[1.431s] writing list of installed files to '/home/amy/burger_ws1/build/sanitizer_burger_controller/install.log'
[1.499s] Invoked command in '/home/amy/burger_ws1/src/sanitizer_burger_controller' returned '0': PYTHONPATH=/home/amy/burger_ws1/build/sanitizer_burger_controller/prefix_override:/usr/lib/python3/dist-packages/colcon_core/task/python/colcon_distutils_commands:/home/amy/burger_ws1/install/sanitizer_burger_controller/lib/python3.10/site-packages:${PYTHONPATH} /usr/bin/python3 -W ignore:setup.py install is deprecated -W ignore:easy_install command is deprecated setup.py egg_info --egg-base ../../build/sanitizer_burger_controller build --build-base /home/amy/burger_ws1/build/sanitizer_burger_controller/build install --record /home/amy/burger_ws1/build/sanitizer_burger_controller/install.log --single-version-externally-managed install_data
