[1.272s] Invoking command in '/home/amy/burger_ws1/build/map_maker': PYTHONPATH=/home/amy/burger_ws1/build/map_maker/prefix_override:/usr/lib/python3/dist-packages/colcon_core/task/python/colcon_distutils_commands:/home/amy/burger_ws1/install/map_maker/lib/python3.10/site-packages:${PYTHONPATH} /usr/bin/python3 -W ignore:setup.py install is deprecated -W ignore:easy_install command is deprecated setup.py develop --uninstall --editable --build-directory /home/amy/burger_ws1/build/map_maker/build
[1.495s] running develop
[1.637s] Removing /home/amy/burger_ws1/install/map_maker/lib/python3.10/site-packages/map-maker.egg-link (link to .)
[1.671s] Invoked command in '/home/amy/burger_ws1/build/map_maker' returned '0': PYTHONPATH=/home/amy/burger_ws1/build/map_maker/prefix_override:/usr/lib/python3/dist-packages/colcon_core/task/python/colcon_distutils_commands:/home/amy/burger_ws1/install/map_maker/lib/python3.10/site-packages:${PYTHONPATH} /usr/bin/python3 -W ignore:setup.py install is deprecated -W ignore:easy_install command is deprecated setup.py develop --uninstall --editable --build-directory /home/amy/burger_ws1/build/map_maker/build
[1.673s] Invoking command in '/home/amy/burger_ws1/src/map_maker': PYTHONPATH=/home/amy/burger_ws1/build/map_maker/prefix_override:/usr/lib/python3/dist-packages/colcon_core/task/python/colcon_distutils_commands:/home/amy/burger_ws1/install/map_maker/lib/python3.10/site-packages:${PYTHONPATH} /usr/bin/python3 -W ignore:setup.py install is deprecated -W ignore:easy_install command is deprecated setup.py egg_info --egg-base ../../build/map_maker build --build-base /home/amy/burger_ws1/build/map_maker/build install --record /home/amy/burger_ws1/build/map_maker/install.log --single-version-externally-managed install_data --force
[1.883s] running egg_info
[1.884s] writing ../../build/map_maker/map_maker.egg-info/PKG-INFO
[1.884s] writing dependency_links to ../../build/map_maker/map_maker.egg-info/dependency_links.txt
[1.884s] writing entry points to ../../build/map_maker/map_maker.egg-info/entry_points.txt
[1.884s] writing requirements to ../../build/map_maker/map_maker.egg-info/requires.txt
[1.884s] writing top-level names to ../../build/map_maker/map_maker.egg-info/top_level.txt
[1.886s] reading manifest file '../../build/map_maker/map_maker.egg-info/SOURCES.txt'
[1.887s] writing manifest file '../../build/map_maker/map_maker.egg-info/SOURCES.txt'
[1.887s] running build
[1.888s] running build_py
[1.888s] copying map_maker/rotation_node.py -> /home/amy/burger_ws1/build/map_maker/build/lib/map_maker
[1.889s] copying map_maker/frontier_explorer_node.py -> /home/amy/burger_ws1/build/map_maker/build/lib/map_maker
[1.890s] copying map_maker/FSM_controller_node.py -> /home/amy/burger_ws1/build/map_maker/build/lib/map_maker
[1.890s] copying map_maker/path_planning_navigator_node.py -> /home/amy/burger_ws1/build/map_maker/build/lib/map_maker
[1.891s] running install
[1.891s] running install_lib
[1.892s] creating /home/amy/burger_ws1/install/map_maker/lib/python3.10/site-packages/map_maker
[1.892s] copying /home/amy/burger_ws1/build/map_maker/build/lib/map_maker/__init__.py -> /home/amy/burger_ws1/install/map_maker/lib/python3.10/site-packages/map_maker
[1.892s] copying /home/amy/burger_ws1/build/map_maker/build/lib/map_maker/rotation_node.py -> /home/amy/burger_ws1/install/map_maker/lib/python3.10/site-packages/map_maker
[1.893s] copying /home/amy/burger_ws1/build/map_maker/build/lib/map_maker/frontier_explorer_node.py -> /home/amy/burger_ws1/install/map_maker/lib/python3.10/site-packages/map_maker
[1.893s] copying /home/amy/burger_ws1/build/map_maker/build/lib/map_maker/FSM_controller_node.py -> /home/amy/burger_ws1/install/map_maker/lib/python3.10/site-packages/map_maker
[1.893s] copying /home/amy/burger_ws1/build/map_maker/build/lib/map_maker/path_planning_navigator_node.py -> /home/amy/burger_ws1/install/map_maker/lib/python3.10/site-packages/map_maker
[1.894s] byte-compiling /home/amy/burger_ws1/install/map_maker/lib/python3.10/site-packages/map_maker/__init__.py to __init__.cpython-310.pyc
[1.894s] byte-compiling /home/amy/burger_ws1/install/map_maker/lib/python3.10/site-packages/map_maker/rotation_node.py to rotation_node.cpython-310.pyc
[1.895s] byte-compiling /home/amy/burger_ws1/install/map_maker/lib/python3.10/site-packages/map_maker/frontier_explorer_node.py to frontier_explorer_node.cpython-310.pyc
[1.898s] byte-compiling /home/amy/burger_ws1/install/map_maker/lib/python3.10/site-packages/map_maker/FSM_controller_node.py to FSM_controller_node.cpython-310.pyc
[1.899s] byte-compiling /home/amy/burger_ws1/install/map_maker/lib/python3.10/site-packages/map_maker/path_planning_navigator_node.py to path_planning_navigator_node.cpython-310.pyc
[1.901s] running install_data
[1.901s] copying resource/map_maker -> /home/amy/burger_ws1/install/map_maker/share/ament_index/resource_index/packages
[1.902s] copying package.xml -> /home/amy/burger_ws1/install/map_maker/share/map_maker
[1.902s] running install_egg_info
[1.904s] Copying ../../build/map_maker/map_maker.egg-info to /home/amy/burger_ws1/install/map_maker/lib/python3.10/site-packages/map_maker-0.0.0-py3.10.egg-info
[1.906s] running install_scripts
[1.924s] Installing FSM_controller_node script to /home/amy/burger_ws1/install/map_maker/lib/map_maker
[1.924s] Installing frontier_explorer_node script to /home/amy/burger_ws1/install/map_maker/lib/map_maker
[1.924s] Installing path_planning_navigator_node script to /home/amy/burger_ws1/install/map_maker/lib/map_maker
[1.924s] Installing rotation_node script to /home/amy/burger_ws1/install/map_maker/lib/map_maker
[1.924s] writing list of installed files to '/home/amy/burger_ws1/build/map_maker/install.log'
[1.955s] Invoked command in '/home/amy/burger_ws1/src/map_maker' returned '0': PYTHONPATH=/home/amy/burger_ws1/build/map_maker/prefix_override:/usr/lib/python3/dist-packages/colcon_core/task/python/colcon_distutils_commands:/home/amy/burger_ws1/install/map_maker/lib/python3.10/site-packages:${PYTHONPATH} /usr/bin/python3 -W ignore:setup.py install is deprecated -W ignore:easy_install command is deprecated setup.py egg_info --egg-base ../../build/map_maker build --build-base /home/amy/burger_ws1/build/map_maker/build install --record /home/amy/burger_ws1/build/map_maker/install.log --single-version-externally-managed install_data --force
