running egg_info
writing ../../build/localization/localization.egg-info/PKG-INFO
writing dependency_links to ../../build/localization/localization.egg-info/dependency_links.txt
writing entry points to ../../build/localization/localization.egg-info/entry_points.txt
writing requirements to ../../build/localization/localization.egg-info/requires.txt
writing top-level names to ../../build/localization/localization.egg-info/top_level.txt
reading manifest file '../../build/localization/localization.egg-info/SOURCES.txt'
writing manifest file '../../build/localization/localization.egg-info/SOURCES.txt'
running build
running build_py
copying localization/navigation_node.py -> /home/amy/burger_ws1/build/localization/build/lib/localization
running install
running install_lib
copying /home/amy/burger_ws1/build/localization/build/lib/localization/navigation_node.py -> /home/amy/burger_ws1/install/localization/lib/python3.10/site-packages/localization
byte-compiling /home/amy/burger_ws1/install/localization/lib/python3.10/site-packages/localization/navigation_node.py to navigation_node.cpython-310.pyc
running install_data
running install_egg_info
removing '/home/amy/burger_ws1/install/localization/lib/python3.10/site-packages/localization-0.0.0-py3.10.egg-info' (and everything under it)
Copying ../../build/localization/localization.egg-info to /home/amy/burger_ws1/install/localization/lib/python3.10/site-packages/localization-0.0.0-py3.10.egg-info
running install_scripts
Installing controller_node script to /home/amy/burger_ws1/install/localization/lib/localization
Installing exploration_node script to /home/amy/burger_ws1/install/localization/lib/localization
Installing navigation_node script to /home/amy/burger_ws1/install/localization/lib/localization
Installing rotation_node script to /home/amy/burger_ws1/install/localization/lib/localization
writing list of installed files to '/home/amy/burger_ws1/build/localization/install.log'
