[5.269s] Invoking command in '/home/amy/burger_ws1/src/localization': PYTHONPATH=/home/amy/burger_ws1/build/localization/prefix_override:/usr/lib/python3/dist-packages/colcon_core/task/python/colcon_distutils_commands:/home/amy/burger_ws1/install/localization/lib/python3.10/site-packages:${PYTHONPATH} /usr/bin/python3 -W ignore:setup.py install is deprecated -W ignore:easy_install command is deprecated setup.py egg_info --egg-base ../../build/localization build --build-base /home/amy/burger_ws1/build/localization/build install --record /home/amy/burger_ws1/build/localization/install.log --single-version-externally-managed install_data
[6.391s] running egg_info
[6.393s] writing ../../build/localization/localization.egg-info/PKG-INFO
[6.394s] writing dependency_links to ../../build/localization/localization.egg-info/dependency_links.txt
[6.395s] writing entry points to ../../build/localization/localization.egg-info/entry_points.txt
[6.395s] writing requirements to ../../build/localization/localization.egg-info/requires.txt
[6.396s] writing top-level names to ../../build/localization/localization.egg-info/top_level.txt
[6.407s] reading manifest file '../../build/localization/localization.egg-info/SOURCES.txt'
[6.411s] writing manifest file '../../build/localization/localization.egg-info/SOURCES.txt'
[6.411s] running build
[6.412s] running build_py
[6.414s] copying localization/navigation_node.py -> /home/amy/burger_ws1/build/localization/build/lib/localization
[6.416s] running install
[6.419s] running install_lib
[6.422s] copying /home/amy/burger_ws1/build/localization/build/lib/localization/navigation_node.py -> /home/amy/burger_ws1/install/localization/lib/python3.10/site-packages/localization
[6.424s] byte-compiling /home/amy/burger_ws1/install/localization/lib/python3.10/site-packages/localization/navigation_node.py to navigation_node.cpython-310.pyc
[6.432s] running install_data
[6.433s] running install_egg_info
[6.437s] removing '/home/amy/burger_ws1/install/localization/lib/python3.10/site-packages/localization-0.0.0-py3.10.egg-info' (and everything under it)
[6.440s] Copying ../../build/localization/localization.egg-info to /home/amy/burger_ws1/install/localization/lib/python3.10/site-packages/localization-0.0.0-py3.10.egg-info
[6.442s] running install_scripts
[6.524s] Installing controller_node script to /home/amy/burger_ws1/install/localization/lib/localization
[6.525s] Installing exploration_node script to /home/amy/burger_ws1/install/localization/lib/localization
[6.526s] Installing navigation_node script to /home/amy/burger_ws1/install/localization/lib/localization
[6.527s] Installing rotation_node script to /home/amy/burger_ws1/install/localization/lib/localization
[6.529s] writing list of installed files to '/home/amy/burger_ws1/build/localization/install.log'
[6.636s] Invoked command in '/home/amy/burger_ws1/src/localization' returned '0': PYTHONPATH=/home/amy/burger_ws1/build/localization/prefix_override:/usr/lib/python3/dist-packages/colcon_core/task/python/colcon_distutils_commands:/home/amy/burger_ws1/install/localization/lib/python3.10/site-packages:${PYTHONPATH} /usr/bin/python3 -W ignore:setup.py install is deprecated -W ignore:easy_install command is deprecated setup.py egg_info --egg-base ../../build/localization build --build-base /home/amy/burger_ws1/build/localization/build install --record /home/amy/burger_ws1/build/localization/install.log --single-version-externally-managed install_data
