/home/amy/burger_ws1/install/localization/lib/python3.10/site-packages/localization/__init__.py
/home/amy/burger_ws1/install/localization/lib/python3.10/site-packages/localization/navigation_node.py
/home/amy/burger_ws1/install/localization/lib/python3.10/site-packages/localization/rotation_node.py
/home/amy/burger_ws1/install/localization/lib/python3.10/site-packages/localization/exploration_node.py
/home/amy/burger_ws1/install/localization/lib/python3.10/site-packages/localization/controller_node.py
/home/amy/burger_ws1/install/localization/lib/python3.10/site-packages/localization/__pycache__/__init__.cpython-310.pyc
/home/amy/burger_ws1/install/localization/lib/python3.10/site-packages/localization/__pycache__/navigation_node.cpython-310.pyc
/home/amy/burger_ws1/install/localization/lib/python3.10/site-packages/localization/__pycache__/rotation_node.cpython-310.pyc
/home/amy/burger_ws1/install/localization/lib/python3.10/site-packages/localization/__pycache__/exploration_node.cpython-310.pyc
/home/amy/burger_ws1/install/localization/lib/python3.10/site-packages/localization/__pycache__/controller_node.cpython-310.pyc
/home/amy/burger_ws1/install/localization/share/ament_index/resource_index/packages/localization
/home/amy/burger_ws1/install/localization/share/localization/package.xml
/home/amy/burger_ws1/install/localization/lib/python3.10/site-packages/localization-0.0.0-py3.10.egg-info/PKG-INFO
/home/amy/burger_ws1/install/localization/lib/python3.10/site-packages/localization-0.0.0-py3.10.egg-info/entry_points.txt
/home/amy/burger_ws1/install/localization/lib/python3.10/site-packages/localization-0.0.0-py3.10.egg-info/dependency_links.txt
/home/amy/burger_ws1/install/localization/lib/python3.10/site-packages/localization-0.0.0-py3.10.egg-info/top_level.txt
/home/amy/burger_ws1/install/localization/lib/python3.10/site-packages/localization-0.0.0-py3.10.egg-info/SOURCES.txt
/home/amy/burger_ws1/install/localization/lib/python3.10/site-packages/localization-0.0.0-py3.10.egg-info/requires.txt
/home/amy/burger_ws1/install/localization/lib/python3.10/site-packages/localization-0.0.0-py3.10.egg-info/zip-safe
/home/amy/burger_ws1/install/localization/lib/localization/controller_node
/home/amy/burger_ws1/install/localization/lib/localization/exploration_node
/home/amy/burger_ws1/install/localization/lib/localization/navigation_node
/home/amy/burger_ws1/install/localization/lib/localization/rotation_node
