[0.559s] DEBUG:colcon:Command line arguments: ['/usr/bin/colcon', 'build']
[0.559s] DEBUG:colcon:Parsed command line arguments: Namespace(log_base=None, log_level=None, verb_name='build', build_base='build', install_base='install', merge_install=False, symlink_install=False, test_result_base=None, continue_on_error=False, executor='parallel', parallel_workers=8, event_handlers=None, ignore_user_meta=False, metas=['./colcon.meta'], base_paths=['.'], packages_ignore=None, packages_ignore_regex=None, paths=None, packages_up_to=None, packages_up_to_regex=None, packages_above=None, packages_above_and_dependencies=None, packages_above_depth=None, packages_select_by_dep=None, packages_skip_by_dep=None, packages_skip_up_to=None, packages_select_build_failed=False, packages_skip_build_finished=False, packages_select_test_failures=False, packages_skip_test_passed=False, packages_select=None, packages_skip=None, packages_select_regex=None, packages_skip_regex=None, packages_start=None, packages_end=None, allow_overriding=[], cmake_args=None, cmake_target=None, cmake_target_skip_unavailable=False, cmake_clean_cache=False, cmake_clean_first=False, cmake_force_configure=False, ament_cmake_args=None, catkin_cmake_args=None, catkin_skip_building_tests=False, verb_parser=<colcon_defaults.argument_parser.defaults.DefaultArgumentsDecorator object at 0x7f4a52df1090>, verb_extension=<colcon_core.verb.build.BuildVerb object at 0x7f4a52f3a470>, main=<bound method BuildVerb.main of <colcon_core.verb.build.BuildVerb object at 0x7f4a52f3a470>>)
[1.644s] Level 1:colcon.colcon_core.package_discovery:discover_packages(colcon_meta) check parameters
[1.644s] Level 1:colcon.colcon_core.package_discovery:discover_packages(recursive) check parameters
[1.644s] Level 1:colcon.colcon_core.package_discovery:discover_packages(ignore) check parameters
[1.644s] Level 1:colcon.colcon_core.package_discovery:discover_packages(path) check parameters
[1.644s] Level 1:colcon.colcon_core.package_discovery:discover_packages(colcon_meta) discover
[1.644s] Level 1:colcon.colcon_core.package_discovery:discover_packages(recursive) discover
[1.645s] INFO:colcon.colcon_core.package_discovery:Crawling recursively for packages in '/home/amy/burger_ws1'
[1.645s] Level 1:colcon.colcon_core.package_identification:_identify(.) by extensions ['ignore', 'ignore_ament_install']
[1.645s] Level 1:colcon.colcon_core.package_identification:_identify(.) by extension 'ignore'
[1.646s] Level 1:colcon.colcon_core.package_identification:_identify(.) by extension 'ignore_ament_install'
[1.646s] Level 1:colcon.colcon_core.package_identification:_identify(.) by extensions ['colcon_pkg']
[1.646s] Level 1:colcon.colcon_core.package_identification:_identify(.) by extension 'colcon_pkg'
[1.646s] Level 1:colcon.colcon_core.package_identification:_identify(.) by extensions ['colcon_meta']
[1.646s] Level 1:colcon.colcon_core.package_identification:_identify(.) by extension 'colcon_meta'
[1.646s] Level 1:colcon.colcon_core.package_identification:_identify(.) by extensions ['ros']
[1.646s] Level 1:colcon.colcon_core.package_identification:_identify(.) by extension 'ros'
[1.666s] Level 1:colcon.colcon_core.package_identification:_identify(.) by extensions ['cmake', 'python']
[1.666s] Level 1:colcon.colcon_core.package_identification:_identify(.) by extension 'cmake'
[1.666s] Level 1:colcon.colcon_core.package_identification:_identify(.) by extension 'python'
[1.667s] Level 1:colcon.colcon_core.package_identification:_identify(.) by extensions ['python_setup_py']
[1.667s] Level 1:colcon.colcon_core.package_identification:_identify(.) by extension 'python_setup_py'
[1.667s] Level 1:colcon.colcon_core.package_identification:_identify(build) by extensions ['ignore', 'ignore_ament_install']
[1.667s] Level 1:colcon.colcon_core.package_identification:_identify(build) by extension 'ignore'
[1.668s] Level 1:colcon.colcon_core.package_identification:_identify(build) ignored
[1.668s] Level 1:colcon.colcon_core.package_identification:_identify(install) by extensions ['ignore', 'ignore_ament_install']
[1.668s] Level 1:colcon.colcon_core.package_identification:_identify(install) by extension 'ignore'
[1.668s] Level 1:colcon.colcon_core.package_identification:_identify(install) ignored
[1.668s] Level 1:colcon.colcon_core.package_identification:_identify(log) by extensions ['ignore', 'ignore_ament_install']
[1.668s] Level 1:colcon.colcon_core.package_identification:_identify(log) by extension 'ignore'
[1.668s] Level 1:colcon.colcon_core.package_identification:_identify(log) ignored
[1.669s] Level 1:colcon.colcon_core.package_identification:_identify(src) by extensions ['ignore', 'ignore_ament_install']
[1.669s] Level 1:colcon.colcon_core.package_identification:_identify(src) by extension 'ignore'
[1.669s] Level 1:colcon.colcon_core.package_identification:_identify(src) by extension 'ignore_ament_install'
[1.669s] Level 1:colcon.colcon_core.package_identification:_identify(src) by extensions ['colcon_pkg']
[1.669s] Level 1:colcon.colcon_core.package_identification:_identify(src) by extension 'colcon_pkg'
[1.669s] Level 1:colcon.colcon_core.package_identification:_identify(src) by extensions ['colcon_meta']
[1.669s] Level 1:colcon.colcon_core.package_identification:_identify(src) by extension 'colcon_meta'
[1.669s] Level 1:colcon.colcon_core.package_identification:_identify(src) by extensions ['ros']
[1.669s] Level 1:colcon.colcon_core.package_identification:_identify(src) by extension 'ros'
[1.669s] Level 1:colcon.colcon_core.package_identification:_identify(src) by extensions ['cmake', 'python']
[1.669s] Level 1:colcon.colcon_core.package_identification:_identify(src) by extension 'cmake'
[1.669s] Level 1:colcon.colcon_core.package_identification:_identify(src) by extension 'python'
[1.669s] Level 1:colcon.colcon_core.package_identification:_identify(src) by extensions ['python_setup_py']
[1.669s] Level 1:colcon.colcon_core.package_identification:_identify(src) by extension 'python_setup_py'
[1.670s] Level 1:colcon.colcon_core.package_identification:_identify(src/localization) by extensions ['ignore', 'ignore_ament_install']
[1.670s] Level 1:colcon.colcon_core.package_identification:_identify(src/localization) by extension 'ignore'
[1.670s] Level 1:colcon.colcon_core.package_identification:_identify(src/localization) by extension 'ignore_ament_install'
[1.670s] Level 1:colcon.colcon_core.package_identification:_identify(src/localization) by extensions ['colcon_pkg']
[1.670s] Level 1:colcon.colcon_core.package_identification:_identify(src/localization) by extension 'colcon_pkg'
[1.671s] Level 1:colcon.colcon_core.package_identification:_identify(src/localization) by extensions ['colcon_meta']
[1.671s] Level 1:colcon.colcon_core.package_identification:_identify(src/localization) by extension 'colcon_meta'
[1.671s] Level 1:colcon.colcon_core.package_identification:_identify(src/localization) by extensions ['ros']
[1.671s] Level 1:colcon.colcon_core.package_identification:_identify(src/localization) by extension 'ros'
[1.678s] DEBUG:colcon.colcon_core.package_identification:Package 'src/localization' with type 'ros.ament_python' and name 'localization'
[1.678s] Level 1:colcon.colcon_core.package_identification:_identify(src/map_maker) by extensions ['ignore', 'ignore_ament_install']
[1.679s] Level 1:colcon.colcon_core.package_identification:_identify(src/map_maker) by extension 'ignore'
[1.679s] Level 1:colcon.colcon_core.package_identification:_identify(src/map_maker) by extension 'ignore_ament_install'
[1.679s] Level 1:colcon.colcon_core.package_identification:_identify(src/map_maker) by extensions ['colcon_pkg']
[1.679s] Level 1:colcon.colcon_core.package_identification:_identify(src/map_maker) by extension 'colcon_pkg'
[1.679s] Level 1:colcon.colcon_core.package_identification:_identify(src/map_maker) by extensions ['colcon_meta']
[1.679s] Level 1:colcon.colcon_core.package_identification:_identify(src/map_maker) by extension 'colcon_meta'
[1.679s] Level 1:colcon.colcon_core.package_identification:_identify(src/map_maker) by extensions ['ros']
[1.679s] Level 1:colcon.colcon_core.package_identification:_identify(src/map_maker) by extension 'ros'
[1.682s] DEBUG:colcon.colcon_core.package_identification:Package 'src/map_maker' with type 'ros.ament_python' and name 'map_maker'
[1.683s] Level 1:colcon.colcon_core.package_identification:_identify(src/map_maker_bringup) by extensions ['ignore', 'ignore_ament_install']
[1.683s] Level 1:colcon.colcon_core.package_identification:_identify(src/map_maker_bringup) by extension 'ignore'
[1.683s] Level 1:colcon.colcon_core.package_identification:_identify(src/map_maker_bringup) by extension 'ignore_ament_install'
[1.684s] Level 1:colcon.colcon_core.package_identification:_identify(src/map_maker_bringup) by extensions ['colcon_pkg']
[1.684s] Level 1:colcon.colcon_core.package_identification:_identify(src/map_maker_bringup) by extension 'colcon_pkg'
[1.685s] Level 1:colcon.colcon_core.package_identification:_identify(src/map_maker_bringup) by extensions ['colcon_meta']
[1.685s] Level 1:colcon.colcon_core.package_identification:_identify(src/map_maker_bringup) by extension 'colcon_meta'
[1.685s] Level 1:colcon.colcon_core.package_identification:_identify(src/map_maker_bringup) by extensions ['ros']
[1.685s] Level 1:colcon.colcon_core.package_identification:_identify(src/map_maker_bringup) by extension 'ros'
[1.687s] DEBUG:colcon.colcon_core.package_identification:Package 'src/map_maker_bringup' with type 'ros.ament_cmake' and name 'map_maker_bringup'
[1.687s] Level 1:colcon.colcon_core.package_identification:_identify(src/sanitizer_burger_controller) by extensions ['ignore', 'ignore_ament_install']
[1.687s] Level 1:colcon.colcon_core.package_identification:_identify(src/sanitizer_burger_controller) by extension 'ignore'
[1.687s] Level 1:colcon.colcon_core.package_identification:_identify(src/sanitizer_burger_controller) by extension 'ignore_ament_install'
[1.687s] Level 1:colcon.colcon_core.package_identification:_identify(src/sanitizer_burger_controller) by extensions ['colcon_pkg']
[1.687s] Level 1:colcon.colcon_core.package_identification:_identify(src/sanitizer_burger_controller) by extension 'colcon_pkg'
[1.687s] Level 1:colcon.colcon_core.package_identification:_identify(src/sanitizer_burger_controller) by extensions ['colcon_meta']
[1.687s] Level 1:colcon.colcon_core.package_identification:_identify(src/sanitizer_burger_controller) by extension 'colcon_meta'
[1.688s] Level 1:colcon.colcon_core.package_identification:_identify(src/sanitizer_burger_controller) by extensions ['ros']
[1.688s] Level 1:colcon.colcon_core.package_identification:_identify(src/sanitizer_burger_controller) by extension 'ros'
[1.693s] DEBUG:colcon.colcon_core.package_identification:Package 'src/sanitizer_burger_controller' with type 'ros.ament_python' and name 'sanitizer_burger_controller'
[1.694s] Level 1:colcon.colcon_core.package_discovery:discover_packages(recursive) using defaults
[1.694s] Level 1:colcon.colcon_core.package_discovery:discover_packages(ignore) discover
[1.694s] Level 1:colcon.colcon_core.package_discovery:discover_packages(ignore) using defaults
[1.694s] Level 1:colcon.colcon_core.package_discovery:discover_packages(path) discover
[1.694s] Level 1:colcon.colcon_core.package_discovery:discover_packages(path) using defaults
[1.788s] Level 1:colcon.colcon_core.package_discovery:discover_packages(prefix_path) check parameters
[1.788s] Level 1:colcon.colcon_core.package_discovery:discover_packages(prefix_path) discover
[1.809s] DEBUG:colcon.colcon_installed_package_information.package_discovery:Found 13 installed packages in /home/amy/burger_ws1/install
[1.811s] DEBUG:colcon.colcon_installed_package_information.package_discovery:Found 348 installed packages in /opt/ros/humble
[1.816s] Level 1:colcon.colcon_core.package_discovery:discover_packages(prefix_path) using defaults
[1.908s] Level 5:colcon.colcon_core.verb:set package 'localization' build argument 'cmake_args' from command line to 'None'
[1.908s] Level 5:colcon.colcon_core.verb:set package 'localization' build argument 'cmake_target' from command line to 'None'
[1.908s] Level 5:colcon.colcon_core.verb:set package 'localization' build argument 'cmake_target_skip_unavailable' from command line to 'False'
[1.908s] Level 5:colcon.colcon_core.verb:set package 'localization' build argument 'cmake_clean_cache' from command line to 'False'
[1.908s] Level 5:colcon.colcon_core.verb:set package 'localization' build argument 'cmake_clean_first' from command line to 'False'
[1.908s] Level 5:colcon.colcon_core.verb:set package 'localization' build argument 'cmake_force_configure' from command line to 'False'
[1.909s] Level 5:colcon.colcon_core.verb:set package 'localization' build argument 'ament_cmake_args' from command line to 'None'
[1.909s] Level 5:colcon.colcon_core.verb:set package 'localization' build argument 'catkin_cmake_args' from command line to 'None'
[1.909s] Level 5:colcon.colcon_core.verb:set package 'localization' build argument 'catkin_skip_building_tests' from command line to 'False'
[1.909s] DEBUG:colcon.colcon_core.verb:Building package 'localization' with the following arguments: {'ament_cmake_args': None, 'build_base': '/home/amy/burger_ws1/build/localization', 'catkin_cmake_args': None, 'catkin_skip_building_tests': False, 'cmake_args': None, 'cmake_clean_cache': False, 'cmake_clean_first': False, 'cmake_force_configure': False, 'cmake_target': None, 'cmake_target_skip_unavailable': False, 'install_base': '/home/amy/burger_ws1/install/localization', 'merge_install': False, 'path': '/home/amy/burger_ws1/src/localization', 'symlink_install': False, 'test_result_base': None}
[1.910s] Level 5:colcon.colcon_core.verb:set package 'map_maker' build argument 'cmake_args' from command line to 'None'
[1.910s] Level 5:colcon.colcon_core.verb:set package 'map_maker' build argument 'cmake_target' from command line to 'None'
[1.910s] Level 5:colcon.colcon_core.verb:set package 'map_maker' build argument 'cmake_target_skip_unavailable' from command line to 'False'
[1.910s] Level 5:colcon.colcon_core.verb:set package 'map_maker' build argument 'cmake_clean_cache' from command line to 'False'
[1.910s] Level 5:colcon.colcon_core.verb:set package 'map_maker' build argument 'cmake_clean_first' from command line to 'False'
[1.910s] Level 5:colcon.colcon_core.verb:set package 'map_maker' build argument 'cmake_force_configure' from command line to 'False'
[1.910s] Level 5:colcon.colcon_core.verb:set package 'map_maker' build argument 'ament_cmake_args' from command line to 'None'
[1.910s] Level 5:colcon.colcon_core.verb:set package 'map_maker' build argument 'catkin_cmake_args' from command line to 'None'
[1.910s] Level 5:colcon.colcon_core.verb:set package 'map_maker' build argument 'catkin_skip_building_tests' from command line to 'False'
[1.910s] DEBUG:colcon.colcon_core.verb:Building package 'map_maker' with the following arguments: {'ament_cmake_args': None, 'build_base': '/home/amy/burger_ws1/build/map_maker', 'catkin_cmake_args': None, 'catkin_skip_building_tests': False, 'cmake_args': None, 'cmake_clean_cache': False, 'cmake_clean_first': False, 'cmake_force_configure': False, 'cmake_target': None, 'cmake_target_skip_unavailable': False, 'install_base': '/home/amy/burger_ws1/install/map_maker', 'merge_install': False, 'path': '/home/amy/burger_ws1/src/map_maker', 'symlink_install': False, 'test_result_base': None}
[1.911s] Level 5:colcon.colcon_core.verb:set package 'sanitizer_burger_controller' build argument 'cmake_args' from command line to 'None'
[1.911s] Level 5:colcon.colcon_core.verb:set package 'sanitizer_burger_controller' build argument 'cmake_target' from command line to 'None'
[1.911s] Level 5:colcon.colcon_core.verb:set package 'sanitizer_burger_controller' build argument 'cmake_target_skip_unavailable' from command line to 'False'
[1.911s] Level 5:colcon.colcon_core.verb:set package 'sanitizer_burger_controller' build argument 'cmake_clean_cache' from command line to 'False'
[1.911s] Level 5:colcon.colcon_core.verb:set package 'sanitizer_burger_controller' build argument 'cmake_clean_first' from command line to 'False'
[1.911s] Level 5:colcon.colcon_core.verb:set package 'sanitizer_burger_controller' build argument 'cmake_force_configure' from command line to 'False'
[1.911s] Level 5:colcon.colcon_core.verb:set package 'sanitizer_burger_controller' build argument 'ament_cmake_args' from command line to 'None'
[1.911s] Level 5:colcon.colcon_core.verb:set package 'sanitizer_burger_controller' build argument 'catkin_cmake_args' from command line to 'None'
[1.911s] Level 5:colcon.colcon_core.verb:set package 'sanitizer_burger_controller' build argument 'catkin_skip_building_tests' from command line to 'False'
[1.911s] DEBUG:colcon.colcon_core.verb:Building package 'sanitizer_burger_controller' with the following arguments: {'ament_cmake_args': None, 'build_base': '/home/amy/burger_ws1/build/sanitizer_burger_controller', 'catkin_cmake_args': None, 'catkin_skip_building_tests': False, 'cmake_args': None, 'cmake_clean_cache': False, 'cmake_clean_first': False, 'cmake_force_configure': False, 'cmake_target': None, 'cmake_target_skip_unavailable': False, 'install_base': '/home/amy/burger_ws1/install/sanitizer_burger_controller', 'merge_install': False, 'path': '/home/amy/burger_ws1/src/sanitizer_burger_controller', 'symlink_install': False, 'test_result_base': None}
[1.912s] Level 5:colcon.colcon_core.verb:set package 'map_maker_bringup' build argument 'cmake_args' from command line to 'None'
[1.912s] Level 5:colcon.colcon_core.verb:set package 'map_maker_bringup' build argument 'cmake_target' from command line to 'None'
[1.912s] Level 5:colcon.colcon_core.verb:set package 'map_maker_bringup' build argument 'cmake_target_skip_unavailable' from command line to 'False'
[1.912s] Level 5:colcon.colcon_core.verb:set package 'map_maker_bringup' build argument 'cmake_clean_cache' from command line to 'False'
[1.912s] Level 5:colcon.colcon_core.verb:set package 'map_maker_bringup' build argument 'cmake_clean_first' from command line to 'False'
[1.912s] Level 5:colcon.colcon_core.verb:set package 'map_maker_bringup' build argument 'cmake_force_configure' from command line to 'False'
[1.912s] Level 5:colcon.colcon_core.verb:set package 'map_maker_bringup' build argument 'ament_cmake_args' from command line to 'None'
[1.912s] Level 5:colcon.colcon_core.verb:set package 'map_maker_bringup' build argument 'catkin_cmake_args' from command line to 'None'
[1.912s] Level 5:colcon.colcon_core.verb:set package 'map_maker_bringup' build argument 'catkin_skip_building_tests' from command line to 'False'
[1.912s] DEBUG:colcon.colcon_core.verb:Building package 'map_maker_bringup' with the following arguments: {'ament_cmake_args': None, 'build_base': '/home/amy/burger_ws1/build/map_maker_bringup', 'catkin_cmake_args': None, 'catkin_skip_building_tests': False, 'cmake_args': None, 'cmake_clean_cache': False, 'cmake_clean_first': False, 'cmake_force_configure': False, 'cmake_target': None, 'cmake_target_skip_unavailable': False, 'install_base': '/home/amy/burger_ws1/install/map_maker_bringup', 'merge_install': False, 'path': '/home/amy/burger_ws1/src/map_maker_bringup', 'symlink_install': False, 'test_result_base': None}
[1.913s] INFO:colcon.colcon_core.executor:Executing jobs using 'parallel' executor
[1.916s] DEBUG:colcon.colcon_parallel_executor.executor.parallel:run_until_complete
[1.917s] INFO:colcon.colcon_ros.task.ament_python.build:Building ROS package in '/home/amy/burger_ws1/src/map_maker' with build type 'ament_python'
[1.917s] Level 1:colcon.colcon_core.shell:create_environment_hook('map_maker', 'ament_prefix_path')
[1.935s] INFO:colcon.colcon_core.plugin_system:Skipping extension 'colcon_core.shell.bat': Not used on non-Windows systems
[1.937s] INFO:colcon.colcon_core.shell:Creating environment hook '/home/amy/burger_ws1/install/map_maker/share/map_maker/hook/ament_prefix_path.ps1'
[1.939s] INFO:colcon.colcon_core.shell:Creating environment descriptor '/home/amy/burger_ws1/install/map_maker/share/map_maker/hook/ament_prefix_path.dsv'
[1.940s] INFO:colcon.colcon_core.shell:Creating environment hook '/home/amy/burger_ws1/install/map_maker/share/map_maker/hook/ament_prefix_path.sh'
[1.943s] INFO:colcon.colcon_core.shell:Skip shell extension 'powershell' for command environment: Not usable outside of PowerShell
[1.943s] DEBUG:colcon.colcon_core.shell:Skip shell extension 'dsv' for command environment
[1.955s] INFO:colcon.colcon_ros.task.ament_python.build:Building ROS package in '/home/amy/burger_ws1/src/localization' with build type 'ament_python'
[1.956s] Level 1:colcon.colcon_core.shell:create_environment_hook('localization', 'ament_prefix_path')
[1.957s] INFO:colcon.colcon_core.shell:Creating environment hook '/home/amy/burger_ws1/install/localization/share/localization/hook/ament_prefix_path.ps1'
[1.959s] INFO:colcon.colcon_core.shell:Creating environment descriptor '/home/amy/burger_ws1/install/localization/share/localization/hook/ament_prefix_path.dsv'
[1.959s] INFO:colcon.colcon_core.shell:Creating environment hook '/home/amy/burger_ws1/install/localization/share/localization/hook/ament_prefix_path.sh'
[1.960s] INFO:colcon.colcon_core.shell:Skip shell extension 'powershell' for command environment: Not usable outside of PowerShell
[1.960s] DEBUG:colcon.colcon_core.shell:Skip shell extension 'dsv' for command environment
[1.977s] INFO:colcon.colcon_ros.task.ament_python.build:Building ROS package in '/home/amy/burger_ws1/src/sanitizer_burger_controller' with build type 'ament_python'
[1.977s] Level 1:colcon.colcon_core.shell:create_environment_hook('sanitizer_burger_controller', 'ament_prefix_path')
[1.978s] INFO:colcon.colcon_core.shell:Creating environment hook '/home/amy/burger_ws1/install/sanitizer_burger_controller/share/sanitizer_burger_controller/hook/ament_prefix_path.ps1'
[1.985s] INFO:colcon.colcon_core.shell:Creating environment descriptor '/home/amy/burger_ws1/install/sanitizer_burger_controller/share/sanitizer_burger_controller/hook/ament_prefix_path.dsv'
[1.985s] INFO:colcon.colcon_core.shell:Creating environment hook '/home/amy/burger_ws1/install/sanitizer_burger_controller/share/sanitizer_burger_controller/hook/ament_prefix_path.sh'
[1.987s] INFO:colcon.colcon_core.shell:Skip shell extension 'powershell' for command environment: Not usable outside of PowerShell
[1.987s] DEBUG:colcon.colcon_core.shell:Skip shell extension 'dsv' for command environment
[2.569s] INFO:colcon.colcon_core.task.python.build:Building Python package in '/home/amy/burger_ws1/src/map_maker'
[2.570s] INFO:colcon.colcon_core.shell:Skip shell extension 'powershell' for command environment: Not usable outside of PowerShell
[2.570s] DEBUG:colcon.colcon_core.shell:Skip shell extension 'dsv' for command environment
[3.102s] INFO:colcon.colcon_core.task.python.build:Building Python package in '/home/amy/burger_ws1/src/localization'
[3.102s] INFO:colcon.colcon_core.shell:Skip shell extension 'powershell' for command environment: Not usable outside of PowerShell
[3.102s] DEBUG:colcon.colcon_core.shell:Skip shell extension 'dsv' for command environment
[3.705s] INFO:colcon.colcon_core.task.python.build:Building Python package in '/home/amy/burger_ws1/src/sanitizer_burger_controller'
[3.705s] INFO:colcon.colcon_core.shell:Skip shell extension 'powershell' for command environment: Not usable outside of PowerShell
[3.705s] DEBUG:colcon.colcon_core.shell:Skip shell extension 'dsv' for command environment
[5.102s] DEBUG:colcon.colcon_core.event_handler.log_command:Invoking command in '/home/amy/burger_ws1/src/sanitizer_burger_controller': PYTHONPATH=/home/amy/burger_ws1/build/sanitizer_burger_controller/prefix_override:/usr/lib/python3/dist-packages/colcon_core/task/python/colcon_distutils_commands:/home/amy/burger_ws1/install/sanitizer_burger_controller/lib/python3.10/site-packages:${PYTHONPATH} /usr/bin/python3 -W ignore:setup.py install is deprecated -W ignore:easy_install command is deprecated setup.py egg_info --egg-base ../../build/sanitizer_burger_controller build --build-base /home/amy/burger_ws1/build/sanitizer_burger_controller/build install --record /home/amy/burger_ws1/build/sanitizer_burger_controller/install.log --single-version-externally-managed install_data
[5.128s] DEBUG:colcon.colcon_core.event_handler.log_command:Invoking command in '/home/amy/burger_ws1/src/localization': PYTHONPATH=/home/amy/burger_ws1/build/localization/prefix_override:/usr/lib/python3/dist-packages/colcon_core/task/python/colcon_distutils_commands:/home/amy/burger_ws1/install/localization/lib/python3.10/site-packages:${PYTHONPATH} /usr/bin/python3 -W ignore:setup.py install is deprecated -W ignore:easy_install command is deprecated setup.py egg_info --egg-base ../../build/localization build --build-base /home/amy/burger_ws1/build/localization/build install --record /home/amy/burger_ws1/build/localization/install.log --single-version-externally-managed install_data
[5.159s] DEBUG:colcon.colcon_core.event_handler.log_command:Invoking command in '/home/amy/burger_ws1/src/map_maker': PYTHONPATH=/home/amy/burger_ws1/build/map_maker/prefix_override:/usr/lib/python3/dist-packages/colcon_core/task/python/colcon_distutils_commands:/home/amy/burger_ws1/install/map_maker/lib/python3.10/site-packages:${PYTHONPATH} /usr/bin/python3 -W ignore:setup.py install is deprecated -W ignore:easy_install command is deprecated setup.py egg_info --egg-base ../../build/map_maker build --build-base /home/amy/burger_ws1/build/map_maker/build install --record /home/amy/burger_ws1/build/map_maker/install.log --single-version-externally-managed install_data
[5.898s] DEBUG:colcon.colcon_core.event_handler.log_command:Invoked command in '/home/amy/burger_ws1/src/map_maker' returned '0': PYTHONPATH=/home/amy/burger_ws1/build/map_maker/prefix_override:/usr/lib/python3/dist-packages/colcon_core/task/python/colcon_distutils_commands:/home/amy/burger_ws1/install/map_maker/lib/python3.10/site-packages:${PYTHONPATH} /usr/bin/python3 -W ignore:setup.py install is deprecated -W ignore:easy_install command is deprecated setup.py egg_info --egg-base ../../build/map_maker build --build-base /home/amy/burger_ws1/build/map_maker/build install --record /home/amy/burger_ws1/build/map_maker/install.log --single-version-externally-managed install_data
[5.915s] Level 1:colcon.colcon_core.environment:checking '/home/amy/burger_ws1/install/map_maker' for CMake module files
[5.918s] Level 1:colcon.colcon_core.environment:checking '/home/amy/burger_ws1/install/map_maker' for CMake config files
[5.924s] Level 1:colcon.colcon_core.environment:checking '/home/amy/burger_ws1/install/map_maker/lib'
[5.924s] Level 1:colcon.colcon_core.environment:checking '/home/amy/burger_ws1/install/map_maker/bin'
[5.927s] Level 1:colcon.colcon_core.environment:checking '/home/amy/burger_ws1/install/map_maker/lib/pkgconfig/map_maker.pc'
[5.930s] Level 1:colcon.colcon_core.environment:checking '/home/amy/burger_ws1/install/map_maker/lib/python3.10/site-packages'
[5.930s] Level 1:colcon.colcon_core.shell:create_environment_hook('map_maker', 'pythonpath')
[5.930s] INFO:colcon.colcon_core.shell:Creating environment hook '/home/amy/burger_ws1/install/map_maker/share/map_maker/hook/pythonpath.ps1'
[5.931s] INFO:colcon.colcon_core.shell:Creating environment descriptor '/home/amy/burger_ws1/install/map_maker/share/map_maker/hook/pythonpath.dsv'
[5.932s] INFO:colcon.colcon_core.shell:Creating environment hook '/home/amy/burger_ws1/install/map_maker/share/map_maker/hook/pythonpath.sh'
[5.933s] Level 1:colcon.colcon_core.environment:checking '/home/amy/burger_ws1/install/map_maker/bin'
[5.933s] Level 1:colcon.colcon_core.environment:create_environment_scripts_only(map_maker)
[5.934s] INFO:colcon.colcon_core.shell:Creating package script '/home/amy/burger_ws1/install/map_maker/share/map_maker/package.ps1'
[5.936s] INFO:colcon.colcon_core.shell:Creating package descriptor '/home/amy/burger_ws1/install/map_maker/share/map_maker/package.dsv'
[5.953s] INFO:colcon.colcon_core.shell:Creating package script '/home/amy/burger_ws1/install/map_maker/share/map_maker/package.sh'
[5.955s] INFO:colcon.colcon_core.shell:Creating package script '/home/amy/burger_ws1/install/map_maker/share/map_maker/package.bash'
[5.957s] INFO:colcon.colcon_core.shell:Creating package script '/home/amy/burger_ws1/install/map_maker/share/map_maker/package.zsh'
[5.966s] Level 1:colcon.colcon_core.environment:create_file_with_runtime_dependencies(/home/amy/burger_ws1/install/map_maker/share/colcon-core/packages/map_maker)
[5.967s] INFO:colcon.colcon_ros.task.ament_cmake.build:Building ROS package in '/home/amy/burger_ws1/src/map_maker_bringup' with build type 'ament_cmake'
[5.968s] INFO:colcon.colcon_cmake.task.cmake.build:Building CMake package in '/home/amy/burger_ws1/src/map_maker_bringup'
[5.968s] INFO:colcon.colcon_core.shell:Skip shell extension 'powershell' for command environment: Not usable outside of PowerShell
[5.968s] DEBUG:colcon.colcon_core.shell:Skip shell extension 'dsv' for command environment
[5.988s] Level 1:colcon.colcon_core.environment:checking '/home/amy/burger_ws1/install/sanitizer_burger_controller' for CMake module files
[5.989s] DEBUG:colcon.colcon_core.event_handler.log_command:Invoked command in '/home/amy/burger_ws1/src/sanitizer_burger_controller' returned '0': PYTHONPATH=/home/amy/burger_ws1/build/sanitizer_burger_controller/prefix_override:/usr/lib/python3/dist-packages/colcon_core/task/python/colcon_distutils_commands:/home/amy/burger_ws1/install/sanitizer_burger_controller/lib/python3.10/site-packages:${PYTHONPATH} /usr/bin/python3 -W ignore:setup.py install is deprecated -W ignore:easy_install command is deprecated setup.py egg_info --egg-base ../../build/sanitizer_burger_controller build --build-base /home/amy/burger_ws1/build/sanitizer_burger_controller/build install --record /home/amy/burger_ws1/build/sanitizer_burger_controller/install.log --single-version-externally-managed install_data
[5.993s] Level 1:colcon.colcon_core.environment:checking '/home/amy/burger_ws1/install/sanitizer_burger_controller' for CMake config files
[5.999s] Level 1:colcon.colcon_core.environment:checking '/home/amy/burger_ws1/install/sanitizer_burger_controller/lib'
[5.999s] Level 1:colcon.colcon_core.environment:checking '/home/amy/burger_ws1/install/sanitizer_burger_controller/bin'
[5.999s] Level 1:colcon.colcon_core.environment:checking '/home/amy/burger_ws1/install/sanitizer_burger_controller/lib/pkgconfig/sanitizer_burger_controller.pc'
[6.000s] Level 1:colcon.colcon_core.environment:checking '/home/amy/burger_ws1/install/sanitizer_burger_controller/lib/python3.10/site-packages'
[6.000s] Level 1:colcon.colcon_core.shell:create_environment_hook('sanitizer_burger_controller', 'pythonpath')
[6.000s] INFO:colcon.colcon_core.shell:Creating environment hook '/home/amy/burger_ws1/install/sanitizer_burger_controller/share/sanitizer_burger_controller/hook/pythonpath.ps1'
[6.001s] INFO:colcon.colcon_core.shell:Creating environment descriptor '/home/amy/burger_ws1/install/sanitizer_burger_controller/share/sanitizer_burger_controller/hook/pythonpath.dsv'
[6.001s] INFO:colcon.colcon_core.shell:Creating environment hook '/home/amy/burger_ws1/install/sanitizer_burger_controller/share/sanitizer_burger_controller/hook/pythonpath.sh'
[6.004s] Level 1:colcon.colcon_core.environment:checking '/home/amy/burger_ws1/install/sanitizer_burger_controller/bin'
[6.004s] Level 1:colcon.colcon_core.environment:create_environment_scripts_only(sanitizer_burger_controller)
[6.005s] INFO:colcon.colcon_core.shell:Creating package script '/home/amy/burger_ws1/install/sanitizer_burger_controller/share/sanitizer_burger_controller/package.ps1'
[6.006s] INFO:colcon.colcon_core.shell:Creating package descriptor '/home/amy/burger_ws1/install/sanitizer_burger_controller/share/sanitizer_burger_controller/package.dsv'
[6.006s] INFO:colcon.colcon_core.shell:Creating package script '/home/amy/burger_ws1/install/sanitizer_burger_controller/share/sanitizer_burger_controller/package.sh'
[6.007s] INFO:colcon.colcon_core.shell:Creating package script '/home/amy/burger_ws1/install/sanitizer_burger_controller/share/sanitizer_burger_controller/package.bash'
[6.008s] INFO:colcon.colcon_core.shell:Creating package script '/home/amy/burger_ws1/install/sanitizer_burger_controller/share/sanitizer_burger_controller/package.zsh'
[6.008s] Level 1:colcon.colcon_core.environment:create_file_with_runtime_dependencies(/home/amy/burger_ws1/install/sanitizer_burger_controller/share/colcon-core/packages/sanitizer_burger_controller)
[6.016s] Level 1:colcon.colcon_core.environment:checking '/home/amy/burger_ws1/install/localization' for CMake module files
[6.018s] DEBUG:colcon.colcon_core.event_handler.log_command:Invoked command in '/home/amy/burger_ws1/src/localization' returned '0': PYTHONPATH=/home/amy/burger_ws1/build/localization/prefix_override:/usr/lib/python3/dist-packages/colcon_core/task/python/colcon_distutils_commands:/home/amy/burger_ws1/install/localization/lib/python3.10/site-packages:${PYTHONPATH} /usr/bin/python3 -W ignore:setup.py install is deprecated -W ignore:easy_install command is deprecated setup.py egg_info --egg-base ../../build/localization build --build-base /home/amy/burger_ws1/build/localization/build install --record /home/amy/burger_ws1/build/localization/install.log --single-version-externally-managed install_data
[6.024s] Level 1:colcon.colcon_core.environment:checking '/home/amy/burger_ws1/install/localization' for CMake config files
[6.035s] Level 1:colcon.colcon_core.environment:checking '/home/amy/burger_ws1/install/localization/lib'
[6.035s] Level 1:colcon.colcon_core.environment:checking '/home/amy/burger_ws1/install/localization/bin'
[6.036s] Level 1:colcon.colcon_core.environment:checking '/home/amy/burger_ws1/install/localization/lib/pkgconfig/localization.pc'
[6.036s] Level 1:colcon.colcon_core.environment:checking '/home/amy/burger_ws1/install/localization/lib/python3.10/site-packages'
[6.036s] Level 1:colcon.colcon_core.shell:create_environment_hook('localization', 'pythonpath')
[6.037s] INFO:colcon.colcon_core.shell:Creating environment hook '/home/amy/burger_ws1/install/localization/share/localization/hook/pythonpath.ps1'
[6.038s] INFO:colcon.colcon_core.shell:Creating environment descriptor '/home/amy/burger_ws1/install/localization/share/localization/hook/pythonpath.dsv'
[6.039s] INFO:colcon.colcon_core.shell:Creating environment hook '/home/amy/burger_ws1/install/localization/share/localization/hook/pythonpath.sh'
[6.040s] Level 1:colcon.colcon_core.environment:checking '/home/amy/burger_ws1/install/localization/bin'
[6.040s] Level 1:colcon.colcon_core.environment:create_environment_scripts_only(localization)
[6.040s] INFO:colcon.colcon_core.shell:Creating package script '/home/amy/burger_ws1/install/localization/share/localization/package.ps1'
[6.052s] INFO:colcon.colcon_core.shell:Creating package descriptor '/home/amy/burger_ws1/install/localization/share/localization/package.dsv'
[6.053s] INFO:colcon.colcon_core.shell:Creating package script '/home/amy/burger_ws1/install/localization/share/localization/package.sh'
[6.053s] INFO:colcon.colcon_core.shell:Creating package script '/home/amy/burger_ws1/install/localization/share/localization/package.bash'
[6.054s] INFO:colcon.colcon_core.shell:Creating package script '/home/amy/burger_ws1/install/localization/share/localization/package.zsh'
[6.055s] Level 1:colcon.colcon_core.environment:create_file_with_runtime_dependencies(/home/amy/burger_ws1/install/localization/share/colcon-core/packages/localization)
[6.174s] DEBUG:colcon.colcon_core.event_handler.log_command:Invoking command in '/home/amy/burger_ws1/build/map_maker_bringup': AMENT_PREFIX_PATH=/home/amy/burger_ws1/install/map_maker:/home/amy/burger_ws1/install/localization:/home/amy/burger_ws1/install/sanitizer_burger_controller:/home/amy/burger_ws1/install/velocity_controller_pkg:/home/amy/burger_ws1/install/turtlebot3:/home/amy/burger_ws1/install/turtlebot3_teleop:/home/amy/burger_ws1/install/turtlebot3_bringup:/home/amy/burger_ws1/install/turtlebot3_node:/home/amy/burger_ws1/install/turtlebot3_navigation2:/home/amy/burger_ws1/install/turtlebot3_example:/home/amy/burger_ws1/install/turtlebot3_description:/home/amy/burger_ws1/install/turtlebot3_cartographer:/home/amy/burger_ws1/install/map_maker_bringup:/opt/ros/humble CMAKE_PREFIX_PATH=${CMAKE_PREFIX_PATH}:/home/amy/burger_ws1/install/localization:/home/amy/burger_ws1/install/sanitizer_burger_controller:/home/amy/burger_ws1/install/velocity_controller_pkg:/home/amy/burger_ws1/install/turtlebot3_teleop:/home/amy/burger_ws1/install/turtlebot3_example:/home/amy/burger_ws1/install/map_maker:/opt/ros/humble PYTHONPATH=/home/amy/burger_ws1/install/map_maker/lib/python3.10/site-packages:/home/amy/burger_ws1/install/localization/lib/python3.10/site-packages:/home/amy/burger_ws1/install/sanitizer_burger_controller/lib/python3.10/site-packages:/home/amy/burger_ws1/install/velocity_controller_pkg/lib/python3.10/site-packages:/home/amy/burger_ws1/install/turtlebot3_teleop/lib/python3.10/site-packages:/home/amy/burger_ws1/install/turtlebot3_example/lib/python3.10/site-packages:/opt/ros/humble/lib/python3.10/site-packages:/opt/ros/humble/local/lib/python3.10/dist-packages /usr/bin/cmake --build /home/amy/burger_ws1/build/map_maker_bringup -- -j8 -l8
[6.351s] DEBUG:colcon.colcon_core.event_handler.log_command:Invoked command in '/home/amy/burger_ws1/build/map_maker_bringup' returned '0': AMENT_PREFIX_PATH=/home/amy/burger_ws1/install/map_maker:/home/amy/burger_ws1/install/localization:/home/amy/burger_ws1/install/sanitizer_burger_controller:/home/amy/burger_ws1/install/velocity_controller_pkg:/home/amy/burger_ws1/install/turtlebot3:/home/amy/burger_ws1/install/turtlebot3_teleop:/home/amy/burger_ws1/install/turtlebot3_bringup:/home/amy/burger_ws1/install/turtlebot3_node:/home/amy/burger_ws1/install/turtlebot3_navigation2:/home/amy/burger_ws1/install/turtlebot3_example:/home/amy/burger_ws1/install/turtlebot3_description:/home/amy/burger_ws1/install/turtlebot3_cartographer:/home/amy/burger_ws1/install/map_maker_bringup:/opt/ros/humble CMAKE_PREFIX_PATH=${CMAKE_PREFIX_PATH}:/home/amy/burger_ws1/install/localization:/home/amy/burger_ws1/install/sanitizer_burger_controller:/home/amy/burger_ws1/install/velocity_controller_pkg:/home/amy/burger_ws1/install/turtlebot3_teleop:/home/amy/burger_ws1/install/turtlebot3_example:/home/amy/burger_ws1/install/map_maker:/opt/ros/humble PYTHONPATH=/home/amy/burger_ws1/install/map_maker/lib/python3.10/site-packages:/home/amy/burger_ws1/install/localization/lib/python3.10/site-packages:/home/amy/burger_ws1/install/sanitizer_burger_controller/lib/python3.10/site-packages:/home/amy/burger_ws1/install/velocity_controller_pkg/lib/python3.10/site-packages:/home/amy/burger_ws1/install/turtlebot3_teleop/lib/python3.10/site-packages:/home/amy/burger_ws1/install/turtlebot3_example/lib/python3.10/site-packages:/opt/ros/humble/lib/python3.10/site-packages:/opt/ros/humble/local/lib/python3.10/dist-packages /usr/bin/cmake --build /home/amy/burger_ws1/build/map_maker_bringup -- -j8 -l8
[6.371s] DEBUG:colcon.colcon_core.event_handler.log_command:Invoking command in '/home/amy/burger_ws1/build/map_maker_bringup': AMENT_PREFIX_PATH=/home/amy/burger_ws1/install/map_maker:/home/amy/burger_ws1/install/localization:/home/amy/burger_ws1/install/sanitizer_burger_controller:/home/amy/burger_ws1/install/velocity_controller_pkg:/home/amy/burger_ws1/install/turtlebot3:/home/amy/burger_ws1/install/turtlebot3_teleop:/home/amy/burger_ws1/install/turtlebot3_bringup:/home/amy/burger_ws1/install/turtlebot3_node:/home/amy/burger_ws1/install/turtlebot3_navigation2:/home/amy/burger_ws1/install/turtlebot3_example:/home/amy/burger_ws1/install/turtlebot3_description:/home/amy/burger_ws1/install/turtlebot3_cartographer:/home/amy/burger_ws1/install/map_maker_bringup:/opt/ros/humble CMAKE_PREFIX_PATH=${CMAKE_PREFIX_PATH}:/home/amy/burger_ws1/install/localization:/home/amy/burger_ws1/install/sanitizer_burger_controller:/home/amy/burger_ws1/install/velocity_controller_pkg:/home/amy/burger_ws1/install/turtlebot3_teleop:/home/amy/burger_ws1/install/turtlebot3_example:/home/amy/burger_ws1/install/map_maker:/opt/ros/humble PYTHONPATH=/home/amy/burger_ws1/install/map_maker/lib/python3.10/site-packages:/home/amy/burger_ws1/install/localization/lib/python3.10/site-packages:/home/amy/burger_ws1/install/sanitizer_burger_controller/lib/python3.10/site-packages:/home/amy/burger_ws1/install/velocity_controller_pkg/lib/python3.10/site-packages:/home/amy/burger_ws1/install/turtlebot3_teleop/lib/python3.10/site-packages:/home/amy/burger_ws1/install/turtlebot3_example/lib/python3.10/site-packages:/opt/ros/humble/lib/python3.10/site-packages:/opt/ros/humble/local/lib/python3.10/dist-packages /usr/bin/cmake --install /home/amy/burger_ws1/build/map_maker_bringup
[6.386s] Level 1:colcon.colcon_core.environment:create_environment_scripts_only(map_maker_bringup)
[6.386s] Level 1:colcon.colcon_core.environment:checking '/home/amy/burger_ws1/install/map_maker_bringup' for CMake module files
[6.387s] Level 1:colcon.colcon_core.environment:checking '/home/amy/burger_ws1/install/map_maker_bringup' for CMake config files
[6.388s] DEBUG:colcon.colcon_core.event_handler.log_command:Invoked command in '/home/amy/burger_ws1/build/map_maker_bringup' returned '0': AMENT_PREFIX_PATH=/home/amy/burger_ws1/install/map_maker:/home/amy/burger_ws1/install/localization:/home/amy/burger_ws1/install/sanitizer_burger_controller:/home/amy/burger_ws1/install/velocity_controller_pkg:/home/amy/burger_ws1/install/turtlebot3:/home/amy/burger_ws1/install/turtlebot3_teleop:/home/amy/burger_ws1/install/turtlebot3_bringup:/home/amy/burger_ws1/install/turtlebot3_node:/home/amy/burger_ws1/install/turtlebot3_navigation2:/home/amy/burger_ws1/install/turtlebot3_example:/home/amy/burger_ws1/install/turtlebot3_description:/home/amy/burger_ws1/install/turtlebot3_cartographer:/home/amy/burger_ws1/install/map_maker_bringup:/opt/ros/humble CMAKE_PREFIX_PATH=${CMAKE_PREFIX_PATH}:/home/amy/burger_ws1/install/localization:/home/amy/burger_ws1/install/sanitizer_burger_controller:/home/amy/burger_ws1/install/velocity_controller_pkg:/home/amy/burger_ws1/install/turtlebot3_teleop:/home/amy/burger_ws1/install/turtlebot3_example:/home/amy/burger_ws1/install/map_maker:/opt/ros/humble PYTHONPATH=/home/amy/burger_ws1/install/map_maker/lib/python3.10/site-packages:/home/amy/burger_ws1/install/localization/lib/python3.10/site-packages:/home/amy/burger_ws1/install/sanitizer_burger_controller/lib/python3.10/site-packages:/home/amy/burger_ws1/install/velocity_controller_pkg/lib/python3.10/site-packages:/home/amy/burger_ws1/install/turtlebot3_teleop/lib/python3.10/site-packages:/home/amy/burger_ws1/install/turtlebot3_example/lib/python3.10/site-packages:/opt/ros/humble/lib/python3.10/site-packages:/opt/ros/humble/local/lib/python3.10/dist-packages /usr/bin/cmake --install /home/amy/burger_ws1/build/map_maker_bringup
[6.389s] Level 1:colcon.colcon_core.shell:create_environment_hook('map_maker_bringup', 'cmake_prefix_path')
[6.389s] INFO:colcon.colcon_core.shell:Creating environment hook '/home/amy/burger_ws1/install/map_maker_bringup/share/map_maker_bringup/hook/cmake_prefix_path.ps1'
[6.390s] INFO:colcon.colcon_core.shell:Creating environment descriptor '/home/amy/burger_ws1/install/map_maker_bringup/share/map_maker_bringup/hook/cmake_prefix_path.dsv'
[6.391s] INFO:colcon.colcon_core.shell:Creating environment hook '/home/amy/burger_ws1/install/map_maker_bringup/share/map_maker_bringup/hook/cmake_prefix_path.sh'
[6.392s] Level 1:colcon.colcon_core.environment:checking '/home/amy/burger_ws1/install/map_maker_bringup/bin'
[6.392s] Level 1:colcon.colcon_core.environment:checking '/home/amy/burger_ws1/install/map_maker_bringup/lib/pkgconfig/map_maker_bringup.pc'
[6.392s] Level 1:colcon.colcon_core.environment:checking '/home/amy/burger_ws1/install/map_maker_bringup/lib/python3.10/site-packages'
[6.393s] Level 1:colcon.colcon_core.environment:checking '/home/amy/burger_ws1/install/map_maker_bringup/bin'
[6.393s] INFO:colcon.colcon_core.shell:Creating package script '/home/amy/burger_ws1/install/map_maker_bringup/share/map_maker_bringup/package.ps1'
[6.394s] INFO:colcon.colcon_core.shell:Creating package descriptor '/home/amy/burger_ws1/install/map_maker_bringup/share/map_maker_bringup/package.dsv'
[6.395s] INFO:colcon.colcon_core.shell:Creating package script '/home/amy/burger_ws1/install/map_maker_bringup/share/map_maker_bringup/package.sh'
[6.396s] INFO:colcon.colcon_core.shell:Creating package script '/home/amy/burger_ws1/install/map_maker_bringup/share/map_maker_bringup/package.bash'
[6.396s] INFO:colcon.colcon_core.shell:Creating package script '/home/amy/burger_ws1/install/map_maker_bringup/share/map_maker_bringup/package.zsh'
[6.397s] Level 1:colcon.colcon_core.environment:create_file_with_runtime_dependencies(/home/amy/burger_ws1/install/map_maker_bringup/share/colcon-core/packages/map_maker_bringup)
[6.398s] Level 1:colcon.colcon_core.environment:create_environment_scripts_only(map_maker_bringup)
[6.398s] Level 1:colcon.colcon_core.environment:checking '/home/amy/burger_ws1/install/map_maker_bringup' for CMake module files
[6.399s] Level 1:colcon.colcon_core.environment:checking '/home/amy/burger_ws1/install/map_maker_bringup' for CMake config files
[6.399s] Level 1:colcon.colcon_core.shell:create_environment_hook('map_maker_bringup', 'cmake_prefix_path')
[6.399s] INFO:colcon.colcon_core.shell:Creating environment hook '/home/amy/burger_ws1/install/map_maker_bringup/share/map_maker_bringup/hook/cmake_prefix_path.ps1'
[6.400s] INFO:colcon.colcon_core.shell:Creating environment descriptor '/home/amy/burger_ws1/install/map_maker_bringup/share/map_maker_bringup/hook/cmake_prefix_path.dsv'
[6.400s] INFO:colcon.colcon_core.shell:Creating environment hook '/home/amy/burger_ws1/install/map_maker_bringup/share/map_maker_bringup/hook/cmake_prefix_path.sh'
[6.401s] Level 1:colcon.colcon_core.environment:checking '/home/amy/burger_ws1/install/map_maker_bringup/bin'
[6.401s] Level 1:colcon.colcon_core.environment:checking '/home/amy/burger_ws1/install/map_maker_bringup/lib/pkgconfig/map_maker_bringup.pc'
[6.401s] Level 1:colcon.colcon_core.environment:checking '/home/amy/burger_ws1/install/map_maker_bringup/lib/python3.10/site-packages'
[6.402s] Level 1:colcon.colcon_core.environment:checking '/home/amy/burger_ws1/install/map_maker_bringup/bin'
[6.402s] INFO:colcon.colcon_core.shell:Creating package script '/home/amy/burger_ws1/install/map_maker_bringup/share/map_maker_bringup/package.ps1'
[6.403s] INFO:colcon.colcon_core.shell:Creating package descriptor '/home/amy/burger_ws1/install/map_maker_bringup/share/map_maker_bringup/package.dsv'
[6.403s] INFO:colcon.colcon_core.shell:Creating package script '/home/amy/burger_ws1/install/map_maker_bringup/share/map_maker_bringup/package.sh'
[6.404s] INFO:colcon.colcon_core.shell:Creating package script '/home/amy/burger_ws1/install/map_maker_bringup/share/map_maker_bringup/package.bash'
[6.404s] INFO:colcon.colcon_core.shell:Creating package script '/home/amy/burger_ws1/install/map_maker_bringup/share/map_maker_bringup/package.zsh'
[6.404s] Level 1:colcon.colcon_core.environment:create_file_with_runtime_dependencies(/home/amy/burger_ws1/install/map_maker_bringup/share/colcon-core/packages/map_maker_bringup)
[6.405s] DEBUG:colcon.colcon_parallel_executor.executor.parallel:closing loop
[6.417s] DEBUG:colcon.colcon_parallel_executor.executor.parallel:loop closed
[6.417s] DEBUG:colcon.colcon_parallel_executor.executor.parallel:run_until_complete finished with '0'
[6.417s] DEBUG:colcon.colcon_core.event_reactor:joining thread
[6.503s] INFO:colcon.colcon_core.plugin_system:Skipping extension 'colcon_notification.desktop_notification.notify_send': Could not find 'notify-send'
[6.504s] INFO:colcon.colcon_core.plugin_system:Skipping extension 'colcon_notification.desktop_notification.terminal_notifier': Not used on non-Darwin systems
[6.504s] INFO:colcon.colcon_core.plugin_system:Skipping extension 'colcon_notification.desktop_notification.win32': Not used on non-Windows systems
[6.504s] INFO:colcon.colcon_notification.desktop_notification:Sending desktop notification using 'notify2'
[6.508s] DEBUG:colcon.colcon_notification.desktop_notification.notify2:Failed to initialize notify2: org.freedesktop.DBus.Error.ServiceUnknown: The name org.freedesktop.Notifications was not provided by any .service files
[6.508s] DEBUG:colcon.colcon_core.event_reactor:joined thread
[6.509s] INFO:colcon.colcon_core.shell:Creating prefix script '/home/amy/burger_ws1/install/local_setup.ps1'
[6.511s] INFO:colcon.colcon_core.shell:Creating prefix util module '/home/amy/burger_ws1/install/_local_setup_util_ps1.py'
[6.515s] INFO:colcon.colcon_core.shell:Creating prefix chain script '/home/amy/burger_ws1/install/setup.ps1'
[6.526s] INFO:colcon.colcon_core.shell:Creating prefix script '/home/amy/burger_ws1/install/local_setup.sh'
[6.528s] INFO:colcon.colcon_core.shell:Creating prefix util module '/home/amy/burger_ws1/install/_local_setup_util_sh.py'
[6.529s] INFO:colcon.colcon_core.shell:Creating prefix chain script '/home/amy/burger_ws1/install/setup.sh'
[6.531s] INFO:colcon.colcon_core.shell:Creating prefix script '/home/amy/burger_ws1/install/local_setup.bash'
[6.533s] INFO:colcon.colcon_core.shell:Creating prefix chain script '/home/amy/burger_ws1/install/setup.bash'
[6.542s] INFO:colcon.colcon_core.shell:Creating prefix script '/home/amy/burger_ws1/install/local_setup.zsh'
[6.555s] INFO:colcon.colcon_core.shell:Creating prefix chain script '/home/amy/burger_ws1/install/setup.zsh'
