[0.701s] Invoking command in '/home/amy/burger_ws1/build/localization_sanitazation': PYTHONPATH=/home/amy/burger_ws1/build/localization_sanitazation/prefix_override:/usr/lib/python3/dist-packages/colcon_core/task/python/colcon_distutils_commands:/home/amy/burger_ws1/install/localization_sanitazation/lib/python3.10/site-packages:${PYTHONPATH} /usr/bin/python3 -W ignore:setup.py install is deprecated -W ignore:easy_install command is deprecated setup.py develop --editable --build-directory /home/amy/burger_ws1/build/localization_sanitazation/build --no-deps symlink_data --force
[0.929s] running develop
[1.047s] running egg_info
[1.047s] writing localization_sanitazation.egg-info/PKG-INFO
[1.048s] writing dependency_links to localization_sanitazation.egg-info/dependency_links.txt
[1.048s] writing entry points to localization_sanitazation.egg-info/entry_points.txt
[1.048s] writing requirements to localization_sanitazation.egg-info/requires.txt
[1.048s] writing top-level names to localization_sanitazation.egg-info/top_level.txt
[1.049s] reading manifest file 'localization_sanitazation.egg-info/SOURCES.txt'
[1.050s] writing manifest file 'localization_sanitazation.egg-info/SOURCES.txt'
[1.051s] running build_ext
[1.052s] Creating /home/amy/burger_ws1/install/localization_sanitazation/lib/python3.10/site-packages/localization-sanitazation.egg-link (link to .)
[1.052s] Installing FSMcontroller_node script to /home/amy/burger_ws1/install/localization_sanitazation/lib/localization_sanitazation
[1.053s] Installing localization_node script to /home/amy/burger_ws1/install/localization_sanitazation/lib/localization_sanitazation
[1.053s] Installing navigation_node script to /home/amy/burger_ws1/install/localization_sanitazation/lib/localization_sanitazation
[1.053s] Installing sanitization_node script to /home/amy/burger_ws1/install/localization_sanitazation/lib/localization_sanitazation
[1.053s] 
[1.053s] Installed /home/amy/burger_ws1/build/localization_sanitazation
[1.053s] running symlink_data
[1.053s] symbolically linking /home/amy/burger_ws1/build/localization_sanitazation/resource/localization_sanitazation -> /home/amy/burger_ws1/install/localization_sanitazation/share/ament_index/resource_index/packages
[1.054s] symbolically linking /home/amy/burger_ws1/build/localization_sanitazation/package.xml -> /home/amy/burger_ws1/install/localization_sanitazation/share/localization_sanitazation
[1.085s] Invoked command in '/home/amy/burger_ws1/build/localization_sanitazation' returned '0': PYTHONPATH=/home/amy/burger_ws1/build/localization_sanitazation/prefix_override:/usr/lib/python3/dist-packages/colcon_core/task/python/colcon_distutils_commands:/home/amy/burger_ws1/install/localization_sanitazation/lib/python3.10/site-packages:${PYTHONPATH} /usr/bin/python3 -W ignore:setup.py install is deprecated -W ignore:easy_install command is deprecated setup.py develop --editable --build-directory /home/amy/burger_ws1/build/localization_sanitazation/build --no-deps symlink_data --force
