[0.700s] Invoking command in '/home/amy/burger_ws1/build/map_maker': PYTHONPATH=/home/amy/burger_ws1/build/map_maker/prefix_override:/usr/lib/python3/dist-packages/colcon_core/task/python/colcon_distutils_commands:/home/amy/burger_ws1/install/map_maker/lib/python3.10/site-packages:${PYTHONPATH} /usr/bin/python3 -W ignore:setup.py install is deprecated -W ignore:easy_install command is deprecated setup.py develop --editable --build-directory /home/amy/burger_ws1/build/map_maker/build --no-deps symlink_data --force
[0.925s] running develop
[1.050s] running egg_info
[1.051s] writing map_maker.egg-info/PKG-INFO
[1.051s] writing dependency_links to map_maker.egg-info/dependency_links.txt
[1.051s] writing entry points to map_maker.egg-info/entry_points.txt
[1.051s] writing requirements to map_maker.egg-info/requires.txt
[1.051s] writing top-level names to map_maker.egg-info/top_level.txt
[1.053s] reading manifest file 'map_maker.egg-info/SOURCES.txt'
[1.054s] writing manifest file 'map_maker.egg-info/SOURCES.txt'
[1.055s] running build_ext
[1.055s] Creating /home/amy/burger_ws1/install/map_maker/lib/python3.10/site-packages/map-maker.egg-link (link to .)
[1.056s] Installing FSM_controller_node script to /home/amy/burger_ws1/install/map_maker/lib/map_maker
[1.057s] Installing frontier_explorer_node script to /home/amy/burger_ws1/install/map_maker/lib/map_maker
[1.057s] Installing path_planning_navigator_node script to /home/amy/burger_ws1/install/map_maker/lib/map_maker
[1.057s] Installing rotation_node script to /home/amy/burger_ws1/install/map_maker/lib/map_maker
[1.057s] 
[1.057s] Installed /home/amy/burger_ws1/build/map_maker
[1.057s] running symlink_data
[1.057s] symbolically linking /home/amy/burger_ws1/build/map_maker/resource/map_maker -> /home/amy/burger_ws1/install/map_maker/share/ament_index/resource_index/packages
[1.057s] symbolically linking /home/amy/burger_ws1/build/map_maker/package.xml -> /home/amy/burger_ws1/install/map_maker/share/map_maker
[1.089s] Invoked command in '/home/amy/burger_ws1/build/map_maker' returned '0': PYTHONPATH=/home/amy/burger_ws1/build/map_maker/prefix_override:/usr/lib/python3/dist-packages/colcon_core/task/python/colcon_distutils_commands:/home/amy/burger_ws1/install/map_maker/lib/python3.10/site-packages:${PYTHONPATH} /usr/bin/python3 -W ignore:setup.py install is deprecated -W ignore:easy_install command is deprecated setup.py develop --editable --build-directory /home/amy/burger_ws1/build/map_maker/build --no-deps symlink_data --force
