running egg_info
creating ../../build/velocity_controller_pkg/velocity_controller_pkg.egg-info
writing ../../build/velocity_controller_pkg/velocity_controller_pkg.egg-info/PKG-INFO
writing dependency_links to ../../build/velocity_controller_pkg/velocity_controller_pkg.egg-info/dependency_links.txt
writing entry points to ../../build/velocity_controller_pkg/velocity_controller_pkg.egg-info/entry_points.txt
writing requirements to ../../build/velocity_controller_pkg/velocity_controller_pkg.egg-info/requires.txt
writing top-level names to ../../build/velocity_controller_pkg/velocity_controller_pkg.egg-info/top_level.txt
writing manifest file '../../build/velocity_controller_pkg/velocity_controller_pkg.egg-info/SOURCES.txt'
reading manifest file '../../build/velocity_controller_pkg/velocity_controller_pkg.egg-info/SOURCES.txt'
writing manifest file '../../build/velocity_controller_pkg/velocity_controller_pkg.egg-info/SOURCES.txt'
running build
running build_py
creating /home/amy/burger_ws1/build/velocity_controller_pkg/build
creating /home/amy/burger_ws1/build/velocity_controller_pkg/build/lib
creating /home/amy/burger_ws1/build/velocity_controller_pkg/build/lib/velocity_controller_pkg
copying velocity_controller_pkg/__init__.py -> /home/amy/burger_ws1/build/velocity_controller_pkg/build/lib/velocity_controller_pkg
copying velocity_controller_pkg/velocity_controller_node.py -> /home/amy/burger_ws1/build/velocity_controller_pkg/build/lib/velocity_controller_pkg
copying velocity_controller_pkg/velocity_controller_with_FSM_node.py -> /home/amy/burger_ws1/build/velocity_controller_pkg/build/lib/velocity_controller_pkg
running install
running install_lib
creating /home/amy/burger_ws1/install/velocity_controller_pkg/lib/python3.10/site-packages/velocity_controller_pkg
copying /home/amy/burger_ws1/build/velocity_controller_pkg/build/lib/velocity_controller_pkg/__init__.py -> /home/amy/burger_ws1/install/velocity_controller_pkg/lib/python3.10/site-packages/velocity_controller_pkg
copying /home/amy/burger_ws1/build/velocity_controller_pkg/build/lib/velocity_controller_pkg/velocity_controller_node.py -> /home/amy/burger_ws1/install/velocity_controller_pkg/lib/python3.10/site-packages/velocity_controller_pkg
copying /home/amy/burger_ws1/build/velocity_controller_pkg/build/lib/velocity_controller_pkg/velocity_controller_with_FSM_node.py -> /home/amy/burger_ws1/install/velocity_controller_pkg/lib/python3.10/site-packages/velocity_controller_pkg
byte-compiling /home/amy/burger_ws1/install/velocity_controller_pkg/lib/python3.10/site-packages/velocity_controller_pkg/__init__.py to __init__.cpython-310.pyc
byte-compiling /home/amy/burger_ws1/install/velocity_controller_pkg/lib/python3.10/site-packages/velocity_controller_pkg/velocity_controller_node.py to velocity_controller_node.cpython-310.pyc
byte-compiling /home/amy/burger_ws1/install/velocity_controller_pkg/lib/python3.10/site-packages/velocity_controller_pkg/velocity_controller_with_FSM_node.py to velocity_controller_with_FSM_node.cpython-310.pyc
running install_data
creating /home/amy/burger_ws1/install/velocity_controller_pkg/share/ament_index
creating /home/amy/burger_ws1/install/velocity_controller_pkg/share/ament_index/resource_index
creating /home/amy/burger_ws1/install/velocity_controller_pkg/share/ament_index/resource_index/packages
copying resource/velocity_controller_pkg -> /home/amy/burger_ws1/install/velocity_controller_pkg/share/ament_index/resource_index/packages
copying package.xml -> /home/amy/burger_ws1/install/velocity_controller_pkg/share/velocity_controller_pkg
running install_egg_info
Copying ../../build/velocity_controller_pkg/velocity_controller_pkg.egg-info to /home/amy/burger_ws1/install/velocity_controller_pkg/lib/python3.10/site-packages/velocity_controller_pkg-0.0.0-py3.10.egg-info
running install_scripts
Installing velocity_controller_node script to /home/amy/burger_ws1/install/velocity_controller_pkg/lib/velocity_controller_pkg
Installing velocity_controller_with_FSM_node script to /home/amy/burger_ws1/install/velocity_controller_pkg/lib/velocity_controller_pkg
writing list of installed files to '/home/amy/burger_ws1/build/velocity_controller_pkg/install.log'
