/home/amy/burger_ws1/install/sanitization/lib/python3.10/site-packages/sanitization/__init__.py
/home/amy/burger_ws1/install/sanitization/lib/python3.10/site-packages/sanitization/control.py
/home/amy/burger_ws1/install/sanitization/lib/python3.10/site-packages/sanitization/heatmap.py
/home/amy/burger_ws1/install/sanitization/lib/python3.10/site-packages/sanitization/nav_to_pose.py
/home/amy/burger_ws1/install/sanitization/lib/python3.10/site-packages/sanitization/sanitize.py
/home/amy/burger_ws1/install/sanitization/lib/python3.10/site-packages/sanitization/my_control.py
/home/amy/burger_ws1/install/sanitization/lib/python3.10/site-packages/sanitization/example_navigation.py
/home/amy/burger_ws1/install/sanitization/lib/python3.10/site-packages/sanitization/__pycache__/__init__.cpython-310.pyc
/home/amy/burger_ws1/install/sanitization/lib/python3.10/site-packages/sanitization/__pycache__/control.cpython-310.pyc
/home/amy/burger_ws1/install/sanitization/lib/python3.10/site-packages/sanitization/__pycache__/heatmap.cpython-310.pyc
/home/amy/burger_ws1/install/sanitization/lib/python3.10/site-packages/sanitization/__pycache__/nav_to_pose.cpython-310.pyc
/home/amy/burger_ws1/install/sanitization/lib/python3.10/site-packages/sanitization/__pycache__/sanitize.cpython-310.pyc
/home/amy/burger_ws1/install/sanitization/lib/python3.10/site-packages/sanitization/__pycache__/my_control.cpython-310.pyc
/home/amy/burger_ws1/install/sanitization/lib/python3.10/site-packages/sanitization/__pycache__/example_navigation.cpython-310.pyc
/home/amy/burger_ws1/install/sanitization/share/ament_index/resource_index/packages/sanitization
/home/amy/burger_ws1/install/sanitization/share/sanitization/package.xml
/home/amy/burger_ws1/install/sanitization/lib/python3.10/site-packages/sanitization-0.0.0-py3.10.egg-info/PKG-INFO
/home/amy/burger_ws1/install/sanitization/lib/python3.10/site-packages/sanitization-0.0.0-py3.10.egg-info/entry_points.txt
/home/amy/burger_ws1/install/sanitization/lib/python3.10/site-packages/sanitization-0.0.0-py3.10.egg-info/dependency_links.txt
/home/amy/burger_ws1/install/sanitization/lib/python3.10/site-packages/sanitization-0.0.0-py3.10.egg-info/top_level.txt
/home/amy/burger_ws1/install/sanitization/lib/python3.10/site-packages/sanitization-0.0.0-py3.10.egg-info/SOURCES.txt
/home/amy/burger_ws1/install/sanitization/lib/python3.10/site-packages/sanitization-0.0.0-py3.10.egg-info/requires.txt
/home/amy/burger_ws1/install/sanitization/lib/python3.10/site-packages/sanitization-0.0.0-py3.10.egg-info/zip-safe
/home/amy/burger_ws1/install/sanitization/lib/sanitization/control
/home/amy/burger_ws1/install/sanitization/lib/sanitization/example_navigation
/home/amy/burger_ws1/install/sanitization/lib/sanitization/heatmap
/home/amy/burger_ws1/install/sanitization/lib/sanitization/my_control
/home/amy/burger_ws1/install/sanitization/lib/sanitization/nav_to_pose
/home/amy/burger_ws1/install/sanitization/lib/sanitization/sanitize
