[0.046s] Invoking command in '/home/amy/burger_ws1/build/turtlebot3_description': CMAKE_PREFIX_PATH=${CMAKE_PREFIX_PATH}:/home/amy/burger_ws1/install/sanitizer_burger_controller:/home/amy/burger_ws1/install/velocity_controller_pkg:/home/amy/burger_ws1/install/turtlebot3_teleop:/home/amy/burger_ws1/install/turtlebot3_example:/home/amy/burger_ws1/install/map_maker:/opt/ros/humble /usr/bin/cmake /home/amy/burger_ws1/src/turtlebot3/turtlebot3_description -DCMAKE_INSTALL_PREFIX=/home/amy/burger_ws1/install/turtlebot3_description
[0.947s] -- The C compiler identification is GNU 11.4.0
[0.947s] -- The CXX compiler identification is GNU 11.4.0
[0.947s] -- Detecting C compiler ABI info
[0.947s] -- Detecting C compiler ABI info - done
[0.948s] -- Check for working C compiler: /usr/bin/cc - skipped
[0.948s] -- Detecting C compile features
[0.948s] -- Detecting C compile features - done
[0.948s] -- Detecting CXX compiler ABI info
[0.948s] -- Detecting CXX compiler ABI info - done
[0.948s] -- Check for working CXX compiler: /usr/bin/c++ - skipped
[0.948s] -- Detecting CXX compile features
[0.948s] -- Detecting CXX compile features - done
[0.948s] -- Found ament_cmake: 1.3.10 (/opt/ros/humble/share/ament_cmake/cmake)
[0.948s] -- Found Python3: /usr/bin/python3 (found version "3.10.12") found components: Interpreter 
[0.985s] -- Found urdf: 2.6.1 (/opt/ros/humble/share/urdf/cmake)
[1.980s] -- Configuring done
[1.982s] -- Generating done
[1.984s] -- Build files have been written to: /home/amy/burger_ws1/build/turtlebot3_description
[2.177s] Invoked command in '/home/amy/burger_ws1/build/turtlebot3_description' returned '0': CMAKE_PREFIX_PATH=${CMAKE_PREFIX_PATH}:/home/amy/burger_ws1/install/sanitizer_burger_controller:/home/amy/burger_ws1/install/velocity_controller_pkg:/home/amy/burger_ws1/install/turtlebot3_teleop:/home/amy/burger_ws1/install/turtlebot3_example:/home/amy/burger_ws1/install/map_maker:/opt/ros/humble /usr/bin/cmake /home/amy/burger_ws1/src/turtlebot3/turtlebot3_description -DCMAKE_INSTALL_PREFIX=/home/amy/burger_ws1/install/turtlebot3_description
[2.178s] Invoking command in '/home/amy/burger_ws1/build/turtlebot3_description': CMAKE_PREFIX_PATH=${CMAKE_PREFIX_PATH}:/home/amy/burger_ws1/install/sanitizer_burger_controller:/home/amy/burger_ws1/install/velocity_controller_pkg:/home/amy/burger_ws1/install/turtlebot3_teleop:/home/amy/burger_ws1/install/turtlebot3_example:/home/amy/burger_ws1/install/map_maker:/opt/ros/humble /usr/bin/cmake --build /home/amy/burger_ws1/build/turtlebot3_description -- -j8 -l8
[2.203s] Invoked command in '/home/amy/burger_ws1/build/turtlebot3_description' returned '0': CMAKE_PREFIX_PATH=${CMAKE_PREFIX_PATH}:/home/amy/burger_ws1/install/sanitizer_burger_controller:/home/amy/burger_ws1/install/velocity_controller_pkg:/home/amy/burger_ws1/install/turtlebot3_teleop:/home/amy/burger_ws1/install/turtlebot3_example:/home/amy/burger_ws1/install/map_maker:/opt/ros/humble /usr/bin/cmake --build /home/amy/burger_ws1/build/turtlebot3_description -- -j8 -l8
[2.205s] Invoking command in '/home/amy/burger_ws1/build/turtlebot3_description': CMAKE_PREFIX_PATH=${CMAKE_PREFIX_PATH}:/home/amy/burger_ws1/install/sanitizer_burger_controller:/home/amy/burger_ws1/install/velocity_controller_pkg:/home/amy/burger_ws1/install/turtlebot3_teleop:/home/amy/burger_ws1/install/turtlebot3_example:/home/amy/burger_ws1/install/map_maker:/opt/ros/humble /usr/bin/cmake --install /home/amy/burger_ws1/build/turtlebot3_description
[2.210s] -- Install configuration: ""
[2.210s] -- Installing: /home/amy/burger_ws1/install/turtlebot3_description/share/turtlebot3_description/meshes
[2.212s] -- Installing: /home/amy/burger_ws1/install/turtlebot3_description/share/turtlebot3_description/meshes/sensors
[2.213s] -- Installing: /home/amy/burger_ws1/install/turtlebot3_description/share/turtlebot3_description/meshes/sensors/astra.dae
[2.241s] -- Installing: /home/amy/burger_ws1/install/turtlebot3_description/share/turtlebot3_description/meshes/sensors/r200.dae
[2.243s] -- Installing: /home/amy/burger_ws1/install/turtlebot3_description/share/turtlebot3_description/meshes/sensors/astra.jpg
[2.243s] -- Installing: /home/amy/burger_ws1/install/turtlebot3_description/share/turtlebot3_description/meshes/sensors/lds.stl
[2.246s] -- Installing: /home/amy/burger_ws1/install/turtlebot3_description/share/turtlebot3_description/meshes/sensors/r200.jpg
[2.246s] -- Installing: /home/amy/burger_ws1/install/turtlebot3_description/share/turtlebot3_description/meshes/bases
[2.247s] -- Installing: /home/amy/burger_ws1/install/turtlebot3_description/share/turtlebot3_description/meshes/bases/waffle_pi_base.stl
[2.283s] -- Installing: /home/amy/burger_ws1/install/turtlebot3_description/share/turtlebot3_description/meshes/bases/waffle_base.stl
[2.344s] -- Installing: /home/amy/burger_ws1/install/turtlebot3_description/share/turtlebot3_description/meshes/bases/burger_base.stl
[2.359s] -- Installing: /home/amy/burger_ws1/install/turtlebot3_description/share/turtlebot3_description/meshes/wheels
[2.360s] -- Installing: /home/amy/burger_ws1/install/turtlebot3_description/share/turtlebot3_description/meshes/wheels/right_tire.stl
[2.364s] -- Installing: /home/amy/burger_ws1/install/turtlebot3_description/share/turtlebot3_description/meshes/wheels/left_tire.stl
[2.369s] -- Installing: /home/amy/burger_ws1/install/turtlebot3_description/share/turtlebot3_description/rviz
[2.369s] -- Installing: /home/amy/burger_ws1/install/turtlebot3_description/share/turtlebot3_description/rviz/model.rviz
[2.370s] -- Installing: /home/amy/burger_ws1/install/turtlebot3_description/share/turtlebot3_description/urdf
[2.371s] -- Installing: /home/amy/burger_ws1/install/turtlebot3_description/share/turtlebot3_description/urdf/turtlebot3_waffle.urdf
[2.371s] -- Installing: /home/amy/burger_ws1/install/turtlebot3_description/share/turtlebot3_description/urdf/turtlebot3_burger.urdf
[2.371s] -- Installing: /home/amy/burger_ws1/install/turtlebot3_description/share/turtlebot3_description/urdf/common_properties.urdf
[2.372s] -- Installing: /home/amy/burger_ws1/install/turtlebot3_description/share/turtlebot3_description/urdf/turtlebot3_waffle_pi.urdf
[2.372s] -- Installing: /home/amy/burger_ws1/install/turtlebot3_description/share/ament_index/resource_index/package_run_dependencies/turtlebot3_description
[2.372s] -- Installing: /home/amy/burger_ws1/install/turtlebot3_description/share/ament_index/resource_index/parent_prefix_path/turtlebot3_description
[2.373s] -- Installing: /home/amy/burger_ws1/install/turtlebot3_description/share/turtlebot3_description/environment/ament_prefix_path.sh
[2.373s] -- Installing: /home/amy/burger_ws1/install/turtlebot3_description/share/turtlebot3_description/environment/ament_prefix_path.dsv
[2.373s] -- Installing: /home/amy/burger_ws1/install/turtlebot3_description/share/turtlebot3_description/environment/path.sh
[2.373s] -- Installing: /home/amy/burger_ws1/install/turtlebot3_description/share/turtlebot3_description/environment/path.dsv
[2.373s] -- Installing: /home/amy/burger_ws1/install/turtlebot3_description/share/turtlebot3_description/local_setup.bash
[2.373s] -- Installing: /home/amy/burger_ws1/install/turtlebot3_description/share/turtlebot3_description/local_setup.sh
[2.374s] -- Installing: /home/amy/burger_ws1/install/turtlebot3_description/share/turtlebot3_description/local_setup.zsh
[2.374s] -- Installing: /home/amy/burger_ws1/install/turtlebot3_description/share/turtlebot3_description/local_setup.dsv
[2.374s] -- Installing: /home/amy/burger_ws1/install/turtlebot3_description/share/turtlebot3_description/package.dsv
[2.374s] -- Installing: /home/amy/burger_ws1/install/turtlebot3_description/share/ament_index/resource_index/packages/turtlebot3_description
[2.374s] -- Installing: /home/amy/burger_ws1/install/turtlebot3_description/share/turtlebot3_description/cmake/turtlebot3_descriptionConfig.cmake
[2.374s] -- Installing: /home/amy/burger_ws1/install/turtlebot3_description/share/turtlebot3_description/cmake/turtlebot3_descriptionConfig-version.cmake
[2.374s] -- Installing: /home/amy/burger_ws1/install/turtlebot3_description/share/turtlebot3_description/package.xml
[2.376s] Invoked command in '/home/amy/burger_ws1/build/turtlebot3_description' returned '0': CMAKE_PREFIX_PATH=${CMAKE_PREFIX_PATH}:/home/amy/burger_ws1/install/sanitizer_burger_controller:/home/amy/burger_ws1/install/velocity_controller_pkg:/home/amy/burger_ws1/install/turtlebot3_teleop:/home/amy/burger_ws1/install/turtlebot3_example:/home/amy/burger_ws1/install/map_maker:/opt/ros/humble /usr/bin/cmake --install /home/amy/burger_ws1/build/turtlebot3_description
