[5.131s] Invoking command in '/home/amy/burger_ws1/src/map_maker': PYTHONPATH=/home/amy/burger_ws1/build/map_maker/prefix_override:/usr/lib/python3/dist-packages/colcon_core/task/python/colcon_distutils_commands:/home/amy/burger_ws1/install/map_maker/lib/python3.10/site-packages:${PYTHONPATH} /usr/bin/python3 -W ignore:setup.py install is deprecated -W ignore:easy_install command is deprecated setup.py egg_info --egg-base ../../build/map_maker build --build-base /home/amy/burger_ws1/build/map_maker/build install --record /home/amy/burger_ws1/build/map_maker/install.log --single-version-externally-managed install_data
[6.341s] running egg_info
[6.344s] writing ../../build/map_maker/map_maker.egg-info/PKG-INFO
[6.345s] writing dependency_links to ../../build/map_maker/map_maker.egg-info/dependency_links.txt
[6.345s] writing entry points to ../../build/map_maker/map_maker.egg-info/entry_points.txt
[6.345s] writing requirements to ../../build/map_maker/map_maker.egg-info/requires.txt
[6.346s] writing top-level names to ../../build/map_maker/map_maker.egg-info/top_level.txt
[6.358s] reading manifest file '../../build/map_maker/map_maker.egg-info/SOURCES.txt'
[6.361s] writing manifest file '../../build/map_maker/map_maker.egg-info/SOURCES.txt'
[6.361s] running build
[6.361s] running build_py
[6.363s] running install
[6.364s] running install_lib
[6.370s] running install_data
[6.371s] running install_egg_info
[6.391s] removing '/home/amy/burger_ws1/install/map_maker/lib/python3.10/site-packages/map_maker-0.0.0-py3.10.egg-info' (and everything under it)
[6.404s] Copying ../../build/map_maker/map_maker.egg-info to /home/amy/burger_ws1/install/map_maker/lib/python3.10/site-packages/map_maker-0.0.0-py3.10.egg-info
[6.428s] running install_scripts
[6.485s] Installing FSM_controller_node script to /home/amy/burger_ws1/install/map_maker/lib/map_maker
[6.487s] Installing frontier_explorer_node script to /home/amy/burger_ws1/install/map_maker/lib/map_maker
[6.488s] Installing path_planning_navigator_node script to /home/amy/burger_ws1/install/map_maker/lib/map_maker
[6.497s] Installing rotation_node script to /home/amy/burger_ws1/install/map_maker/lib/map_maker
[6.498s] writing list of installed files to '/home/amy/burger_ws1/build/map_maker/install.log'
[6.622s] Invoked command in '/home/amy/burger_ws1/src/map_maker' returned '0': PYTHONPATH=/home/amy/burger_ws1/build/map_maker/prefix_override:/usr/lib/python3/dist-packages/colcon_core/task/python/colcon_distutils_commands:/home/amy/burger_ws1/install/map_maker/lib/python3.10/site-packages:${PYTHONPATH} /usr/bin/python3 -W ignore:setup.py install is deprecated -W ignore:easy_install command is deprecated setup.py egg_info --egg-base ../../build/map_maker build --build-base /home/amy/burger_ws1/build/map_maker/build install --record /home/amy/burger_ws1/build/map_maker/install.log --single-version-externally-managed install_data
