[5.226s] Invoking command in '/home/amy/burger_ws1/src/localization_sanitazation': PYTHONPATH=/home/amy/burger_ws1/build/localization_sanitazation/prefix_override:/usr/lib/python3/dist-packages/colcon_core/task/python/colcon_distutils_commands:/home/amy/burger_ws1/install/localization_sanitazation/lib/python3.10/site-packages:${PYTHONPATH} /usr/bin/python3 -W ignore:setup.py install is deprecated -W ignore:easy_install command is deprecated setup.py egg_info --egg-base ../../build/localization_sanitazation build --build-base /home/amy/burger_ws1/build/localization_sanitazation/build install --record /home/amy/burger_ws1/build/localization_sanitazation/install.log --single-version-externally-managed install_data
[6.216s] running egg_info
[6.219s] writing ../../build/localization_sanitazation/localization_sanitazation.egg-info/PKG-INFO
[6.220s] writing dependency_links to ../../build/localization_sanitazation/localization_sanitazation.egg-info/dependency_links.txt
[6.221s] writing entry points to ../../build/localization_sanitazation/localization_sanitazation.egg-info/entry_points.txt
[6.221s] writing requirements to ../../build/localization_sanitazation/localization_sanitazation.egg-info/requires.txt
[6.221s] writing top-level names to ../../build/localization_sanitazation/localization_sanitazation.egg-info/top_level.txt
[6.227s] reading manifest file '../../build/localization_sanitazation/localization_sanitazation.egg-info/SOURCES.txt'
[6.232s] writing manifest file '../../build/localization_sanitazation/localization_sanitazation.egg-info/SOURCES.txt'
[6.232s] running build
[6.251s] running build_py
[6.252s] running install
[6.252s] running install_lib
[6.252s] running install_data
[6.253s] running install_egg_info
[6.253s] removing '/home/amy/burger_ws1/install/localization_sanitazation/lib/python3.10/site-packages/localization_sanitazation-0.0.0-py3.10.egg-info' (and everything under it)
[6.253s] Copying ../../build/localization_sanitazation/localization_sanitazation.egg-info to /home/amy/burger_ws1/install/localization_sanitazation/lib/python3.10/site-packages/localization_sanitazation-0.0.0-py3.10.egg-info
[6.253s] running install_scripts
[6.326s] Installing FSMcontroller_node script to /home/amy/burger_ws1/install/localization_sanitazation/lib/localization_sanitazation
[6.327s] Installing localization_node script to /home/amy/burger_ws1/install/localization_sanitazation/lib/localization_sanitazation
[6.328s] Installing navigation_node script to /home/amy/burger_ws1/install/localization_sanitazation/lib/localization_sanitazation
[6.328s] Installing sanitization_node script to /home/amy/burger_ws1/install/localization_sanitazation/lib/localization_sanitazation
[6.331s] writing list of installed files to '/home/amy/burger_ws1/build/localization_sanitazation/install.log'
[6.404s] Invoked command in '/home/amy/burger_ws1/src/localization_sanitazation' returned '0': PYTHONPATH=/home/amy/burger_ws1/build/localization_sanitazation/prefix_override:/usr/lib/python3/dist-packages/colcon_core/task/python/colcon_distutils_commands:/home/amy/burger_ws1/install/localization_sanitazation/lib/python3.10/site-packages:${PYTHONPATH} /usr/bin/python3 -W ignore:setup.py install is deprecated -W ignore:easy_install command is deprecated setup.py egg_info --egg-base ../../build/localization_sanitazation build --build-base /home/amy/burger_ws1/build/localization_sanitazation/build install --record /home/amy/burger_ws1/build/localization_sanitazation/install.log --single-version-externally-managed install_data
