running egg_info
writing ../../build/sanitizer_burger_controller/sanitizer_burger_controller.egg-info/PKG-INFO
writing dependency_links to ../../build/sanitizer_burger_controller/sanitizer_burger_controller.egg-info/dependency_links.txt
writing entry points to ../../build/sanitizer_burger_controller/sanitizer_burger_controller.egg-info/entry_points.txt
writing requirements to ../../build/sanitizer_burger_controller/sanitizer_burger_controller.egg-info/requires.txt
writing top-level names to ../../build/sanitizer_burger_controller/sanitizer_burger_controller.egg-info/top_level.txt
reading manifest file '../../build/sanitizer_burger_controller/sanitizer_burger_controller.egg-info/SOURCES.txt'
writing manifest file '../../build/sanitizer_burger_controller/sanitizer_burger_controller.egg-info/SOURCES.txt'
running build
running build_py
running install
running install_lib
running install_data
running install_egg_info
removing '/home/amy/burger_ws1/install/sanitizer_burger_controller/lib/python3.10/site-packages/sanitizer_burger_controller-0.0.0-py3.10.egg-info' (and everything under it)
Copying ../../build/sanitizer_burger_controller/sanitizer_burger_controller.egg-info to /home/amy/burger_ws1/install/sanitizer_burger_controller/lib/python3.10/site-packages/sanitizer_burger_controller-0.0.0-py3.10.egg-info
running install_scripts
Installing basic_navigator_node script to /home/amy/burger_ws1/install/sanitizer_burger_controller/lib/sanitizer_burger_controller
Installing basic_sanitizer_navigator_node script to /home/amy/burger_ws1/install/sanitizer_burger_controller/lib/sanitizer_burger_controller
Installing exploration_node script to /home/amy/burger_ws1/install/sanitizer_burger_controller/lib/sanitizer_burger_controller
Installing uv_sanitization_nod script to /home/amy/burger_ws1/install/sanitizer_burger_controller/lib/sanitizer_burger_controller
writing list of installed files to '/home/amy/burger_ws1/build/sanitizer_burger_controller/install.log'
